2025-07-24 00:45:33,398 - INFO - Starting training for xh...
2025-07-24 00:45:33,417 - DEBUG - Registered checkpoint save hook for _save
2025-07-24 00:45:33,418 - DEBUG - Registered checkpoint load hook for _recover
2025-07-24 00:45:33,419 - INFO - Tokenizer is already trained.
2025-07-24 00:45:33,421 - INFO - ==== Loading Tokenizer ===
2025-07-24 00:45:33,421 - INFO - Tokenizer path: D:\Model-Finetuning\speechbrain\model\xhosa_speechbrain\1024_unigram.model
2025-07-24 00:45:33,421 - INFO - Tokenizer vocab_size: 1024
2025-07-24 00:45:33,421 - INFO - Tokenizer type: unigram
2025-07-24 00:45:33,694 - INFO - Run option max_grad_norm from hparams is used
2025-07-24 00:45:33,698 - INFO - Gradscaler enabled: `False`
2025-07-24 00:45:33,698 - INFO - Using training precision: `--precision=fp32`
2025-07-24 00:45:33,698 - INFO - Using evaluation precision: `--eval_precision=fp32`
2025-07-24 00:45:33,699 - INFO - ASRBrain Model Statistics:
* Total Number of Trainable Parameters: 45.2M
* Total Number of Parameters: 45.2M
* Trainable Parameters represent 100.0000% of the total size.
2025-07-24 00:45:35,636 - INFO - Loading a checkpoint from D:\Model-Finetuning\speechbrain\model\xhosa_speechbrain\CKPT+2025-07-24+00-44-31+00
2025-07-24 00:45:36,052 - INFO - Going into epoch 1
2025-07-24 00:46:02,742 - INFO - Saved an end-of-epoch checkpoint in D:\Model-Finetuning\speechbrain\model\xhosa_speechbrain\CKPT+2025-07-24+00-46-00+00
2025-07-24 00:46:02,743 - INFO - Training completed for xh. Model saved to D:\Model-Finetuning\speechbrain\model\xhosa_speechbrain
