2025-07-23 22:26:12,955 - INFO - Starting training for xh...
2025-07-23 22:26:12,968 - DEBUG - Registered checkpoint save hook for _save
2025-07-23 22:26:12,968 - DEBUG - Registered checkpoint load hook for _recover
2025-07-23 22:26:12,972 - INFO - Tokenizer is already trained.
2025-07-23 22:26:12,972 - INFO - ==== Loading Tokenizer ===
2025-07-23 22:26:12,972 - INFO - Tokenizer path: D:\Model-Finetuning\speechbrain\model\xhosa_speechbrain\1024_unigram.model
2025-07-23 22:26:12,973 - INFO - Tokenizer vocab_size: 1024
2025-07-23 22:26:12,973 - INFO - Tokenizer type: unigram
2025-07-23 22:26:13,175 - INFO - Run option max_grad_norm from hparams is used
2025-07-23 22:26:13,180 - INFO - Gradscaler enabled: `False`
2025-07-23 22:26:13,180 - INFO - Using training precision: `--precision=fp32`
2025-07-23 22:26:13,180 - INFO - Using evaluation precision: `--eval_precision=fp32`
2025-07-23 22:26:13,181 - INFO - ASRBrain Model Statistics:
* Total Number of Trainable Parameters: 45.2M
* Total Number of Parameters: 45.2M
* Trainable Parameters represent 100.0000% of the total size.
2025-07-23 22:26:14,461 - INFO - Would load a checkpoint here, but none found yet.
2025-07-23 22:26:14,462 - INFO - Going into epoch 1
2025-07-23 22:26:41,553 - INFO - Going into epoch 2
2025-07-23 22:27:10,058 - INFO - Going into epoch 3
2025-07-23 22:27:44,603 - INFO - Going into epoch 4
2025-07-23 22:28:16,911 - INFO - Going into epoch 5
2025-07-23 22:28:48,852 - INFO - Going into epoch 6
2025-07-23 22:29:24,275 - INFO - Going into epoch 7
2025-07-23 22:30:00,886 - INFO - Going into epoch 8
2025-07-23 22:30:37,062 - INFO - Going into epoch 9
2025-07-23 22:31:10,967 - INFO - Going into epoch 10
