2025-07-23 22:38:39,711 - INFO - Starting training for xh...
2025-07-23 22:38:39,726 - DEBUG - Registered checkpoint save hook for _save
2025-07-23 22:38:39,727 - DEBUG - Registered checkpoint load hook for _recover
2025-07-23 22:38:39,730 - INFO - Tokenizer is already trained.
2025-07-23 22:38:39,730 - INFO - ==== Loading Tokenizer ===
2025-07-23 22:38:39,731 - INFO - Tokenizer path: D:\Model-Finetuning\speechbrain\model\xhosa_speechbrain\1024_unigram.model
2025-07-23 22:38:39,731 - INFO - Tokenizer vocab_size: 1024
2025-07-23 22:38:39,731 - INFO - Tokenizer type: unigram
2025-07-23 22:38:39,924 - INFO - Run option max_grad_norm from hparams is used
2025-07-23 22:38:39,928 - INFO - Gradscaler enabled: `False`
2025-07-23 22:38:39,928 - INFO - Using training precision: `--precision=fp32`
2025-07-23 22:38:39,928 - INFO - Using evaluation precision: `--eval_precision=fp32`
2025-07-23 22:38:39,929 - INFO - ASRBrain Model Statistics:
* Total Number of Trainable Parameters: 45.2M
* Total Number of Parameters: 45.2M
* Trainable Parameters represent 100.0000% of the total size.
2025-07-23 22:38:41,315 - INFO - Would load a checkpoint here, but none found yet.
2025-07-23 22:38:41,315 - INFO - Going into epoch 1
2025-07-23 22:51:14,733 - INFO - Going into epoch 2
2025-07-23 23:03:09,452 - INFO - Going into epoch 3
2025-07-23 23:16:12,266 - INFO - Going into epoch 4
2025-07-23 23:29:29,645 - INFO - Going into epoch 5
2025-07-23 23:42:47,622 - INFO - Going into epoch 6
