2025-09-12 22:51:26,750 - INFO - Starting inference for xhosa at 2025-09-12 22:51:26
2025-09-12 22:51:26,751 - INFO - Found 7 multilingual models for xh: ['nguni_multilingual_zu_xh_wav2vec2', 'nguni_multilingual_zu_xh_nbl_ssw_wav2vec2', 'nguni_multilingual_zu_xh_nbl_wav2vec2', 'nguni_multilingual_xh_ssw_wav2vec2', 'nguni_multilingual_zu_xh_ssw_wav2vec2', 'nguni_multilingual_xh_nbl_wav2vec2', 'nguni_multilingual_xh_nbl_ssw_wav2vec2']
2025-09-12 22:51:26,760 - INFO - Loaded 5140 entries from D:\Model-Finetuning\wav2vec2\data\xhosa_unseen.json
2025-09-12 22:51:26,760 - INFO - Loading model from D:\Model-Finetuning\wav2vec2\model\nguni_multilingual_zu_xh_wav2vec2
2025-09-12 22:51:30,347 - INFO - Model loaded successfully for nguni_multilingual_zu_xh_wav2vec2
2025-09-12 22:52:12,072 - INFO - Saved results to D:\Model-Finetuning\wav2vec2\error_analysis\xhosa_nguni_multilingual_zu_xh_wav2vec2_inference.json
2025-09-12 22:52:12,074 - INFO - Loading model from D:\Model-Finetuning\wav2vec2\model\nguni_multilingual_zu_xh_nbl_ssw_wav2vec2
2025-09-12 22:52:15,989 - INFO - Model loaded successfully for nguni_multilingual_zu_xh_nbl_ssw_wav2vec2
2025-09-12 22:52:56,548 - INFO - Saved results to D:\Model-Finetuning\wav2vec2\error_analysis\xhosa_nguni_multilingual_zu_xh_nbl_ssw_wav2vec2_inference.json
2025-09-12 22:52:56,548 - INFO - Loading model from D:\Model-Finetuning\wav2vec2\model\nguni_multilingual_zu_xh_nbl_wav2vec2
2025-09-12 22:53:00,191 - INFO - Model loaded successfully for nguni_multilingual_zu_xh_nbl_wav2vec2
2025-09-12 22:53:40,116 - INFO - Saved results to D:\Model-Finetuning\wav2vec2\error_analysis\xhosa_nguni_multilingual_zu_xh_nbl_wav2vec2_inference.json
2025-09-12 22:53:40,116 - INFO - Loading model from D:\Model-Finetuning\wav2vec2\model\nguni_multilingual_xh_ssw_wav2vec2
2025-09-12 22:53:43,716 - INFO - Model loaded successfully for nguni_multilingual_xh_ssw_wav2vec2
2025-09-12 22:54:25,529 - INFO - Saved results to D:\Model-Finetuning\wav2vec2\error_analysis\xhosa_nguni_multilingual_xh_ssw_wav2vec2_inference.json
2025-09-12 22:54:25,530 - INFO - Loading model from D:\Model-Finetuning\wav2vec2\model\nguni_multilingual_zu_xh_ssw_wav2vec2
2025-09-12 22:54:29,237 - INFO - Model loaded successfully for nguni_multilingual_zu_xh_ssw_wav2vec2
2025-09-12 22:55:10,257 - INFO - Saved results to D:\Model-Finetuning\wav2vec2\error_analysis\xhosa_nguni_multilingual_zu_xh_ssw_wav2vec2_inference.json
2025-09-12 22:55:10,257 - INFO - Loading model from D:\Model-Finetuning\wav2vec2\model\nguni_multilingual_xh_nbl_wav2vec2
2025-09-12 22:55:13,897 - INFO - Model loaded successfully for nguni_multilingual_xh_nbl_wav2vec2
2025-09-12 22:55:54,775 - INFO - Saved results to D:\Model-Finetuning\wav2vec2\error_analysis\xhosa_nguni_multilingual_xh_nbl_wav2vec2_inference.json
2025-09-12 22:55:54,775 - INFO - Loading model from D:\Model-Finetuning\wav2vec2\model\nguni_multilingual_xh_nbl_ssw_wav2vec2
2025-09-12 22:55:58,445 - INFO - Model loaded successfully for nguni_multilingual_xh_nbl_ssw_wav2vec2
2025-09-12 22:56:39,778 - INFO - Saved results to D:\Model-Finetuning\wav2vec2\error_analysis\xhosa_nguni_multilingual_xh_nbl_ssw_wav2vec2_inference.json
2025-09-12 22:56:39,780 - INFO - Inference completed for xhosa. Results saved to D:\Model-Finetuning\wav2vec2\error_analysis\xh_inference_results.json.
