2025-12-14 20:09:51,639 - INFO - Starting inference for zulu at 2025-12-14 20:09:51
2025-12-14 20:09:51,702 - INFO - Found 7 multilingual models for zu: ['nguni_multilingual_zu_xh_wav2vec2', 'nguni_multilingual_zu_xh_nbl_ssw_wav2vec2', 'nguni_multilingual_zu_xh_nbl_wav2vec2', 'nguni_multilingual_zu_nbl_wav2vec2', 'nguni_multilingual_zu_ssw_wav2vec2', 'nguni_multilingual_zu_xh_ssw_wav2vec2', 'nguni_multilingual_zu_nbl_ssw_wav2vec2']
2025-12-14 20:09:51,811 - INFO - Loaded 4683 entries from /mnt/d/Model-Finetuning/wav2vec2/data/zulu_unseen.json
2025-12-14 20:09:51,849 - INFO - Loaded 4468 entries from /mnt/d/Model-Finetuning/wav2vec2/data/nchlt_zulu_test.json
2025-12-14 20:09:51,853 - INFO - Loading Acoustic model from /mnt/d/Model-Finetuning/wav2vec2/model/nguni_multilingual_zu_xh_wav2vec2
2025-12-14 20:09:51,853 - INFO - Loading Language Model from /mnt/d/Model-Finetuning/wav2vec2/zulu_3gram.arpa
2025-12-14 20:09:53,184 - INFO - Model loaded successfully for nguni_multilingual_zu_xh_wav2vec2
2025-12-14 20:09:53,289 - INFO - Using arpa instead of binary LM file, decoder instantiation might be slow.
2025-12-14 20:09:53,337 - INFO - Alphabet determined to be of regular style.
2025-12-14 20:09:53,337 - INFO - Found '|' in vocabulary but not ' ', doing substitution.
2025-12-14 20:09:53,338 - INFO - Found [PAD] in vocabulary, interpreted as a CTC blank token, substituting with .
2025-12-14 20:09:53,338 - INFO - Found [UNK] in vocabulary, interpreting as unknown token, substituting with ⁇.
2025-12-14 20:09:53,339 - WARNING - Found entries of length > 1 in alphabet. This is unusual unless style is BPE, but the alphabet was not recognized as BPE type. Is this correct?
2025-12-14 20:12:23,117 - INFO - Saved results to /mnt/d/Model-Finetuning/wav2vec2/error_analysis/zulu_nguni_multilingual_zu_xh_wav2vec2_inference.json
2025-12-14 20:12:23,119 - INFO - Loading Acoustic model from /mnt/d/Model-Finetuning/wav2vec2/model/nguni_multilingual_zu_xh_nbl_ssw_wav2vec2
2025-12-14 20:12:23,119 - INFO - Loading Language Model from /mnt/d/Model-Finetuning/wav2vec2/zulu_3gram.arpa
2025-12-14 20:12:24,079 - INFO - Model loaded successfully for nguni_multilingual_zu_xh_nbl_ssw_wav2vec2
2025-12-14 20:12:24,385 - INFO - Using arpa instead of binary LM file, decoder instantiation might be slow.
2025-12-14 20:12:24,505 - INFO - Alphabet determined to be of regular style.
2025-12-14 20:12:24,506 - INFO - Found '|' in vocabulary but not ' ', doing substitution.
2025-12-14 20:12:24,507 - INFO - Found [PAD] in vocabulary, interpreted as a CTC blank token, substituting with .
2025-12-14 20:12:24,514 - INFO - Found [UNK] in vocabulary, interpreting as unknown token, substituting with ⁇.
2025-12-14 20:12:24,515 - WARNING - Found entries of length > 1 in alphabet. This is unusual unless style is BPE, but the alphabet was not recognized as BPE type. Is this correct?
2025-12-14 20:14:34,963 - INFO - Saved results to /mnt/d/Model-Finetuning/wav2vec2/error_analysis/zulu_nguni_multilingual_zu_xh_nbl_ssw_wav2vec2_inference.json
2025-12-14 20:14:34,965 - INFO - Loading Acoustic model from /mnt/d/Model-Finetuning/wav2vec2/model/nguni_multilingual_zu_xh_nbl_wav2vec2
2025-12-14 20:14:34,966 - INFO - Loading Language Model from /mnt/d/Model-Finetuning/wav2vec2/zulu_3gram.arpa
2025-12-14 20:14:36,085 - INFO - Model loaded successfully for nguni_multilingual_zu_xh_nbl_wav2vec2
2025-12-14 20:14:36,257 - INFO - Using arpa instead of binary LM file, decoder instantiation might be slow.
2025-12-14 20:14:36,319 - INFO - Alphabet determined to be of regular style.
2025-12-14 20:14:36,320 - INFO - Found '|' in vocabulary but not ' ', doing substitution.
2025-12-14 20:14:36,321 - INFO - Found [PAD] in vocabulary, interpreted as a CTC blank token, substituting with .
2025-12-14 20:14:36,321 - INFO - Found [UNK] in vocabulary, interpreting as unknown token, substituting with ⁇.
2025-12-14 20:14:36,322 - WARNING - Found entries of length > 1 in alphabet. This is unusual unless style is BPE, but the alphabet was not recognized as BPE type. Is this correct?
2025-12-14 20:16:51,070 - INFO - Saved results to /mnt/d/Model-Finetuning/wav2vec2/error_analysis/zulu_nguni_multilingual_zu_xh_nbl_wav2vec2_inference.json
2025-12-14 20:16:51,073 - INFO - Loading Acoustic model from /mnt/d/Model-Finetuning/wav2vec2/model/nguni_multilingual_zu_nbl_wav2vec2
2025-12-14 20:16:51,074 - INFO - Loading Language Model from /mnt/d/Model-Finetuning/wav2vec2/zulu_3gram.arpa
2025-12-14 20:16:52,362 - INFO - Model loaded successfully for nguni_multilingual_zu_nbl_wav2vec2
2025-12-14 20:16:52,494 - INFO - Using arpa instead of binary LM file, decoder instantiation might be slow.
2025-12-14 20:16:52,547 - INFO - Alphabet determined to be of regular style.
2025-12-14 20:16:52,547 - INFO - Found '|' in vocabulary but not ' ', doing substitution.
2025-12-14 20:16:52,548 - INFO - Found [PAD] in vocabulary, interpreted as a CTC blank token, substituting with .
2025-12-14 20:16:52,549 - INFO - Found [UNK] in vocabulary, interpreting as unknown token, substituting with ⁇.
2025-12-14 20:16:52,550 - WARNING - Found entries of length > 1 in alphabet. This is unusual unless style is BPE, but the alphabet was not recognized as BPE type. Is this correct?
2025-12-14 20:19:10,378 - INFO - Saved results to /mnt/d/Model-Finetuning/wav2vec2/error_analysis/zulu_nguni_multilingual_zu_nbl_wav2vec2_inference.json
2025-12-14 20:19:10,379 - INFO - Loading Acoustic model from /mnt/d/Model-Finetuning/wav2vec2/model/nguni_multilingual_zu_ssw_wav2vec2
2025-12-14 20:19:10,380 - INFO - Loading Language Model from /mnt/d/Model-Finetuning/wav2vec2/zulu_3gram.arpa
2025-12-14 20:19:11,378 - INFO - Model loaded successfully for nguni_multilingual_zu_ssw_wav2vec2
2025-12-14 20:19:11,522 - INFO - Using arpa instead of binary LM file, decoder instantiation might be slow.
2025-12-14 20:19:11,552 - INFO - Alphabet determined to be of regular style.
2025-12-14 20:19:11,552 - INFO - Found '|' in vocabulary but not ' ', doing substitution.
2025-12-14 20:19:11,553 - INFO - Found [PAD] in vocabulary, interpreted as a CTC blank token, substituting with .
2025-12-14 20:19:11,553 - INFO - Found [UNK] in vocabulary, interpreting as unknown token, substituting with ⁇.
2025-12-14 20:19:11,553 - WARNING - Found entries of length > 1 in alphabet. This is unusual unless style is BPE, but the alphabet was not recognized as BPE type. Is this correct?
2025-12-14 20:21:17,240 - INFO - Saved results to /mnt/d/Model-Finetuning/wav2vec2/error_analysis/zulu_nguni_multilingual_zu_ssw_wav2vec2_inference.json
2025-12-14 20:21:17,243 - INFO - Loading Acoustic model from /mnt/d/Model-Finetuning/wav2vec2/model/nguni_multilingual_zu_xh_ssw_wav2vec2
2025-12-14 20:21:17,244 - INFO - Loading Language Model from /mnt/d/Model-Finetuning/wav2vec2/zulu_3gram.arpa
2025-12-14 20:21:18,219 - INFO - Model loaded successfully for nguni_multilingual_zu_xh_ssw_wav2vec2
2025-12-14 20:21:18,343 - INFO - Using arpa instead of binary LM file, decoder instantiation might be slow.
2025-12-14 20:21:18,407 - INFO - Alphabet determined to be of regular style.
2025-12-14 20:21:18,408 - INFO - Found '|' in vocabulary but not ' ', doing substitution.
2025-12-14 20:21:18,409 - INFO - Found [PAD] in vocabulary, interpreted as a CTC blank token, substituting with .
2025-12-14 20:21:18,412 - INFO - Found [UNK] in vocabulary, interpreting as unknown token, substituting with ⁇.
2025-12-14 20:21:18,412 - WARNING - Found entries of length > 1 in alphabet. This is unusual unless style is BPE, but the alphabet was not recognized as BPE type. Is this correct?
2025-12-14 20:23:23,812 - INFO - Saved results to /mnt/d/Model-Finetuning/wav2vec2/error_analysis/zulu_nguni_multilingual_zu_xh_ssw_wav2vec2_inference.json
2025-12-14 20:23:23,815 - INFO - Loading Acoustic model from /mnt/d/Model-Finetuning/wav2vec2/model/nguni_multilingual_zu_nbl_ssw_wav2vec2
2025-12-14 20:23:23,816 - INFO - Loading Language Model from /mnt/d/Model-Finetuning/wav2vec2/zulu_3gram.arpa
2025-12-14 20:23:24,808 - INFO - Model loaded successfully for nguni_multilingual_zu_nbl_ssw_wav2vec2
2025-12-14 20:23:24,943 - INFO - Using arpa instead of binary LM file, decoder instantiation might be slow.
2025-12-14 20:23:24,991 - INFO - Alphabet determined to be of regular style.
2025-12-14 20:23:24,991 - INFO - Found '|' in vocabulary but not ' ', doing substitution.
2025-12-14 20:23:24,992 - INFO - Found [PAD] in vocabulary, interpreted as a CTC blank token, substituting with .
2025-12-14 20:23:24,993 - INFO - Found [UNK] in vocabulary, interpreting as unknown token, substituting with ⁇.
2025-12-14 20:23:24,993 - WARNING - Found entries of length > 1 in alphabet. This is unusual unless style is BPE, but the alphabet was not recognized as BPE type. Is this correct?
2025-12-14 20:25:32,283 - INFO - Saved results to /mnt/d/Model-Finetuning/wav2vec2/error_analysis/zulu_nguni_multilingual_zu_nbl_ssw_wav2vec2_inference.json
2025-12-14 20:25:32,290 - INFO - Inference completed for zulu. Results saved to /mnt/d/Model-Finetuning/wav2vec2/error_analysis/zu_inference_results.json.
