2025-12-14 19:41:48,225 - INFO - Starting inference for zulu at 2025-12-14 19:41:48
2025-12-14 19:41:48,276 - INFO - Found 7 multilingual models for zu: ['nguni_multilingual_zu_xh_wav2vec2', 'nguni_multilingual_zu_xh_nbl_ssw_wav2vec2', 'nguni_multilingual_zu_xh_nbl_wav2vec2', 'nguni_multilingual_zu_nbl_wav2vec2', 'nguni_multilingual_zu_ssw_wav2vec2', 'nguni_multilingual_zu_xh_ssw_wav2vec2', 'nguni_multilingual_zu_nbl_ssw_wav2vec2']
2025-12-14 19:41:48,341 - INFO - Loaded 4683 entries from /mnt/d/Model-Finetuning/wav2vec2/data/zulu_unseen.json
2025-12-14 19:41:48,410 - INFO - Loaded 4468 entries from /mnt/d/Model-Finetuning/wav2vec2/data/nchlt_zulu_test.json
2025-12-14 19:41:48,415 - INFO - Loading Acoustic model from /mnt/d/Model-Finetuning/wav2vec2/model/nguni_multilingual_zu_xh_wav2vec2
2025-12-14 19:41:48,416 - INFO - Loading Language Model from /mnt/d/Model-Finetuning/wav2vec2/nguni_3gram.arpa
2025-12-14 19:41:49,709 - INFO - Model loaded successfully for nguni_multilingual_zu_xh_wav2vec2
2025-12-14 19:41:50,102 - INFO - Using arpa instead of binary LM file, decoder instantiation might be slow.
2025-12-14 19:41:50,281 - INFO - Alphabet determined to be of regular style.
2025-12-14 19:41:50,282 - INFO - Found '|' in vocabulary but not ' ', doing substitution.
2025-12-14 19:41:50,282 - INFO - Found [PAD] in vocabulary, interpreted as a CTC blank token, substituting with .
2025-12-14 19:41:50,283 - INFO - Found [UNK] in vocabulary, interpreting as unknown token, substituting with ⁇.
2025-12-14 19:41:50,284 - WARNING - Found entries of length > 1 in alphabet. This is unusual unless style is BPE, but the alphabet was not recognized as BPE type. Is this correct?
2025-12-14 19:43:56,994 - INFO - Saved results to /mnt/d/Model-Finetuning/wav2vec2/error_analysis/zulu_nguni_multilingual_zu_xh_wav2vec2_inference.json
2025-12-14 19:43:56,996 - INFO - Loading Acoustic model from /mnt/d/Model-Finetuning/wav2vec2/model/nguni_multilingual_zu_xh_nbl_ssw_wav2vec2
2025-12-14 19:43:56,997 - INFO - Loading Language Model from /mnt/d/Model-Finetuning/wav2vec2/nguni_3gram.arpa
2025-12-14 19:43:58,016 - INFO - Model loaded successfully for nguni_multilingual_zu_xh_nbl_ssw_wav2vec2
2025-12-14 19:43:58,391 - INFO - Using arpa instead of binary LM file, decoder instantiation might be slow.
2025-12-14 19:43:58,575 - INFO - Alphabet determined to be of regular style.
2025-12-14 19:43:58,575 - INFO - Found '|' in vocabulary but not ' ', doing substitution.
2025-12-14 19:43:58,576 - INFO - Found [PAD] in vocabulary, interpreted as a CTC blank token, substituting with .
2025-12-14 19:43:58,577 - INFO - Found [UNK] in vocabulary, interpreting as unknown token, substituting with ⁇.
2025-12-14 19:43:58,577 - WARNING - Found entries of length > 1 in alphabet. This is unusual unless style is BPE, but the alphabet was not recognized as BPE type. Is this correct?
2025-12-14 19:46:05,507 - INFO - Saved results to /mnt/d/Model-Finetuning/wav2vec2/error_analysis/zulu_nguni_multilingual_zu_xh_nbl_ssw_wav2vec2_inference.json
2025-12-14 19:46:05,511 - INFO - Loading Acoustic model from /mnt/d/Model-Finetuning/wav2vec2/model/nguni_multilingual_zu_xh_nbl_wav2vec2
2025-12-14 19:46:05,511 - INFO - Loading Language Model from /mnt/d/Model-Finetuning/wav2vec2/nguni_3gram.arpa
2025-12-14 19:46:06,621 - INFO - Model loaded successfully for nguni_multilingual_zu_xh_nbl_wav2vec2
2025-12-14 19:46:07,054 - INFO - Using arpa instead of binary LM file, decoder instantiation might be slow.
2025-12-14 19:46:07,290 - INFO - Alphabet determined to be of regular style.
2025-12-14 19:46:07,291 - INFO - Found '|' in vocabulary but not ' ', doing substitution.
2025-12-14 19:46:07,292 - INFO - Found [PAD] in vocabulary, interpreted as a CTC blank token, substituting with .
2025-12-14 19:46:07,293 - INFO - Found [UNK] in vocabulary, interpreting as unknown token, substituting with ⁇.
2025-12-14 19:46:07,294 - WARNING - Found entries of length > 1 in alphabet. This is unusual unless style is BPE, but the alphabet was not recognized as BPE type. Is this correct?
2025-12-14 19:48:14,264 - INFO - Saved results to /mnt/d/Model-Finetuning/wav2vec2/error_analysis/zulu_nguni_multilingual_zu_xh_nbl_wav2vec2_inference.json
2025-12-14 19:48:14,267 - INFO - Loading Acoustic model from /mnt/d/Model-Finetuning/wav2vec2/model/nguni_multilingual_zu_nbl_wav2vec2
2025-12-14 19:48:14,268 - INFO - Loading Language Model from /mnt/d/Model-Finetuning/wav2vec2/nguni_3gram.arpa
2025-12-14 19:48:15,259 - INFO - Model loaded successfully for nguni_multilingual_zu_nbl_wav2vec2
2025-12-14 19:48:15,837 - INFO - Using arpa instead of binary LM file, decoder instantiation might be slow.
2025-12-14 19:48:16,037 - INFO - Alphabet determined to be of regular style.
2025-12-14 19:48:16,038 - INFO - Found '|' in vocabulary but not ' ', doing substitution.
2025-12-14 19:48:16,040 - INFO - Found [PAD] in vocabulary, interpreted as a CTC blank token, substituting with .
2025-12-14 19:48:16,040 - INFO - Found [UNK] in vocabulary, interpreting as unknown token, substituting with ⁇.
2025-12-14 19:48:16,040 - WARNING - Found entries of length > 1 in alphabet. This is unusual unless style is BPE, but the alphabet was not recognized as BPE type. Is this correct?
2025-12-14 19:50:19,067 - INFO - Saved results to /mnt/d/Model-Finetuning/wav2vec2/error_analysis/zulu_nguni_multilingual_zu_nbl_wav2vec2_inference.json
2025-12-14 19:50:19,070 - INFO - Loading Acoustic model from /mnt/d/Model-Finetuning/wav2vec2/model/nguni_multilingual_zu_ssw_wav2vec2
2025-12-14 19:50:19,071 - INFO - Loading Language Model from /mnt/d/Model-Finetuning/wav2vec2/nguni_3gram.arpa
2025-12-14 19:50:20,046 - INFO - Model loaded successfully for nguni_multilingual_zu_ssw_wav2vec2
2025-12-14 19:50:20,519 - INFO - Using arpa instead of binary LM file, decoder instantiation might be slow.
2025-12-14 19:50:20,612 - INFO - Alphabet determined to be of regular style.
2025-12-14 19:50:20,612 - INFO - Found '|' in vocabulary but not ' ', doing substitution.
2025-12-14 19:50:20,613 - INFO - Found [PAD] in vocabulary, interpreted as a CTC blank token, substituting with .
2025-12-14 19:50:20,613 - INFO - Found [UNK] in vocabulary, interpreting as unknown token, substituting with ⁇.
2025-12-14 19:50:20,614 - WARNING - Found entries of length > 1 in alphabet. This is unusual unless style is BPE, but the alphabet was not recognized as BPE type. Is this correct?
2025-12-14 19:52:18,286 - INFO - Saved results to /mnt/d/Model-Finetuning/wav2vec2/error_analysis/zulu_nguni_multilingual_zu_ssw_wav2vec2_inference.json
2025-12-14 19:52:18,290 - INFO - Loading Acoustic model from /mnt/d/Model-Finetuning/wav2vec2/model/nguni_multilingual_zu_xh_ssw_wav2vec2
2025-12-14 19:52:18,291 - INFO - Loading Language Model from /mnt/d/Model-Finetuning/wav2vec2/nguni_3gram.arpa
2025-12-14 19:52:19,349 - INFO - Model loaded successfully for nguni_multilingual_zu_xh_ssw_wav2vec2
2025-12-14 19:52:19,688 - INFO - Using arpa instead of binary LM file, decoder instantiation might be slow.
2025-12-14 19:52:19,830 - INFO - Alphabet determined to be of regular style.
2025-12-14 19:52:19,830 - INFO - Found '|' in vocabulary but not ' ', doing substitution.
2025-12-14 19:52:19,831 - INFO - Found [PAD] in vocabulary, interpreted as a CTC blank token, substituting with .
2025-12-14 19:52:19,832 - INFO - Found [UNK] in vocabulary, interpreting as unknown token, substituting with ⁇.
2025-12-14 19:52:19,832 - WARNING - Found entries of length > 1 in alphabet. This is unusual unless style is BPE, but the alphabet was not recognized as BPE type. Is this correct?
2025-12-14 19:54:25,092 - INFO - Saved results to /mnt/d/Model-Finetuning/wav2vec2/error_analysis/zulu_nguni_multilingual_zu_xh_ssw_wav2vec2_inference.json
2025-12-14 19:54:25,095 - INFO - Loading Acoustic model from /mnt/d/Model-Finetuning/wav2vec2/model/nguni_multilingual_zu_nbl_ssw_wav2vec2
2025-12-14 19:54:25,104 - INFO - Loading Language Model from /mnt/d/Model-Finetuning/wav2vec2/nguni_3gram.arpa
2025-12-14 19:54:26,448 - INFO - Model loaded successfully for nguni_multilingual_zu_nbl_ssw_wav2vec2
2025-12-14 19:54:26,834 - INFO - Using arpa instead of binary LM file, decoder instantiation might be slow.
2025-12-14 19:54:27,120 - INFO - Alphabet determined to be of regular style.
2025-12-14 19:54:27,122 - INFO - Found '|' in vocabulary but not ' ', doing substitution.
2025-12-14 19:54:27,123 - INFO - Found [PAD] in vocabulary, interpreted as a CTC blank token, substituting with .
2025-12-14 19:54:27,123 - INFO - Found [UNK] in vocabulary, interpreting as unknown token, substituting with ⁇.
2025-12-14 19:54:27,124 - WARNING - Found entries of length > 1 in alphabet. This is unusual unless style is BPE, but the alphabet was not recognized as BPE type. Is this correct?
2025-12-14 19:56:37,255 - INFO - Saved results to /mnt/d/Model-Finetuning/wav2vec2/error_analysis/zulu_nguni_multilingual_zu_nbl_ssw_wav2vec2_inference.json
2025-12-14 19:56:37,262 - INFO - Inference completed for zulu. Results saved to /mnt/d/Model-Finetuning/wav2vec2/error_analysis/zu_inference_results.json.
