2025-12-16 14:14:55,528 - INFO - Starting inference for zulu at 2025-12-16 14:14:55
2025-12-16 14:14:55,599 - INFO - Found 7 multilingual models for zu: ['nguni_multilingual_zu_xh_wav2vec2', 'nguni_multilingual_zu_xh_nbl_ssw_wav2vec2', 'nguni_multilingual_zu_xh_nbl_wav2vec2', 'nguni_multilingual_zu_nbl_wav2vec2', 'nguni_multilingual_zu_ssw_wav2vec2', 'nguni_multilingual_zu_xh_ssw_wav2vec2', 'nguni_multilingual_zu_nbl_ssw_wav2vec2']
2025-12-16 14:14:55,615 - INFO - Loaded 579 entries from /mnt/d/Model-Finetuning/wav2vec2/data/zulu_test.json
2025-12-16 14:14:55,658 - INFO - Loaded 4468 entries from /mnt/d/Model-Finetuning/wav2vec2/data/nchlt_zulu_test.json
2025-12-16 14:14:55,659 - INFO - Loading Acoustic model from /mnt/d/Model-Finetuning/wav2vec2/model/nguni_multilingual_zu_xh_wav2vec2
2025-12-16 14:14:55,659 - INFO - Loading Language Model from /mnt/d/Model-Finetuning/wav2vec2/nguni_3gram.arpa
2025-12-16 14:14:57,034 - INFO - Model loaded successfully for nguni_multilingual_zu_xh_wav2vec2
2025-12-16 14:14:57,392 - INFO - Using arpa instead of binary LM file, decoder instantiation might be slow.
2025-12-16 14:14:57,618 - INFO - Alphabet determined to be of regular style.
2025-12-16 14:14:57,619 - INFO - Found '|' in vocabulary but not ' ', doing substitution.
2025-12-16 14:14:57,620 - INFO - Found [PAD] in vocabulary, interpreted as a CTC blank token, substituting with .
2025-12-16 14:14:57,621 - INFO - Found [UNK] in vocabulary, interpreting as unknown token, substituting with ⁇.
2025-12-16 14:14:57,622 - WARNING - Found entries of length > 1 in alphabet. This is unusual unless style is BPE, but the alphabet was not recognized as BPE type. Is this correct?
2025-12-16 14:19:25,904 - INFO - Saved results to /mnt/d/Model-Finetuning/wav2vec2/error_analysis/zulu_nguni_multilingual_zu_xh_wav2vec2_inference.json
2025-12-16 14:19:25,906 - INFO - Loading Acoustic model from /mnt/d/Model-Finetuning/wav2vec2/model/nguni_multilingual_zu_xh_nbl_ssw_wav2vec2
2025-12-16 14:19:25,907 - INFO - Loading Language Model from /mnt/d/Model-Finetuning/wav2vec2/nguni_3gram.arpa
2025-12-16 14:19:26,742 - INFO - Model loaded successfully for nguni_multilingual_zu_xh_nbl_ssw_wav2vec2
2025-12-16 14:19:27,106 - INFO - Using arpa instead of binary LM file, decoder instantiation might be slow.
2025-12-16 14:19:27,220 - INFO - Alphabet determined to be of regular style.
2025-12-16 14:19:27,220 - INFO - Found '|' in vocabulary but not ' ', doing substitution.
2025-12-16 14:19:27,221 - INFO - Found [PAD] in vocabulary, interpreted as a CTC blank token, substituting with .
2025-12-16 14:19:27,221 - INFO - Found [UNK] in vocabulary, interpreting as unknown token, substituting with ⁇.
2025-12-16 14:19:27,222 - WARNING - Found entries of length > 1 in alphabet. This is unusual unless style is BPE, but the alphabet was not recognized as BPE type. Is this correct?
