2025-07-27 20:06:28,700 - INFO - Logging setup complete.
2025-07-27 20:06:28,706 - INFO - Loading inference results from D:\Model-Finetuning\wav2vec2\error_analysis\zulu_inference_results.json
2025-07-27 20:06:28,709 - WARNING - Speaker metadata not found for isizulu_063. Skipping entry.
2025-07-27 20:06:28,709 - WARNING - Speaker metadata not found for isizulu_041. Skipping entry.
2025-07-27 20:06:28,709 - WARNING - Speaker metadata not found for isizulu_081. Skipping entry.
2025-07-27 20:06:28,709 - WARNING - Speaker metadata not found for isizulu_052. Skipping entry.
2025-07-27 20:06:28,709 - WARNING - Speaker metadata not found for isizulu_013. Skipping entry.
2025-07-27 20:06:28,709 - WARNING - Speaker metadata not found for isizulu_096. Skipping entry.
2025-07-27 20:06:28,709 - WARNING - Speaker metadata not found for isizulu_068. Skipping entry.
2025-07-27 20:06:28,709 - WARNING - Speaker metadata not found for isizulu_034. Skipping entry.
2025-07-27 20:06:28,709 - WARNING - Speaker metadata not found for isizulu_070. Skipping entry.
2025-07-27 20:06:28,709 - WARNING - Speaker metadata not found for isizulu_001. Skipping entry.
2025-07-27 20:06:28,709 - WARNING - Speaker metadata not found for isizulu_008. Skipping entry.
2025-07-27 20:06:28,709 - WARNING - Speaker metadata not found for isizulu_023. Skipping entry.
2025-07-27 20:06:28,709 - WARNING - Speaker metadata not found for isizulu_008. Skipping entry.
2025-07-27 20:06:28,709 - WARNING - Speaker metadata not found for isizulu_021. Skipping entry.
2025-07-27 20:06:28,709 - WARNING - Speaker metadata not found for isizulu_028. Skipping entry.
2025-07-27 20:06:28,709 - WARNING - Speaker metadata not found for isizulu_036. Skipping entry.
2025-07-27 20:06:28,709 - WARNING - Speaker metadata not found for isizulu_058. Skipping entry.
2025-07-27 20:06:28,709 - WARNING - Speaker metadata not found for isizulu_054. Skipping entry.
2025-07-27 20:06:28,709 - WARNING - Speaker metadata not found for isizulu_094. Skipping entry.
2025-07-27 20:06:28,709 - WARNING - Speaker metadata not found for isizulu_094. Skipping entry.
2025-07-27 20:06:28,709 - WARNING - Speaker metadata not found for isizulu_057. Skipping entry.
2025-07-27 20:06:28,709 - WARNING - Speaker metadata not found for isizulu_018. Skipping entry.
2025-07-27 20:06:28,709 - WARNING - Speaker metadata not found for isizulu_089. Skipping entry.
2025-07-27 20:06:28,709 - WARNING - Speaker metadata not found for isizulu_008. Skipping entry.
2025-07-27 20:06:28,709 - WARNING - Speaker metadata not found for isizulu_013. Skipping entry.
2025-07-27 20:06:28,709 - WARNING - Speaker metadata not found for isizulu_037. Skipping entry.
2025-07-27 20:06:28,709 - WARNING - Speaker metadata not found for isizulu_083. Skipping entry.
2025-07-27 20:06:28,709 - WARNING - Speaker metadata not found for isizulu_027. Skipping entry.
2025-07-27 20:06:28,709 - WARNING - Speaker metadata not found for isizulu_051. Skipping entry.
2025-07-27 20:06:28,709 - WARNING - Speaker metadata not found for isizulu_008. Skipping entry.
2025-07-27 20:06:28,709 - WARNING - Speaker metadata not found for isizulu_058. Skipping entry.
2025-07-27 20:06:28,710 - WARNING - Speaker metadata not found for isizulu_094. Skipping entry.
2025-07-27 20:06:28,710 - WARNING - Speaker metadata not found for isizulu_061. Skipping entry.
2025-07-27 20:06:28,710 - WARNING - Speaker metadata not found for isizulu_007. Skipping entry.
2025-07-27 20:06:28,710 - WARNING - Speaker metadata not found for isizulu_054. Skipping entry.
2025-07-27 20:06:28,710 - WARNING - Speaker metadata not found for isizulu_038. Skipping entry.
2025-07-27 20:06:28,710 - WARNING - Speaker metadata not found for isizulu_075. Skipping entry.
2025-07-27 20:06:28,710 - WARNING - Speaker metadata not found for isizulu_032. Skipping entry.
2025-07-27 20:06:28,710 - WARNING - Speaker metadata not found for isizulu_020. Skipping entry.
2025-07-27 20:06:28,710 - WARNING - Speaker metadata not found for isizulu_005. Skipping entry.
2025-07-27 20:06:28,710 - WARNING - Speaker metadata not found for isizulu_067. Skipping entry.
2025-07-27 20:06:28,710 - WARNING - Speaker metadata not found for isizulu_075. Skipping entry.
2025-07-27 20:06:28,710 - WARNING - Speaker metadata not found for isizulu_080. Skipping entry.
2025-07-27 20:06:28,710 - WARNING - Speaker metadata not found for isizulu_041. Skipping entry.
2025-07-27 20:06:28,710 - WARNING - Speaker metadata not found for isizulu_079. Skipping entry.
2025-07-27 20:06:28,710 - WARNING - Speaker metadata not found for isizulu_082. Skipping entry.
2025-07-27 20:06:28,710 - WARNING - Speaker metadata not found for isizulu_075. Skipping entry.
2025-07-27 20:06:28,710 - WARNING - Speaker metadata not found for isizulu_016. Skipping entry.
2025-07-27 20:06:28,710 - WARNING - Speaker metadata not found for isizulu_021. Skipping entry.
2025-07-27 20:06:28,710 - WARNING - Speaker metadata not found for isizulu_016. Skipping entry.
2025-07-27 20:06:28,710 - WARNING - Speaker metadata not found for isizulu_088. Skipping entry.
2025-07-27 20:06:28,710 - WARNING - Speaker metadata not found for isizulu_018. Skipping entry.
2025-07-27 20:06:28,710 - WARNING - Speaker metadata not found for isizulu_082. Skipping entry.
2025-07-27 20:06:28,710 - WARNING - Speaker metadata not found for isizulu_042. Skipping entry.
2025-07-27 20:06:28,710 - WARNING - Speaker metadata not found for isizulu_078. Skipping entry.
2025-07-27 20:06:28,710 - WARNING - Speaker metadata not found for isizulu_016. Skipping entry.
2025-07-27 20:06:28,710 - WARNING - Speaker metadata not found for isizulu_057. Skipping entry.
2025-07-27 20:06:28,710 - WARNING - Speaker metadata not found for isizulu_058. Skipping entry.
2025-07-27 20:06:28,710 - WARNING - Speaker metadata not found for isizulu_045. Skipping entry.
2025-07-27 20:06:28,710 - WARNING - Speaker metadata not found for isizulu_036. Skipping entry.
2025-07-27 20:06:28,710 - WARNING - Speaker metadata not found for isizulu_053. Skipping entry.
2025-07-27 20:06:28,710 - WARNING - Speaker metadata not found for isizulu_007. Skipping entry.
2025-07-27 20:06:28,710 - WARNING - Speaker metadata not found for isizulu_048. Skipping entry.
2025-07-27 20:06:28,710 - WARNING - Speaker metadata not found for isizulu_091. Skipping entry.
2025-07-27 20:06:28,710 - WARNING - Speaker metadata not found for isizulu_046. Skipping entry.
2025-07-27 20:06:28,710 - WARNING - Speaker metadata not found for isizulu_013. Skipping entry.
2025-07-27 20:06:28,710 - WARNING - Speaker metadata not found for isizulu_078. Skipping entry.
2025-07-27 20:06:28,710 - WARNING - Speaker metadata not found for isizulu_041. Skipping entry.
2025-07-27 20:06:28,710 - WARNING - Speaker metadata not found for isizulu_007. Skipping entry.
2025-07-27 20:06:28,710 - WARNING - Speaker metadata not found for isizulu_004. Skipping entry.
2025-07-27 20:06:28,710 - WARNING - Speaker metadata not found for isizulu_007. Skipping entry.
2025-07-27 20:06:28,710 - WARNING - Speaker metadata not found for isizulu_057. Skipping entry.
2025-07-27 20:06:28,710 - WARNING - Speaker metadata not found for isizulu_049. Skipping entry.
2025-07-27 20:06:28,711 - WARNING - Speaker metadata not found for isizulu_084. Skipping entry.
2025-07-27 20:06:28,711 - WARNING - Speaker metadata not found for isizulu_072. Skipping entry.
2025-07-27 20:06:28,711 - WARNING - Speaker metadata not found for isizulu_092. Skipping entry.
2025-07-27 20:06:28,711 - WARNING - Speaker metadata not found for isizulu_017. Skipping entry.
2025-07-27 20:06:28,711 - WARNING - Speaker metadata not found for isizulu_058. Skipping entry.
2025-07-27 20:06:28,711 - WARNING - Speaker metadata not found for isizulu_011. Skipping entry.
2025-07-27 20:06:28,711 - WARNING - Speaker metadata not found for isizulu_018. Skipping entry.
2025-07-27 20:06:28,711 - WARNING - Speaker metadata not found for isizulu_006. Skipping entry.
2025-07-27 20:06:28,711 - WARNING - Speaker metadata not found for isizulu_074. Skipping entry.
2025-07-27 20:06:28,711 - WARNING - Speaker metadata not found for isizulu_037. Skipping entry.
2025-07-27 20:06:28,711 - WARNING - Speaker metadata not found for isizulu_044. Skipping entry.
2025-07-27 20:06:28,711 - WARNING - Speaker metadata not found for isizulu_040. Skipping entry.
2025-07-27 20:06:28,711 - WARNING - Speaker metadata not found for isizulu_004. Skipping entry.
2025-07-27 20:06:28,711 - WARNING - Speaker metadata not found for isizulu_079. Skipping entry.
2025-07-27 20:06:28,711 - WARNING - Speaker metadata not found for isizulu_075. Skipping entry.
2025-07-27 20:06:28,711 - WARNING - Speaker metadata not found for isizulu_088. Skipping entry.
2025-07-27 20:06:28,711 - WARNING - Speaker metadata not found for isizulu_089. Skipping entry.
2025-07-27 20:06:28,711 - WARNING - Speaker metadata not found for isizulu_062. Skipping entry.
2025-07-27 20:06:28,711 - WARNING - Speaker metadata not found for isizulu_090. Skipping entry.
2025-07-27 20:06:28,711 - WARNING - Speaker metadata not found for isizulu_059. Skipping entry.
2025-07-27 20:06:28,711 - WARNING - Speaker metadata not found for isizulu_006. Skipping entry.
2025-07-27 20:06:28,711 - WARNING - Speaker metadata not found for isizulu_057. Skipping entry.
2025-07-27 20:06:28,711 - WARNING - Speaker metadata not found for isizulu_093. Skipping entry.
2025-07-27 20:06:28,711 - WARNING - Speaker metadata not found for isizulu_025. Skipping entry.
2025-07-27 20:06:28,711 - WARNING - Speaker metadata not found for isizulu_054. Skipping entry.
2025-07-27 20:06:28,711 - WARNING - Speaker metadata not found for isizulu_098. Skipping entry.
2025-07-27 20:06:28,711 - WARNING - Speaker metadata not found for isizulu_084. Skipping entry.
2025-07-27 20:06:28,711 - WARNING - Speaker metadata not found for isizulu_066. Skipping entry.
2025-07-27 20:06:28,711 - WARNING - Speaker metadata not found for isizulu_077. Skipping entry.
2025-07-27 20:06:28,711 - WARNING - Speaker metadata not found for isizulu_002. Skipping entry.
2025-07-27 20:06:28,711 - WARNING - Speaker metadata not found for isizulu_044. Skipping entry.
2025-07-27 20:06:28,711 - WARNING - Speaker metadata not found for isizulu_034. Skipping entry.
2025-07-27 20:06:28,711 - WARNING - Speaker metadata not found for isizulu_091. Skipping entry.
2025-07-27 20:06:28,711 - WARNING - Speaker metadata not found for isizulu_027. Skipping entry.
2025-07-27 20:06:28,711 - WARNING - Speaker metadata not found for isizulu_011. Skipping entry.
2025-07-27 20:06:28,711 - WARNING - Speaker metadata not found for isizulu_018. Skipping entry.
2025-07-27 20:06:28,711 - WARNING - Speaker metadata not found for isizulu_081. Skipping entry.
2025-07-27 20:06:28,711 - WARNING - Speaker metadata not found for isizulu_090. Skipping entry.
2025-07-27 20:06:28,711 - WARNING - Speaker metadata not found for isizulu_091. Skipping entry.
2025-07-27 20:06:28,711 - WARNING - Speaker metadata not found for isizulu_017. Skipping entry.
2025-07-27 20:06:28,711 - WARNING - Speaker metadata not found for isizulu_051. Skipping entry.
2025-07-27 20:06:28,711 - WARNING - Speaker metadata not found for isizulu_008. Skipping entry.
2025-07-27 20:06:28,711 - WARNING - Speaker metadata not found for isizulu_052. Skipping entry.
2025-07-27 20:06:28,711 - WARNING - Speaker metadata not found for isizulu_040. Skipping entry.
2025-07-27 20:06:28,712 - WARNING - Speaker metadata not found for isizulu_031. Skipping entry.
2025-07-27 20:06:28,712 - WARNING - Speaker metadata not found for isizulu_024. Skipping entry.
2025-07-27 20:06:28,712 - WARNING - Speaker metadata not found for isizulu_011. Skipping entry.
2025-07-27 20:06:28,712 - WARNING - Speaker metadata not found for isizulu_042. Skipping entry.
2025-07-27 20:06:28,712 - WARNING - Speaker metadata not found for isizulu_055. Skipping entry.
2025-07-27 20:06:28,712 - WARNING - Speaker metadata not found for isizulu_038. Skipping entry.
2025-07-27 20:06:28,712 - WARNING - Speaker metadata not found for isizulu_030. Skipping entry.
2025-07-27 20:06:28,712 - WARNING - Speaker metadata not found for isizulu_097. Skipping entry.
2025-07-27 20:06:28,712 - WARNING - Speaker metadata not found for isizulu_085. Skipping entry.
2025-07-27 20:06:28,712 - WARNING - Speaker metadata not found for isizulu_055. Skipping entry.
2025-07-27 20:06:28,712 - WARNING - Speaker metadata not found for isizulu_008. Skipping entry.
2025-07-27 20:06:28,712 - WARNING - Speaker metadata not found for isizulu_048. Skipping entry.
2025-07-27 20:06:28,712 - WARNING - Speaker metadata not found for isizulu_039. Skipping entry.
2025-07-27 20:06:28,712 - WARNING - Speaker metadata not found for isizulu_024. Skipping entry.
2025-07-27 20:06:28,712 - WARNING - Speaker metadata not found for isizulu_076. Skipping entry.
2025-07-27 20:06:28,712 - WARNING - Speaker metadata not found for isizulu_088. Skipping entry.
2025-07-27 20:06:28,712 - WARNING - Speaker metadata not found for isizulu_020. Skipping entry.
2025-07-27 20:06:28,712 - WARNING - Speaker metadata not found for isizulu_055. Skipping entry.
2025-07-27 20:06:28,712 - WARNING - Speaker metadata not found for isizulu_024. Skipping entry.
2025-07-27 20:06:28,712 - WARNING - Speaker metadata not found for isizulu_007. Skipping entry.
2025-07-27 20:06:28,712 - WARNING - Speaker metadata not found for isizulu_010. Skipping entry.
2025-07-27 20:06:28,712 - WARNING - Speaker metadata not found for isizulu_067. Skipping entry.
2025-07-27 20:06:28,712 - WARNING - Speaker metadata not found for isizulu_043. Skipping entry.
2025-07-27 20:06:28,712 - WARNING - Speaker metadata not found for isizulu_015. Skipping entry.
2025-07-27 20:06:28,712 - WARNING - Speaker metadata not found for isizulu_010. Skipping entry.
2025-07-27 20:06:28,712 - WARNING - Speaker metadata not found for isizulu_037. Skipping entry.
2025-07-27 20:06:28,712 - WARNING - Speaker metadata not found for isizulu_019. Skipping entry.
2025-07-27 20:06:28,712 - WARNING - Speaker metadata not found for isizulu_056. Skipping entry.
2025-07-27 20:06:28,712 - WARNING - Speaker metadata not found for isizulu_035. Skipping entry.
2025-07-27 20:06:28,712 - WARNING - Speaker metadata not found for isizulu_042. Skipping entry.
2025-07-27 20:06:28,712 - WARNING - Speaker metadata not found for isizulu_007. Skipping entry.
2025-07-27 20:06:28,712 - WARNING - Speaker metadata not found for isizulu_025. Skipping entry.
2025-07-27 20:06:28,712 - WARNING - Speaker metadata not found for isizulu_071. Skipping entry.
2025-07-27 20:06:28,712 - WARNING - Speaker metadata not found for isizulu_010. Skipping entry.
2025-07-27 20:06:28,712 - WARNING - Speaker metadata not found for isizulu_085. Skipping entry.
2025-07-27 20:06:28,712 - WARNING - Speaker metadata not found for isizulu_090. Skipping entry.
2025-07-27 20:06:28,712 - WARNING - Speaker metadata not found for isizulu_005. Skipping entry.
2025-07-27 20:06:28,712 - WARNING - Speaker metadata not found for isizulu_042. Skipping entry.
2025-07-27 20:06:28,712 - WARNING - Speaker metadata not found for isizulu_050. Skipping entry.
2025-07-27 20:06:28,712 - WARNING - Speaker metadata not found for isizulu_091. Skipping entry.
2025-07-27 20:06:28,712 - WARNING - Speaker metadata not found for isizulu_008. Skipping entry.
2025-07-27 20:06:28,712 - WARNING - Speaker metadata not found for isizulu_068. Skipping entry.
2025-07-27 20:06:28,712 - WARNING - Speaker metadata not found for isizulu_022. Skipping entry.
2025-07-27 20:06:28,712 - WARNING - Speaker metadata not found for isizulu_072. Skipping entry.
2025-07-27 20:06:28,712 - WARNING - Speaker metadata not found for isizulu_004. Skipping entry.
2025-07-27 20:06:28,712 - WARNING - Speaker metadata not found for isizulu_028. Skipping entry.
2025-07-27 20:06:28,712 - WARNING - Speaker metadata not found for isizulu_092. Skipping entry.
2025-07-27 20:06:28,712 - WARNING - Speaker metadata not found for isizulu_016. Skipping entry.
2025-07-27 20:06:28,712 - WARNING - Speaker metadata not found for isizulu_019. Skipping entry.
2025-07-27 20:06:28,712 - WARNING - Speaker metadata not found for isizulu_007. Skipping entry.
2025-07-27 20:06:28,712 - WARNING - Speaker metadata not found for isizulu_014. Skipping entry.
2025-07-27 20:06:28,712 - WARNING - Speaker metadata not found for isizulu_094. Skipping entry.
2025-07-27 20:06:28,712 - WARNING - Speaker metadata not found for isizulu_085. Skipping entry.
2025-07-27 20:06:28,712 - WARNING - Speaker metadata not found for isizulu_023. Skipping entry.
2025-07-27 20:06:28,712 - WARNING - Speaker metadata not found for isizulu_025. Skipping entry.
2025-07-27 20:06:28,712 - WARNING - Speaker metadata not found for isizulu_090. Skipping entry.
2025-07-27 20:06:28,712 - WARNING - Speaker metadata not found for isizulu_085. Skipping entry.
2025-07-27 20:06:28,712 - WARNING - Speaker metadata not found for isizulu_051. Skipping entry.
2025-07-27 20:06:28,712 - WARNING - Speaker metadata not found for isizulu_044. Skipping entry.
2025-07-27 20:06:28,712 - WARNING - Speaker metadata not found for isizulu_068. Skipping entry.
2025-07-27 20:06:28,712 - WARNING - Speaker metadata not found for isizulu_089. Skipping entry.
2025-07-27 20:06:28,712 - WARNING - Speaker metadata not found for isizulu_087. Skipping entry.
2025-07-27 20:06:28,712 - WARNING - Speaker metadata not found for isizulu_062. Skipping entry.
2025-07-27 20:06:28,712 - WARNING - Speaker metadata not found for isizulu_011. Skipping entry.
2025-07-27 20:06:28,712 - WARNING - Speaker metadata not found for isizulu_051. Skipping entry.
2025-07-27 20:06:28,712 - WARNING - Speaker metadata not found for isizulu_096. Skipping entry.
2025-07-27 20:06:28,712 - WARNING - Speaker metadata not found for isizulu_092. Skipping entry.
2025-07-27 20:06:28,712 - WARNING - Speaker metadata not found for isizulu_005. Skipping entry.
2025-07-27 20:06:28,712 - WARNING - Speaker metadata not found for isizulu_034. Skipping entry.
2025-07-27 20:06:28,712 - WARNING - Speaker metadata not found for isizulu_040. Skipping entry.
2025-07-27 20:06:28,712 - WARNING - Speaker metadata not found for isizulu_082. Skipping entry.
2025-07-27 20:06:28,712 - WARNING - Speaker metadata not found for isizulu_024. Skipping entry.
2025-07-27 20:06:28,712 - WARNING - Speaker metadata not found for isizulu_067. Skipping entry.
2025-07-27 20:06:28,712 - WARNING - Speaker metadata not found for isizulu_098. Skipping entry.
2025-07-27 20:06:28,712 - WARNING - Speaker metadata not found for isizulu_086. Skipping entry.
2025-07-27 20:06:28,712 - WARNING - Speaker metadata not found for isizulu_058. Skipping entry.
2025-07-27 20:06:28,712 - WARNING - Speaker metadata not found for isizulu_089. Skipping entry.
2025-07-27 20:06:28,712 - WARNING - Speaker metadata not found for isizulu_091. Skipping entry.
2025-07-27 20:06:28,712 - WARNING - Speaker metadata not found for isizulu_066. Skipping entry.
2025-07-27 20:06:28,712 - WARNING - Speaker metadata not found for isizulu_074. Skipping entry.
2025-07-27 20:06:28,713 - WARNING - Speaker metadata not found for isizulu_012. Skipping entry.
2025-07-27 20:06:28,713 - WARNING - Speaker metadata not found for isizulu_021. Skipping entry.
2025-07-27 20:06:28,713 - WARNING - Speaker metadata not found for isizulu_060. Skipping entry.
2025-07-27 20:06:28,713 - WARNING - Speaker metadata not found for isizulu_046. Skipping entry.
2025-07-27 20:06:28,713 - WARNING - Speaker metadata not found for isizulu_076. Skipping entry.
2025-07-27 20:06:28,713 - WARNING - Speaker metadata not found for isizulu_099. Skipping entry.
2025-07-27 20:06:28,713 - WARNING - Speaker metadata not found for isizulu_012. Skipping entry.
2025-07-27 20:06:28,713 - WARNING - Speaker metadata not found for isizulu_079. Skipping entry.
2025-07-27 20:06:28,713 - WARNING - Speaker metadata not found for isizulu_028. Skipping entry.
2025-07-27 20:06:28,713 - WARNING - Speaker metadata not found for isizulu_058. Skipping entry.
2025-07-27 20:06:28,713 - WARNING - Speaker metadata not found for isizulu_097. Skipping entry.
2025-07-27 20:06:28,713 - WARNING - Speaker metadata not found for isizulu_011. Skipping entry.
2025-07-27 20:06:28,713 - WARNING - Speaker metadata not found for isizulu_031. Skipping entry.
2025-07-27 20:06:28,713 - WARNING - Speaker metadata not found for isizulu_006. Skipping entry.
2025-07-27 20:06:28,713 - WARNING - Speaker metadata not found for isizulu_086. Skipping entry.
2025-07-27 20:06:28,713 - WARNING - Speaker metadata not found for isizulu_071. Skipping entry.
2025-07-27 20:06:28,713 - WARNING - Speaker metadata not found for isizulu_076. Skipping entry.
2025-07-27 20:06:28,713 - WARNING - Speaker metadata not found for isizulu_094. Skipping entry.
2025-07-27 20:06:28,713 - WARNING - Speaker metadata not found for isizulu_069. Skipping entry.
2025-07-27 20:06:28,713 - WARNING - Speaker metadata not found for isizulu_087. Skipping entry.
2025-07-27 20:06:28,713 - WARNING - Speaker metadata not found for isizulu_055. Skipping entry.
2025-07-27 20:06:28,713 - WARNING - Speaker metadata not found for isizulu_087. Skipping entry.
2025-07-27 20:06:28,713 - WARNING - Speaker metadata not found for isizulu_003. Skipping entry.
2025-07-27 20:06:28,713 - WARNING - Speaker metadata not found for isizulu_015. Skipping entry.
2025-07-27 20:06:28,713 - WARNING - Speaker metadata not found for isizulu_004. Skipping entry.
2025-07-27 20:06:28,713 - WARNING - Speaker metadata not found for isizulu_067. Skipping entry.
2025-07-27 20:06:28,713 - WARNING - Speaker metadata not found for isizulu_058. Skipping entry.
2025-07-27 20:06:28,713 - WARNING - Speaker metadata not found for isizulu_086. Skipping entry.
2025-07-27 20:06:28,713 - WARNING - Speaker metadata not found for isizulu_017. Skipping entry.
2025-07-27 20:06:28,713 - WARNING - Speaker metadata not found for isizulu_097. Skipping entry.
2025-07-27 20:06:28,713 - WARNING - Speaker metadata not found for isizulu_049. Skipping entry.
2025-07-27 20:06:28,713 - WARNING - Speaker metadata not found for isizulu_041. Skipping entry.
2025-07-27 20:06:28,713 - WARNING - Speaker metadata not found for isizulu_046. Skipping entry.
2025-07-27 20:06:28,713 - WARNING - Speaker metadata not found for isizulu_080. Skipping entry.
2025-07-27 20:06:28,713 - WARNING - Speaker metadata not found for isizulu_086. Skipping entry.
2025-07-27 20:06:28,713 - WARNING - Speaker metadata not found for isizulu_022. Skipping entry.
2025-07-27 20:06:28,714 - WARNING - Speaker metadata not found for isizulu_083. Skipping entry.
2025-07-27 20:06:28,714 - WARNING - Speaker metadata not found for isizulu_093. Skipping entry.
2025-07-27 20:06:28,714 - WARNING - Speaker metadata not found for isizulu_051. Skipping entry.
2025-07-27 20:06:28,714 - WARNING - Speaker metadata not found for isizulu_031. Skipping entry.
2025-07-27 20:06:28,714 - WARNING - Speaker metadata not found for isizulu_071. Skipping entry.
2025-07-27 20:06:28,714 - WARNING - Speaker metadata not found for isizulu_013. Skipping entry.
2025-07-27 20:06:28,714 - WARNING - Speaker metadata not found for isizulu_041. Skipping entry.
2025-07-27 20:06:28,714 - WARNING - Speaker metadata not found for isizulu_067. Skipping entry.
2025-07-27 20:06:28,714 - WARNING - Speaker metadata not found for isizulu_020. Skipping entry.
2025-07-27 20:06:28,714 - WARNING - Speaker metadata not found for isizulu_095. Skipping entry.
2025-07-27 20:06:28,714 - WARNING - Speaker metadata not found for isizulu_060. Skipping entry.
2025-07-27 20:06:28,714 - WARNING - Speaker metadata not found for isizulu_031. Skipping entry.
2025-07-27 20:06:28,714 - WARNING - Speaker metadata not found for isizulu_040. Skipping entry.
2025-07-27 20:06:28,714 - WARNING - Speaker metadata not found for isizulu_055. Skipping entry.
2025-07-27 20:06:28,714 - WARNING - Speaker metadata not found for isizulu_089. Skipping entry.
2025-07-27 20:06:28,765 - INFO - Loading inference results from D:\Model-Finetuning\wav2vec2\error_analysis\xhosa_inference_results.json
2025-07-27 20:06:28,766 - WARNING - Speaker metadata not found for isixhosa_069. Skipping entry.
2025-07-27 20:06:28,766 - WARNING - Speaker metadata not found for isixhosa_008. Skipping entry.
2025-07-27 20:06:28,766 - WARNING - Speaker metadata not found for isixhosa_012. Skipping entry.
2025-07-27 20:06:28,767 - WARNING - Speaker metadata not found for isixhosa_097. Skipping entry.
2025-07-27 20:06:28,767 - WARNING - Speaker metadata not found for isixhosa_029. Skipping entry.
2025-07-27 20:06:28,767 - WARNING - Speaker metadata not found for isixhosa_059. Skipping entry.
2025-07-27 20:06:28,767 - WARNING - Speaker metadata not found for isixhosa_014. Skipping entry.
2025-07-27 20:06:28,767 - WARNING - Speaker metadata not found for isixhosa_057. Skipping entry.
2025-07-27 20:06:28,767 - WARNING - Speaker metadata not found for isixhosa_095. Skipping entry.
2025-07-27 20:06:28,767 - WARNING - Speaker metadata not found for isixhosa_055. Skipping entry.
2025-07-27 20:06:28,767 - WARNING - Speaker metadata not found for isixhosa_060. Skipping entry.
2025-07-27 20:06:28,767 - WARNING - Speaker metadata not found for isixhosa_067. Skipping entry.
2025-07-27 20:06:28,767 - WARNING - Speaker metadata not found for isixhosa_067. Skipping entry.
2025-07-27 20:06:28,767 - WARNING - Speaker metadata not found for isixhosa_024. Skipping entry.
2025-07-27 20:06:28,767 - WARNING - Speaker metadata not found for isixhosa_064. Skipping entry.
2025-07-27 20:06:28,767 - WARNING - Speaker metadata not found for isixhosa_075. Skipping entry.
2025-07-27 20:06:28,767 - WARNING - Speaker metadata not found for isixhosa_099. Skipping entry.
2025-07-27 20:06:28,767 - WARNING - Speaker metadata not found for isixhosa_003. Skipping entry.
2025-07-27 20:06:28,767 - WARNING - Speaker metadata not found for isixhosa_084. Skipping entry.
2025-07-27 20:06:28,767 - WARNING - Speaker metadata not found for isixhosa_074. Skipping entry.
2025-07-27 20:06:28,767 - WARNING - Speaker metadata not found for isixhosa_028. Skipping entry.
2025-07-27 20:06:28,767 - WARNING - Speaker metadata not found for isixhosa_047. Skipping entry.
2025-07-27 20:06:28,767 - WARNING - Speaker metadata not found for isixhosa_096. Skipping entry.
2025-07-27 20:06:28,767 - WARNING - Speaker metadata not found for isixhosa_026. Skipping entry.
