2025-12-28 17:38:41,851 - INFO - Logging setup complete.
2025-12-28 17:38:41,852 - INFO - ==================================================
2025-12-28 17:38:41,852 - INFO - Processing language: zulu
2025-12-28 17:38:41,852 - INFO - ==================================================
2025-12-28 17:38:41,857 - INFO - Loaded 2500 inference entries for language: zulu
2025-12-28 17:38:41,857 - INFO - Loading test data from D:\Model-Finetuning\wav2vec2\data\zulu_dataset.json
2025-12-28 17:38:41,873 - INFO - Loading test data from D:\Model-Finetuning\wav2vec2\data\nchlt_zul.json
2025-12-28 17:38:41,984 - INFO - Loaded 50458 test entries for language: zulu
2025-12-28 17:38:42,000 - INFO - Combined entries count: 2500
2025-12-28 17:38:42,014 - INFO - Wrote 298 entries to D:\Model-Finetuning\wav2vec2\error_analysis\zulu_30_39.json
2025-12-28 17:38:42,020 - INFO - Wrote 95 entries to D:\Model-Finetuning\wav2vec2\error_analysis\zulu_50_plus.json
2025-12-28 17:38:42,028 - INFO - Wrote 191 entries to D:\Model-Finetuning\wav2vec2\error_analysis\zulu_40_49.json
2025-12-28 17:38:42,080 - INFO - Wrote 1674 entries to D:\Model-Finetuning\wav2vec2\error_analysis\zulu_19_29.json
2025-12-28 17:38:42,084 - INFO - Wrote 22 entries to D:\Model-Finetuning\wav2vec2\error_analysis\zulu_unknown.json
2025-12-28 17:38:42,094 - INFO - Wrote 220 entries to D:\Model-Finetuning\wav2vec2\error_analysis\zulu_18_below.json
2025-12-28 17:38:42,139 - INFO - Wrote 1292 entries to D:\Model-Finetuning\wav2vec2\error_analysis\zulu_male.json
2025-12-28 17:38:42,183 - INFO - Wrote 1196 entries to D:\Model-Finetuning\wav2vec2\error_analysis\zulu_female.json
2025-12-28 17:38:42,187 - INFO - Wrote 9 entries to D:\Model-Finetuning\wav2vec2\error_analysis\zulu_not available.json
2025-12-28 17:38:42,190 - INFO - Wrote 3 entries to D:\Model-Finetuning\wav2vec2\error_analysis\zulu_landline.json
2025-12-28 17:38:42,190 - INFO - Completed processing for language: zulu
2025-12-28 17:38:42,190 - INFO - ==================================================
2025-12-28 17:38:42,190 - INFO - Processing language: xhosa
2025-12-28 17:38:42,190 - INFO - ==================================================
2025-12-28 17:38:42,195 - INFO - Loaded 2500 inference entries for language: xhosa
2025-12-28 17:38:42,195 - INFO - Loading test data from D:\Model-Finetuning\wav2vec2\data\xhosa_dataset.json
2025-12-28 17:38:42,211 - INFO - Loading test data from D:\Model-Finetuning\wav2vec2\data\nchlt_xho.json
2025-12-28 17:38:42,329 - INFO - Loaded 52893 test entries for language: xhosa
2025-12-28 17:38:42,344 - INFO - Combined entries count: 2500
2025-12-28 17:38:42,367 - INFO - Wrote 451 entries to D:\Model-Finetuning\wav2vec2\error_analysis\xhosa_30_39.json
2025-12-28 17:38:42,417 - INFO - Wrote 1687 entries to D:\Model-Finetuning\wav2vec2\error_analysis\xhosa_19_29.json
2025-12-28 17:38:42,426 - INFO - Wrote 185 entries to D:\Model-Finetuning\wav2vec2\error_analysis\xhosa_40_49.json
2025-12-28 17:38:42,429 - INFO - Wrote 17 entries to D:\Model-Finetuning\wav2vec2\error_analysis\xhosa_unknown.json
2025-12-28 17:38:42,435 - INFO - Wrote 126 entries to D:\Model-Finetuning\wav2vec2\error_analysis\xhosa_50_plus.json
2025-12-28 17:38:42,439 - INFO - Wrote 34 entries to D:\Model-Finetuning\wav2vec2\error_analysis\xhosa_18_below.json
2025-12-28 17:38:42,476 - INFO - Wrote 1353 entries to D:\Model-Finetuning\wav2vec2\error_analysis\xhosa_female.json
2025-12-28 17:38:42,511 - INFO - Wrote 1140 entries to D:\Model-Finetuning\wav2vec2\error_analysis\xhosa_male.json
2025-12-28 17:38:42,520 - INFO - Wrote 7 entries to D:\Model-Finetuning\wav2vec2\error_analysis\xhosa_not available.json
2025-12-28 17:38:42,520 - INFO - Completed processing for language: xhosa
2025-12-28 17:38:42,521 - INFO - ==================================================
2025-12-28 17:38:42,521 - INFO - Processing language: siswati
2025-12-28 17:38:42,521 - INFO - ==================================================
2025-12-28 17:38:42,527 - INFO - Loaded 2500 inference entries for language: siswati
2025-12-28 17:38:42,527 - INFO - Loading test data from D:\Model-Finetuning\wav2vec2\data\siswati_dataset.json
2025-12-28 17:38:42,542 - INFO - Loading test data from D:\Model-Finetuning\wav2vec2\data\nchlt_ssw.json
2025-12-28 17:38:42,649 - INFO - Loaded 49340 test entries for language: siswati
2025-12-28 17:38:42,665 - INFO - Combined entries count: 2500
2025-12-28 17:38:42,680 - INFO - Wrote 152 entries to D:\Model-Finetuning\wav2vec2\error_analysis\siswati_40_49.json
2025-12-28 17:38:42,688 - INFO - Wrote 167 entries to D:\Model-Finetuning\wav2vec2\error_analysis\siswati_30_39.json
2025-12-28 17:38:42,750 - INFO - Wrote 1923 entries to D:\Model-Finetuning\wav2vec2\error_analysis\siswati_19_29.json
2025-12-28 17:38:42,756 - INFO - Wrote 44 entries to D:\Model-Finetuning\wav2vec2\error_analysis\siswati_unknown.json
2025-12-28 17:38:42,760 - INFO - Wrote 31 entries to D:\Model-Finetuning\wav2vec2\error_analysis\siswati_50_plus.json
2025-12-28 17:38:42,770 - INFO - Wrote 183 entries to D:\Model-Finetuning\wav2vec2\error_analysis\siswati_18_below.json
2025-12-28 17:38:42,804 - INFO - Wrote 1129 entries to D:\Model-Finetuning\wav2vec2\error_analysis\siswati_male.json
2025-12-28 17:38:42,848 - INFO - Wrote 1367 entries to D:\Model-Finetuning\wav2vec2\error_analysis\siswati_female.json
2025-12-28 17:38:42,854 - INFO - Wrote 2 entries to D:\Model-Finetuning\wav2vec2\error_analysis\siswati_not available.json
2025-12-28 17:38:42,857 - INFO - Wrote 2 entries to D:\Model-Finetuning\wav2vec2\error_analysis\siswati_cellphone.json
2025-12-28 17:38:42,857 - INFO - Completed processing for language: siswati
2025-12-28 17:38:42,857 - INFO - ==================================================
2025-12-28 17:38:42,857 - INFO - Processing language: ndebele
2025-12-28 17:38:42,857 - INFO - ==================================================
2025-12-28 17:38:42,862 - INFO - Loaded 2500 inference entries for language: ndebele
2025-12-28 17:38:42,862 - INFO - Loading test data from D:\Model-Finetuning\wav2vec2\data\ndebele_dataset.json
2025-12-28 17:38:42,879 - INFO - Loading test data from D:\Model-Finetuning\wav2vec2\data\nchlt_nbl.json
2025-12-28 17:38:42,989 - INFO - Loaded 48536 test entries for language: ndebele
2025-12-28 17:38:43,008 - INFO - Combined entries count: 2500
2025-12-28 17:38:43,074 - INFO - Wrote 1798 entries to D:\Model-Finetuning\wav2vec2\error_analysis\ndebele_19_29.json
2025-12-28 17:38:43,085 - INFO - Wrote 191 entries to D:\Model-Finetuning\wav2vec2\error_analysis\ndebele_40_49.json
2025-12-28 17:38:43,098 - INFO - Wrote 259 entries to D:\Model-Finetuning\wav2vec2\error_analysis\ndebele_30_39.json
2025-12-28 17:38:43,110 - INFO - Wrote 233 entries to D:\Model-Finetuning\wav2vec2\error_analysis\ndebele_18_below.json
2025-12-28 17:38:43,114 - INFO - Wrote 8 entries to D:\Model-Finetuning\wav2vec2\error_analysis\ndebele_50_plus.json
2025-12-28 17:38:43,117 - INFO - Wrote 11 entries to D:\Model-Finetuning\wav2vec2\error_analysis\ndebele_unknown.json
2025-12-28 17:38:43,157 - INFO - Wrote 1335 entries to D:\Model-Finetuning\wav2vec2\error_analysis\ndebele_female.json
2025-12-28 17:38:43,198 - INFO - Wrote 1165 entries to D:\Model-Finetuning\wav2vec2\error_analysis\ndebele_male.json
2025-12-28 17:38:43,198 - INFO - Completed processing for language: ndebele
2025-12-28 17:38:43,199 - INFO - All processing complete.
