2025-12-28 17:10:59,231 - INFO - Logging setup complete.
2025-12-28 17:10:59,231 - INFO - ==================================================
2025-12-28 17:10:59,231 - INFO - Processing language: zulu
2025-12-28 17:10:59,231 - INFO - ==================================================
2025-12-28 17:10:59,236 - INFO - Loaded 2500 inference entries for language: zulu
2025-12-28 17:10:59,236 - INFO - Loading test data from D:\Model-Finetuning\wav2vec2\data\zulu_dataset.json
2025-12-28 17:10:59,249 - WARNING - Test data file D:\Model-Finetuning\wav2vec2\data\nchlt_zu.json does not exist.
2025-12-28 17:10:59,249 - INFO - Loaded 5785 test entries for language: zulu
2025-12-28 17:10:59,251 - INFO - Combined entries count: 2500
2025-12-28 17:10:59,260 - INFO - Wrote 119 entries to D:\Model-Finetuning\wav2vec2\error_analysis\zulu_30_39.json
2025-12-28 17:10:59,266 - INFO - Wrote 80 entries to D:\Model-Finetuning\wav2vec2\error_analysis\zulu_50_plus.json
2025-12-28 17:10:59,274 - INFO - Wrote 131 entries to D:\Model-Finetuning\wav2vec2\error_analysis\zulu_40_49.json
2025-12-28 17:10:59,285 - INFO - Wrote 186 entries to D:\Model-Finetuning\wav2vec2\error_analysis\zulu_19_29.json
2025-12-28 17:10:59,348 - INFO - Wrote 1943 entries to D:\Model-Finetuning\wav2vec2\error_analysis\zulu_unknown.json
2025-12-28 17:10:59,356 - INFO - Wrote 41 entries to D:\Model-Finetuning\wav2vec2\error_analysis\zulu_18_below.json
2025-12-28 17:10:59,372 - INFO - Wrote 279 entries to D:\Model-Finetuning\wav2vec2\error_analysis\zulu_male.json
2025-12-28 17:10:59,388 - INFO - Wrote 288 entries to D:\Model-Finetuning\wav2vec2\error_analysis\zulu_female.json
2025-12-28 17:10:59,401 - INFO - Wrote 9 entries to D:\Model-Finetuning\wav2vec2\error_analysis\zulu_not available.json
2025-12-28 17:10:59,405 - INFO - Wrote 3 entries to D:\Model-Finetuning\wav2vec2\error_analysis\zulu_landline.json
2025-12-28 17:10:59,471 - INFO - Wrote 1921 entries to D:\Model-Finetuning\wav2vec2\error_analysis\zulu_unknown.json
2025-12-28 17:10:59,471 - INFO - Completed processing for language: zulu
2025-12-28 17:10:59,471 - INFO - ==================================================
2025-12-28 17:10:59,471 - INFO - Processing language: xhosa
2025-12-28 17:10:59,471 - INFO - ==================================================
2025-12-28 17:10:59,482 - INFO - Loaded 2500 inference entries for language: xhosa
2025-12-28 17:10:59,482 - INFO - Loading test data from D:\Model-Finetuning\wav2vec2\data\xhosa_dataset.json
2025-12-28 17:10:59,498 - WARNING - Test data file D:\Model-Finetuning\wav2vec2\data\nchlt_xh.json does not exist.
2025-12-28 17:10:59,499 - INFO - Loaded 6242 test entries for language: xhosa
2025-12-28 17:10:59,502 - INFO - Combined entries count: 2500
2025-12-28 17:10:59,513 - INFO - Wrote 233 entries to D:\Model-Finetuning\wav2vec2\error_analysis\xhosa_30_39.json
2025-12-28 17:10:59,522 - INFO - Wrote 173 entries to D:\Model-Finetuning\wav2vec2\error_analysis\xhosa_19_29.json
2025-12-28 17:10:59,530 - INFO - Wrote 140 entries to D:\Model-Finetuning\wav2vec2\error_analysis\xhosa_40_49.json
2025-12-28 17:10:59,576 - INFO - Wrote 1892 entries to D:\Model-Finetuning\wav2vec2\error_analysis\xhosa_unknown.json
2025-12-28 17:10:59,582 - INFO - Wrote 54 entries to D:\Model-Finetuning\wav2vec2\error_analysis\xhosa_50_plus.json
2025-12-28 17:10:59,587 - INFO - Wrote 8 entries to D:\Model-Finetuning\wav2vec2\error_analysis\xhosa_18_below.json
2025-12-28 17:10:59,602 - INFO - Wrote 310 entries to D:\Model-Finetuning\wav2vec2\error_analysis\xhosa_female.json
2025-12-28 17:10:59,616 - INFO - Wrote 308 entries to D:\Model-Finetuning\wav2vec2\error_analysis\xhosa_male.json
2025-12-28 17:10:59,620 - INFO - Wrote 7 entries to D:\Model-Finetuning\wav2vec2\error_analysis\xhosa_not available.json
2025-12-28 17:10:59,675 - INFO - Wrote 1875 entries to D:\Model-Finetuning\wav2vec2\error_analysis\xhosa_unknown.json
2025-12-28 17:10:59,675 - INFO - Completed processing for language: xhosa
2025-12-28 17:10:59,675 - INFO - ==================================================
2025-12-28 17:10:59,675 - INFO - Processing language: siswati
2025-12-28 17:10:59,675 - INFO - ==================================================
2025-12-28 17:10:59,684 - INFO - Loaded 2500 inference entries for language: siswati
2025-12-28 17:10:59,684 - INFO - Loading test data from D:\Model-Finetuning\wav2vec2\data\siswati_dataset.json
2025-12-28 17:10:59,701 - INFO - Loading test data from D:\Model-Finetuning\wav2vec2\data\nchlt_ssw.json
2025-12-28 17:10:59,790 - INFO - Loaded 49340 test entries for language: siswati
2025-12-28 17:10:59,803 - INFO - Combined entries count: 2500
2025-12-28 17:10:59,812 - INFO - Wrote 152 entries to D:\Model-Finetuning\wav2vec2\error_analysis\siswati_40_49.json
2025-12-28 17:10:59,820 - INFO - Wrote 138 entries to D:\Model-Finetuning\wav2vec2\error_analysis\siswati_30_39.json
2025-12-28 17:10:59,831 - INFO - Wrote 204 entries to D:\Model-Finetuning\wav2vec2\error_analysis\siswati_19_29.json
2025-12-28 17:10:59,890 - INFO - Wrote 1960 entries to D:\Model-Finetuning\wav2vec2\error_analysis\siswati_unknown.json
2025-12-28 17:10:59,895 - INFO - Wrote 31 entries to D:\Model-Finetuning\wav2vec2\error_analysis\siswati_50_plus.json
2025-12-28 17:10:59,899 - INFO - Wrote 15 entries to D:\Model-Finetuning\wav2vec2\error_analysis\siswati_18_below.json
2025-12-28 17:10:59,911 - INFO - Wrote 272 entries to D:\Model-Finetuning\wav2vec2\error_analysis\siswati_male.json
2025-12-28 17:10:59,930 - INFO - Wrote 308 entries to D:\Model-Finetuning\wav2vec2\error_analysis\siswati_female.json
2025-12-28 17:10:59,936 - INFO - Wrote 2 entries to D:\Model-Finetuning\wav2vec2\error_analysis\siswati_not available.json
2025-12-28 17:10:59,941 - INFO - Wrote 2 entries to D:\Model-Finetuning\wav2vec2\error_analysis\siswati_cellphone.json
2025-12-28 17:11:00,005 - INFO - Wrote 1916 entries to D:\Model-Finetuning\wav2vec2\error_analysis\siswati_unknown.json
2025-12-28 17:11:00,005 - INFO - Completed processing for language: siswati
2025-12-28 17:11:00,005 - INFO - ==================================================
2025-12-28 17:11:00,005 - INFO - Processing language: ndebele
2025-12-28 17:11:00,005 - INFO - ==================================================
2025-12-28 17:11:00,028 - INFO - Loaded 2500 inference entries for language: ndebele
2025-12-28 17:11:00,028 - INFO - Loading test data from D:\Model-Finetuning\wav2vec2\data\ndebele_dataset.json
2025-12-28 17:11:00,061 - INFO - Loading test data from D:\Model-Finetuning\wav2vec2\data\nchlt_nbl.json
2025-12-28 17:11:00,152 - INFO - Loaded 48536 test entries for language: ndebele
2025-12-28 17:11:00,164 - INFO - Combined entries count: 2500
2025-12-28 17:11:00,178 - INFO - Wrote 228 entries to D:\Model-Finetuning\wav2vec2\error_analysis\ndebele_19_29.json
2025-12-28 17:11:00,187 - INFO - Wrote 144 entries to D:\Model-Finetuning\wav2vec2\error_analysis\ndebele_40_49.json
2025-12-28 17:11:00,197 - INFO - Wrote 159 entries to D:\Model-Finetuning\wav2vec2\error_analysis\ndebele_30_39.json
2025-12-28 17:11:00,203 - INFO - Wrote 52 entries to D:\Model-Finetuning\wav2vec2\error_analysis\ndebele_18_below.json
2025-12-28 17:11:00,206 - INFO - Wrote 8 entries to D:\Model-Finetuning\wav2vec2\error_analysis\ndebele_50_plus.json
2025-12-28 17:11:00,269 - INFO - Wrote 1909 entries to D:\Model-Finetuning\wav2vec2\error_analysis\ndebele_unknown.json
2025-12-28 17:11:00,289 - INFO - Wrote 288 entries to D:\Model-Finetuning\wav2vec2\error_analysis\ndebele_female.json
2025-12-28 17:11:00,308 - INFO - Wrote 314 entries to D:\Model-Finetuning\wav2vec2\error_analysis\ndebele_male.json
2025-12-28 17:11:00,384 - INFO - Wrote 1898 entries to D:\Model-Finetuning\wav2vec2\error_analysis\ndebele_unknown.json
2025-12-28 17:11:00,384 - INFO - Completed processing for language: ndebele
2025-12-28 17:11:00,384 - INFO - All processing complete.
