2025-12-28 16:46:34,995 - INFO - Logging setup complete.
2025-12-28 16:46:34,995 - INFO - ==================================================
2025-12-28 16:46:34,995 - INFO - Processing language: zulu
2025-12-28 16:46:34,995 - INFO - ==================================================
2025-12-28 16:46:35,000 - INFO - Loaded 2500 inference entries for language: zulu
2025-12-28 16:46:35,000 - WARNING - Test data file D:\Model-Finetuning\wav2vec2\data\zu_test.json does not exist.
2025-12-28 16:46:35,000 - WARNING - Test data file D:\Model-Finetuning\wav2vec2\data\nchlt_zu_test.json does not exist.
2025-12-28 16:46:35,000 - INFO - Loaded 0 test entries for language: zulu
2025-12-28 16:46:35,001 - INFO - Combined entries count: 2500
2025-12-28 16:46:35,079 - INFO - Wrote 2500 entries to D:\Model-Finetuning\wav2vec2\error_analysis\zulu_unknown.json
2025-12-28 16:46:35,151 - INFO - Wrote 2500 entries to D:\Model-Finetuning\wav2vec2\error_analysis\zulu_none.json
2025-12-28 16:46:35,151 - INFO - Completed processing for language: zulu
2025-12-28 16:46:35,151 - INFO - ==================================================
2025-12-28 16:46:35,151 - INFO - Processing language: xhosa
2025-12-28 16:46:35,151 - INFO - ==================================================
2025-12-28 16:46:35,157 - INFO - Loaded 2500 inference entries for language: xhosa
2025-12-28 16:46:35,158 - WARNING - Test data file D:\Model-Finetuning\wav2vec2\data\xh_test.json does not exist.
2025-12-28 16:46:35,158 - WARNING - Test data file D:\Model-Finetuning\wav2vec2\data\nchlt_xh_test.json does not exist.
2025-12-28 16:46:35,158 - INFO - Loaded 0 test entries for language: xhosa
2025-12-28 16:46:35,158 - INFO - Combined entries count: 2500
2025-12-28 16:46:35,236 - INFO - Wrote 2500 entries to D:\Model-Finetuning\wav2vec2\error_analysis\xhosa_unknown.json
2025-12-28 16:46:35,310 - INFO - Wrote 2500 entries to D:\Model-Finetuning\wav2vec2\error_analysis\xhosa_none.json
2025-12-28 16:46:35,311 - INFO - Completed processing for language: xhosa
2025-12-28 16:46:35,311 - INFO - ==================================================
2025-12-28 16:46:35,311 - INFO - Processing language: siswati
2025-12-28 16:46:35,311 - INFO - ==================================================
2025-12-28 16:46:35,316 - INFO - Loaded 2500 inference entries for language: siswati
2025-12-28 16:46:35,316 - WARNING - Test data file D:\Model-Finetuning\wav2vec2\data\ssw_test.json does not exist.
2025-12-28 16:46:35,316 - WARNING - Test data file D:\Model-Finetuning\wav2vec2\data\nchlt_ssw_test.json does not exist.
2025-12-28 16:46:35,316 - INFO - Loaded 0 test entries for language: siswati
2025-12-28 16:46:35,317 - INFO - Combined entries count: 2500
2025-12-28 16:46:35,393 - INFO - Wrote 2500 entries to D:\Model-Finetuning\wav2vec2\error_analysis\siswati_unknown.json
2025-12-28 16:46:35,474 - INFO - Wrote 2500 entries to D:\Model-Finetuning\wav2vec2\error_analysis\siswati_none.json
2025-12-28 16:46:35,475 - INFO - Completed processing for language: siswati
2025-12-28 16:46:35,475 - INFO - ==================================================
2025-12-28 16:46:35,475 - INFO - Processing language: ndebele
2025-12-28 16:46:35,475 - INFO - ==================================================
2025-12-28 16:46:35,481 - INFO - Loaded 2500 inference entries for language: ndebele
2025-12-28 16:46:35,481 - WARNING - Test data file D:\Model-Finetuning\wav2vec2\data\nbl_test.json does not exist.
2025-12-28 16:46:35,482 - WARNING - Test data file D:\Model-Finetuning\wav2vec2\data\nchlt_nbl_test.json does not exist.
2025-12-28 16:46:35,482 - INFO - Loaded 0 test entries for language: ndebele
2025-12-28 16:46:35,482 - INFO - Combined entries count: 2500
2025-12-28 16:46:35,553 - INFO - Wrote 2500 entries to D:\Model-Finetuning\wav2vec2\error_analysis\ndebele_unknown.json
2025-12-28 16:46:35,626 - INFO - Wrote 2500 entries to D:\Model-Finetuning\wav2vec2\error_analysis\ndebele_none.json
2025-12-28 16:46:35,626 - INFO - Completed processing for language: ndebele
2025-12-28 16:46:35,626 - INFO - All processing complete.
