2025-12-28 17:37:27,291 - INFO - Logging setup complete.
2025-12-28 17:37:27,291 - INFO - ==================================================
2025-12-28 17:37:27,291 - INFO - Processing language: zulu
2025-12-28 17:37:27,291 - INFO - ==================================================
2025-12-28 17:37:27,296 - INFO - Loaded 2500 inference entries for language: zulu
2025-12-28 17:37:27,297 - INFO - Loading test data from D:\Model-Finetuning\wav2vec2\data\zulu_dataset.json
2025-12-28 17:37:27,311 - INFO - Loading test data from D:\Model-Finetuning\wav2vec2\data\nchlt_zul.json
2025-12-28 17:37:27,417 - INFO - Loaded 50458 test entries for language: zulu
2025-12-28 17:37:27,439 - INFO - Combined entries count: 2500
2025-12-28 17:37:27,451 - INFO - Wrote 298 entries to D:\Model-Finetuning\wav2vec2\error_analysis\zulu_30_39.json
2025-12-28 17:37:27,458 - INFO - Wrote 95 entries to D:\Model-Finetuning\wav2vec2\error_analysis\zulu_50_plus.json
2025-12-28 17:37:27,468 - INFO - Wrote 191 entries to D:\Model-Finetuning\wav2vec2\error_analysis\zulu_40_49.json
2025-12-28 17:37:27,500 - INFO - Wrote 1173 entries to D:\Model-Finetuning\wav2vec2\error_analysis\zulu_19_29.json
2025-12-28 17:37:27,503 - INFO - Wrote 22 entries to D:\Model-Finetuning\wav2vec2\error_analysis\zulu_unknown.json
2025-12-28 17:37:27,528 - INFO - Wrote 721 entries to D:\Model-Finetuning\wav2vec2\error_analysis\zulu_18_below.json
2025-12-28 17:37:27,572 - INFO - Wrote 1292 entries to D:\Model-Finetuning\wav2vec2\error_analysis\zulu_male.json
2025-12-28 17:37:27,611 - INFO - Wrote 1196 entries to D:\Model-Finetuning\wav2vec2\error_analysis\zulu_female.json
2025-12-28 17:37:27,615 - INFO - Wrote 9 entries to D:\Model-Finetuning\wav2vec2\error_analysis\zulu_not available.json
2025-12-28 17:37:27,618 - INFO - Wrote 3 entries to D:\Model-Finetuning\wav2vec2\error_analysis\zulu_landline.json
2025-12-28 17:37:27,618 - INFO - Completed processing for language: zulu
2025-12-28 17:37:27,618 - INFO - ==================================================
2025-12-28 17:37:27,618 - INFO - Processing language: xhosa
2025-12-28 17:37:27,618 - INFO - ==================================================
2025-12-28 17:37:27,625 - INFO - Loaded 2500 inference entries for language: xhosa
2025-12-28 17:37:27,626 - INFO - Loading test data from D:\Model-Finetuning\wav2vec2\data\xhosa_dataset.json
2025-12-28 17:37:27,645 - INFO - Loading test data from D:\Model-Finetuning\wav2vec2\data\nchlt_xho.json
2025-12-28 17:37:27,761 - INFO - Loaded 52893 test entries for language: xhosa
2025-12-28 17:37:27,793 - INFO - Combined entries count: 2500
2025-12-28 17:37:27,835 - INFO - Wrote 451 entries to D:\Model-Finetuning\wav2vec2\error_analysis\xhosa_30_39.json
2025-12-28 17:37:27,867 - INFO - Wrote 874 entries to D:\Model-Finetuning\wav2vec2\error_analysis\xhosa_19_29.json
2025-12-28 17:37:27,876 - INFO - Wrote 185 entries to D:\Model-Finetuning\wav2vec2\error_analysis\xhosa_40_49.json
2025-12-28 17:37:27,880 - INFO - Wrote 17 entries to D:\Model-Finetuning\wav2vec2\error_analysis\xhosa_unknown.json
2025-12-28 17:37:27,885 - INFO - Wrote 126 entries to D:\Model-Finetuning\wav2vec2\error_analysis\xhosa_50_plus.json
2025-12-28 17:37:27,912 - INFO - Wrote 847 entries to D:\Model-Finetuning\wav2vec2\error_analysis\xhosa_18_below.json
2025-12-28 17:37:27,948 - INFO - Wrote 1353 entries to D:\Model-Finetuning\wav2vec2\error_analysis\xhosa_female.json
2025-12-28 17:37:27,982 - INFO - Wrote 1140 entries to D:\Model-Finetuning\wav2vec2\error_analysis\xhosa_male.json
2025-12-28 17:37:27,986 - INFO - Wrote 7 entries to D:\Model-Finetuning\wav2vec2\error_analysis\xhosa_not available.json
2025-12-28 17:37:27,986 - INFO - Completed processing for language: xhosa
2025-12-28 17:37:27,986 - INFO - ==================================================
2025-12-28 17:37:27,986 - INFO - Processing language: siswati
2025-12-28 17:37:27,986 - INFO - ==================================================
2025-12-28 17:37:27,993 - INFO - Loaded 2500 inference entries for language: siswati
2025-12-28 17:37:27,995 - INFO - Loading test data from D:\Model-Finetuning\wav2vec2\data\siswati_dataset.json
2025-12-28 17:37:28,009 - INFO - Loading test data from D:\Model-Finetuning\wav2vec2\data\nchlt_ssw.json
2025-12-28 17:37:28,122 - INFO - Loaded 49340 test entries for language: siswati
2025-12-28 17:37:28,139 - INFO - Combined entries count: 2500
2025-12-28 17:37:28,153 - INFO - Wrote 152 entries to D:\Model-Finetuning\wav2vec2\error_analysis\siswati_40_49.json
2025-12-28 17:37:28,162 - INFO - Wrote 167 entries to D:\Model-Finetuning\wav2vec2\error_analysis\siswati_30_39.json
2025-12-28 17:37:28,211 - INFO - Wrote 1609 entries to D:\Model-Finetuning\wav2vec2\error_analysis\siswati_19_29.json
2025-12-28 17:37:28,215 - INFO - Wrote 44 entries to D:\Model-Finetuning\wav2vec2\error_analysis\siswati_unknown.json
2025-12-28 17:37:28,219 - INFO - Wrote 31 entries to D:\Model-Finetuning\wav2vec2\error_analysis\siswati_50_plus.json
2025-12-28 17:37:28,237 - INFO - Wrote 497 entries to D:\Model-Finetuning\wav2vec2\error_analysis\siswati_18_below.json
2025-12-28 17:37:28,271 - INFO - Wrote 1129 entries to D:\Model-Finetuning\wav2vec2\error_analysis\siswati_male.json
2025-12-28 17:37:28,314 - INFO - Wrote 1367 entries to D:\Model-Finetuning\wav2vec2\error_analysis\siswati_female.json
2025-12-28 17:37:28,319 - INFO - Wrote 2 entries to D:\Model-Finetuning\wav2vec2\error_analysis\siswati_not available.json
2025-12-28 17:37:28,322 - INFO - Wrote 2 entries to D:\Model-Finetuning\wav2vec2\error_analysis\siswati_cellphone.json
2025-12-28 17:37:28,322 - INFO - Completed processing for language: siswati
2025-12-28 17:37:28,322 - INFO - ==================================================
2025-12-28 17:37:28,322 - INFO - Processing language: ndebele
2025-12-28 17:37:28,322 - INFO - ==================================================
2025-12-28 17:37:28,328 - INFO - Loaded 2500 inference entries for language: ndebele
2025-12-28 17:37:28,331 - INFO - Loading test data from D:\Model-Finetuning\wav2vec2\data\ndebele_dataset.json
2025-12-28 17:37:28,347 - INFO - Loading test data from D:\Model-Finetuning\wav2vec2\data\nchlt_nbl.json
2025-12-28 17:37:28,455 - INFO - Loaded 48536 test entries for language: ndebele
2025-12-28 17:37:28,468 - INFO - Combined entries count: 2500
2025-12-28 17:37:28,513 - INFO - Wrote 1351 entries to D:\Model-Finetuning\wav2vec2\error_analysis\ndebele_19_29.json
2025-12-28 17:37:28,522 - INFO - Wrote 191 entries to D:\Model-Finetuning\wav2vec2\error_analysis\ndebele_40_49.json
2025-12-28 17:37:28,533 - INFO - Wrote 259 entries to D:\Model-Finetuning\wav2vec2\error_analysis\ndebele_30_39.json
2025-12-28 17:37:28,552 - INFO - Wrote 680 entries to D:\Model-Finetuning\wav2vec2\error_analysis\ndebele_18_below.json
2025-12-28 17:37:28,557 - INFO - Wrote 8 entries to D:\Model-Finetuning\wav2vec2\error_analysis\ndebele_50_plus.json
2025-12-28 17:37:28,560 - INFO - Wrote 11 entries to D:\Model-Finetuning\wav2vec2\error_analysis\ndebele_unknown.json
2025-12-28 17:37:28,598 - INFO - Wrote 1335 entries to D:\Model-Finetuning\wav2vec2\error_analysis\ndebele_female.json
2025-12-28 17:37:28,635 - INFO - Wrote 1165 entries to D:\Model-Finetuning\wav2vec2\error_analysis\ndebele_male.json
2025-12-28 17:37:28,635 - INFO - Completed processing for language: ndebele
2025-12-28 17:37:28,635 - INFO - All processing complete.
