2025-12-28 18:21:28,749 - INFO - Logging setup complete.
2025-12-28 18:21:28,749 - INFO - ==================================================
2025-12-28 18:21:28,749 - INFO - Processing language: zulu
2025-12-28 18:21:28,749 - INFO - ==================================================
2025-12-28 18:21:28,757 - INFO - Loaded 2500 inference entries for language: zulu
2025-12-28 18:21:28,759 - INFO - Loading test data from D:\Model-Finetuning\wav2vec2\data\zulu_dataset.json
2025-12-28 18:21:28,778 - INFO - Loading test data from D:\Model-Finetuning\wav2vec2\data\nchlt_zul.json
2025-12-28 18:21:28,890 - INFO - Loaded 50458 test entries for language: zulu
2025-12-28 18:21:28,909 - INFO - Combined entries count: 2500
2025-12-28 18:21:28,924 - INFO - Wrote 298 entries to D:\Model-Finetuning\wav2vec2\error_analysis\zulu_30_39.json
2025-12-28 18:21:28,930 - INFO - Wrote 95 entries to D:\Model-Finetuning\wav2vec2\error_analysis\zulu_50_plus.json
2025-12-28 18:21:28,939 - INFO - Wrote 191 entries to D:\Model-Finetuning\wav2vec2\error_analysis\zulu_40_49.json
2025-12-28 18:21:28,972 - INFO - Wrote 1173 entries to D:\Model-Finetuning\wav2vec2\error_analysis\zulu_19_29.json
2025-12-28 18:21:28,989 - INFO - Wrote 523 entries to D:\Model-Finetuning\wav2vec2\error_analysis\zulu_unknown.json
2025-12-28 18:21:28,999 - INFO - Wrote 220 entries to D:\Model-Finetuning\wav2vec2\error_analysis\zulu_18_below.json
2025-12-28 18:21:29,037 - INFO - Wrote 1292 entries to D:\Model-Finetuning\wav2vec2\error_analysis\zulu_male.json
2025-12-28 18:21:29,075 - INFO - Wrote 1196 entries to D:\Model-Finetuning\wav2vec2\error_analysis\zulu_female.json
2025-12-28 18:21:29,080 - INFO - Wrote 9 entries to D:\Model-Finetuning\wav2vec2\error_analysis\zulu_not available.json
2025-12-28 18:21:29,083 - INFO - Wrote 3 entries to D:\Model-Finetuning\wav2vec2\error_analysis\zulu_landline.json
2025-12-28 18:21:29,083 - INFO - Completed processing for language: zulu
2025-12-28 18:21:29,083 - INFO - ==================================================
2025-12-28 18:21:29,083 - INFO - Processing language: xhosa
2025-12-28 18:21:29,083 - INFO - ==================================================
2025-12-28 18:21:29,092 - INFO - Loaded 2500 inference entries for language: xhosa
2025-12-28 18:21:29,094 - INFO - Loading test data from D:\Model-Finetuning\wav2vec2\data\xhosa_dataset.json
2025-12-28 18:21:29,114 - INFO - Loading test data from D:\Model-Finetuning\wav2vec2\data\nchlt_xho.json
2025-12-28 18:21:29,228 - INFO - Loaded 52893 test entries for language: xhosa
2025-12-28 18:21:29,244 - INFO - Combined entries count: 2500
2025-12-28 18:21:29,264 - INFO - Wrote 451 entries to D:\Model-Finetuning\wav2vec2\error_analysis\xhosa_30_39.json
2025-12-28 18:21:29,289 - INFO - Wrote 874 entries to D:\Model-Finetuning\wav2vec2\error_analysis\xhosa_19_29.json
2025-12-28 18:21:29,299 - INFO - Wrote 185 entries to D:\Model-Finetuning\wav2vec2\error_analysis\xhosa_40_49.json
2025-12-28 18:21:29,327 - INFO - Wrote 830 entries to D:\Model-Finetuning\wav2vec2\error_analysis\xhosa_unknown.json
2025-12-28 18:21:29,335 - INFO - Wrote 126 entries to D:\Model-Finetuning\wav2vec2\error_analysis\xhosa_50_plus.json
2025-12-28 18:21:29,339 - INFO - Wrote 34 entries to D:\Model-Finetuning\wav2vec2\error_analysis\xhosa_18_below.json
2025-12-28 18:21:29,380 - INFO - Wrote 1353 entries to D:\Model-Finetuning\wav2vec2\error_analysis\xhosa_female.json
2025-12-28 18:21:29,422 - INFO - Wrote 1140 entries to D:\Model-Finetuning\wav2vec2\error_analysis\xhosa_male.json
2025-12-28 18:21:29,428 - INFO - Wrote 7 entries to D:\Model-Finetuning\wav2vec2\error_analysis\xhosa_not available.json
2025-12-28 18:21:29,428 - INFO - Completed processing for language: xhosa
2025-12-28 18:21:29,428 - INFO - ==================================================
2025-12-28 18:21:29,428 - INFO - Processing language: siswati
2025-12-28 18:21:29,428 - INFO - ==================================================
2025-12-28 18:21:29,437 - INFO - Loaded 2500 inference entries for language: siswati
2025-12-28 18:21:29,439 - INFO - Loading test data from D:\Model-Finetuning\wav2vec2\data\siswati_dataset.json
2025-12-28 18:21:29,457 - INFO - Loading test data from D:\Model-Finetuning\wav2vec2\data\nchlt_ssw.json
2025-12-28 18:21:29,574 - INFO - Loaded 49340 test entries for language: siswati
2025-12-28 18:21:29,588 - INFO - Combined entries count: 2500
2025-12-28 18:21:29,602 - INFO - Wrote 152 entries to D:\Model-Finetuning\wav2vec2\error_analysis\siswati_40_49.json
2025-12-28 18:21:29,610 - INFO - Wrote 167 entries to D:\Model-Finetuning\wav2vec2\error_analysis\siswati_30_39.json
2025-12-28 18:21:29,654 - INFO - Wrote 1609 entries to D:\Model-Finetuning\wav2vec2\error_analysis\siswati_19_29.json
2025-12-28 18:21:29,667 - INFO - Wrote 358 entries to D:\Model-Finetuning\wav2vec2\error_analysis\siswati_unknown.json
2025-12-28 18:21:29,671 - INFO - Wrote 31 entries to D:\Model-Finetuning\wav2vec2\error_analysis\siswati_50_plus.json
2025-12-28 18:21:29,678 - INFO - Wrote 183 entries to D:\Model-Finetuning\wav2vec2\error_analysis\siswati_18_below.json
2025-12-28 18:21:29,732 - INFO - Wrote 1129 entries to D:\Model-Finetuning\wav2vec2\error_analysis\siswati_male.json
2025-12-28 18:21:29,772 - INFO - Wrote 1367 entries to D:\Model-Finetuning\wav2vec2\error_analysis\siswati_female.json
2025-12-28 18:21:29,776 - INFO - Wrote 2 entries to D:\Model-Finetuning\wav2vec2\error_analysis\siswati_not available.json
2025-12-28 18:21:29,778 - INFO - Wrote 2 entries to D:\Model-Finetuning\wav2vec2\error_analysis\siswati_cellphone.json
2025-12-28 18:21:29,779 - INFO - Completed processing for language: siswati
2025-12-28 18:21:29,779 - INFO - ==================================================
2025-12-28 18:21:29,779 - INFO - Processing language: ndebele
2025-12-28 18:21:29,779 - INFO - ==================================================
2025-12-28 18:21:29,787 - INFO - Loaded 2500 inference entries for language: ndebele
2025-12-28 18:21:29,789 - INFO - Loading test data from D:\Model-Finetuning\wav2vec2\data\ndebele_dataset.json
2025-12-28 18:21:29,808 - INFO - Loading test data from D:\Model-Finetuning\wav2vec2\data\nchlt_nbl.json
2025-12-28 18:21:29,921 - INFO - Loaded 48536 test entries for language: ndebele
2025-12-28 18:21:29,935 - INFO - Combined entries count: 2500
2025-12-28 18:21:29,981 - INFO - Wrote 1351 entries to D:\Model-Finetuning\wav2vec2\error_analysis\ndebele_19_29.json
2025-12-28 18:21:29,990 - INFO - Wrote 191 entries to D:\Model-Finetuning\wav2vec2\error_analysis\ndebele_40_49.json
2025-12-28 18:21:30,002 - INFO - Wrote 259 entries to D:\Model-Finetuning\wav2vec2\error_analysis\ndebele_30_39.json
2025-12-28 18:21:30,011 - INFO - Wrote 233 entries to D:\Model-Finetuning\wav2vec2\error_analysis\ndebele_18_below.json
2025-12-28 18:21:30,015 - INFO - Wrote 8 entries to D:\Model-Finetuning\wav2vec2\error_analysis\ndebele_50_plus.json
2025-12-28 18:21:30,028 - INFO - Wrote 458 entries to D:\Model-Finetuning\wav2vec2\error_analysis\ndebele_unknown.json
2025-12-28 18:21:30,067 - INFO - Wrote 1335 entries to D:\Model-Finetuning\wav2vec2\error_analysis\ndebele_female.json
2025-12-28 18:21:30,106 - INFO - Wrote 1165 entries to D:\Model-Finetuning\wav2vec2\error_analysis\ndebele_male.json
2025-12-28 18:21:30,106 - INFO - Completed processing for language: ndebele
2025-12-28 18:21:30,107 - INFO - All processing complete.
