2025-12-28 16:44:49,848 - INFO - Logging setup complete.
2025-12-28 16:44:49,849 - INFO - ==================================================
2025-12-28 16:44:49,849 - INFO - Processing language: zulu
2025-12-28 16:44:49,849 - INFO - ==================================================
2025-12-28 16:44:49,853 - INFO - Loaded 2500 inference entries for language: zulu
2025-12-28 16:44:49,853 - WARNING - Test data file D:\Model-Finetuning\wav2vec2\data\zu_test.json does not exist.
2025-12-28 16:44:49,853 - WARNING - Test data file D:\Model-Finetuning\wav2vec2\data\nchlt_zu_test.json does not exist.
2025-12-28 16:44:49,853 - INFO - Loaded 0 test entries for language: zulu
2025-12-28 16:44:49,854 - INFO - Combined entries count: 2500
2025-12-28 16:44:49,929 - INFO - Wrote 2500 entries to D:\Model-Finetuning\wav2vec2\error_analysis\zulu_unknown.json
2025-12-28 16:44:50,014 - INFO - Wrote 2500 entries to D:\Model-Finetuning\wav2vec2\error_analysis\zulu_none.json
2025-12-28 16:44:50,014 - INFO - Completed processing for language: zulu
2025-12-28 16:44:50,014 - INFO - ==================================================
2025-12-28 16:44:50,014 - INFO - Processing language: xhosa
2025-12-28 16:44:50,014 - INFO - ==================================================
2025-12-28 16:44:50,037 - INFO - Loaded 2500 inference entries for language: xhosa
2025-12-28 16:44:50,038 - WARNING - Test data file D:\Model-Finetuning\wav2vec2\data\xh_test.json does not exist.
2025-12-28 16:44:50,038 - WARNING - Test data file D:\Model-Finetuning\wav2vec2\data\nchlt_xh_test.json does not exist.
2025-12-28 16:44:50,038 - INFO - Loaded 0 test entries for language: xhosa
2025-12-28 16:44:50,039 - INFO - Combined entries count: 2500
2025-12-28 16:44:50,122 - INFO - Wrote 2500 entries to D:\Model-Finetuning\wav2vec2\error_analysis\xhosa_unknown.json
2025-12-28 16:44:50,194 - INFO - Wrote 2500 entries to D:\Model-Finetuning\wav2vec2\error_analysis\xhosa_none.json
2025-12-28 16:44:50,195 - INFO - Completed processing for language: xhosa
2025-12-28 16:44:50,195 - INFO - ==================================================
2025-12-28 16:44:50,195 - INFO - Processing language: siswati
2025-12-28 16:44:50,195 - INFO - ==================================================
2025-12-28 16:44:50,204 - INFO - Loaded 2500 inference entries for language: siswati
2025-12-28 16:44:50,204 - WARNING - Test data file D:\Model-Finetuning\wav2vec2\data\ssw_test.json does not exist.
2025-12-28 16:44:50,204 - WARNING - Test data file D:\Model-Finetuning\wav2vec2\data\nchlt_ssw_test.json does not exist.
2025-12-28 16:44:50,204 - INFO - Loaded 0 test entries for language: siswati
2025-12-28 16:44:50,205 - INFO - Combined entries count: 2500
2025-12-28 16:44:50,278 - INFO - Wrote 2500 entries to D:\Model-Finetuning\wav2vec2\error_analysis\siswati_unknown.json
2025-12-28 16:44:50,355 - INFO - Wrote 2500 entries to D:\Model-Finetuning\wav2vec2\error_analysis\siswati_none.json
2025-12-28 16:44:50,355 - INFO - Completed processing for language: siswati
2025-12-28 16:44:50,355 - INFO - ==================================================
2025-12-28 16:44:50,355 - INFO - Processing language: ndebele
2025-12-28 16:44:50,355 - INFO - ==================================================
2025-12-28 16:44:50,365 - INFO - Loaded 2500 inference entries for language: ndebele
2025-12-28 16:44:50,365 - WARNING - Test data file D:\Model-Finetuning\wav2vec2\data\nbl_test.json does not exist.
2025-12-28 16:44:50,365 - WARNING - Test data file D:\Model-Finetuning\wav2vec2\data\nchlt_nbl_test.json does not exist.
2025-12-28 16:44:50,365 - INFO - Loaded 0 test entries for language: ndebele
2025-12-28 16:44:50,365 - INFO - Combined entries count: 2500
2025-12-28 16:44:50,445 - INFO - Wrote 2500 entries to D:\Model-Finetuning\wav2vec2\error_analysis\ndebele_unknown.json
2025-12-28 16:44:50,524 - INFO - Wrote 2500 entries to D:\Model-Finetuning\wav2vec2\error_analysis\ndebele_none.json
2025-12-28 16:44:50,524 - INFO - Completed processing for language: ndebele
2025-12-28 16:44:50,524 - INFO - All processing complete.
