2025-12-04 18:32:36,876 - INFO - Loaded 500 samples for ndebele
2025-12-04 18:32:36,904 - INFO - Found 8 Whisper models for nr: ['nguni_multilingual_nr_ss_whisper', 'nguni_multilingual_xh_nr_ss_whisper', 'nguni_multilingual_xh_nr_whisper', 'nguni_multilingual_zu_nr_ss_whisper', 'nguni_multilingual_zu_nr_whisper', 'nguni_multilingual_zu_xh_nr_ss_whisper', 'nguni_multilingual_zu_xh_nr_whisper', 'nr_whisper']
2025-12-04 18:32:36,904 - INFO - Processing with model: nguni_multilingual_nr_ss_whisper
2025-12-04 18:32:36,904 - INFO - Loading model from D:\Model-Finetuning\whisper\model\nguni_multilingual_nr_ss_whisper
2025-12-04 18:32:40,087 - INFO - Model loaded successfully from nguni_multilingual_nr_ss_whisper
2025-12-04 18:39:40,089 - INFO - Saved results to D:\Model-Finetuning\whisper\error_analysis\ndebele_nguni_multilingual_nr_ss_whisper_results.json
2025-12-04 18:39:40,091 - INFO - Processing with model: nguni_multilingual_xh_nr_ss_whisper
2025-12-04 18:39:40,091 - INFO - Loading model from D:\Model-Finetuning\whisper\model\nguni_multilingual_xh_nr_ss_whisper
2025-12-04 18:39:43,736 - INFO - Model loaded successfully from nguni_multilingual_xh_nr_ss_whisper
2025-12-04 18:46:42,761 - INFO - Saved results to D:\Model-Finetuning\whisper\error_analysis\ndebele_nguni_multilingual_xh_nr_ss_whisper_results.json
2025-12-04 18:46:42,761 - INFO - Processing with model: nguni_multilingual_xh_nr_whisper
2025-12-04 18:46:42,761 - INFO - Loading model from D:\Model-Finetuning\whisper\model\nguni_multilingual_xh_nr_whisper
2025-12-04 18:46:45,877 - INFO - Model loaded successfully from nguni_multilingual_xh_nr_whisper
2025-12-04 18:53:43,877 - INFO - Saved results to D:\Model-Finetuning\whisper\error_analysis\ndebele_nguni_multilingual_xh_nr_whisper_results.json
2025-12-04 18:53:43,877 - INFO - Processing with model: nguni_multilingual_zu_nr_ss_whisper
2025-12-04 18:53:43,878 - INFO - Loading model from D:\Model-Finetuning\whisper\model\nguni_multilingual_zu_nr_ss_whisper
2025-12-04 18:53:46,959 - INFO - Model loaded successfully from nguni_multilingual_zu_nr_ss_whisper
2025-12-04 19:00:44,553 - INFO - Saved results to D:\Model-Finetuning\whisper\error_analysis\ndebele_nguni_multilingual_zu_nr_ss_whisper_results.json
2025-12-04 19:00:44,553 - INFO - Processing with model: nguni_multilingual_zu_nr_whisper
2025-12-04 19:00:44,553 - INFO - Loading model from D:\Model-Finetuning\whisper\model\nguni_multilingual_zu_nr_whisper
2025-12-04 19:00:47,642 - INFO - Model loaded successfully from nguni_multilingual_zu_nr_whisper
2025-12-04 19:07:43,426 - INFO - Saved results to D:\Model-Finetuning\whisper\error_analysis\ndebele_nguni_multilingual_zu_nr_whisper_results.json
2025-12-04 19:07:43,426 - INFO - Processing with model: nguni_multilingual_zu_xh_nr_ss_whisper
2025-12-04 19:07:43,426 - INFO - Loading model from D:\Model-Finetuning\whisper\model\nguni_multilingual_zu_xh_nr_ss_whisper
2025-12-04 19:07:46,561 - INFO - Model loaded successfully from nguni_multilingual_zu_xh_nr_ss_whisper
2025-12-04 19:14:44,975 - INFO - Saved results to D:\Model-Finetuning\whisper\error_analysis\ndebele_nguni_multilingual_zu_xh_nr_ss_whisper_results.json
2025-12-04 19:14:44,975 - INFO - Processing with model: nguni_multilingual_zu_xh_nr_whisper
2025-12-04 19:14:44,975 - INFO - Loading model from D:\Model-Finetuning\whisper\model\nguni_multilingual_zu_xh_nr_whisper
2025-12-04 19:14:48,702 - INFO - Model loaded successfully from nguni_multilingual_zu_xh_nr_whisper
2025-12-04 19:21:46,774 - INFO - Saved results to D:\Model-Finetuning\whisper\error_analysis\ndebele_nguni_multilingual_zu_xh_nr_whisper_results.json
2025-12-04 19:21:46,774 - INFO - Processing with model: nr_whisper
2025-12-04 19:21:46,775 - INFO - Loading model from D:\Model-Finetuning\whisper\model\nr_whisper
2025-12-04 19:21:49,907 - INFO - Model loaded successfully from nr_whisper
2025-12-04 19:28:49,491 - INFO - Saved results to D:\Model-Finetuning\whisper\error_analysis\ndebele_nr_whisper_results.json
