2025-12-14 22:50:14,025 - INFO - Loaded 4911 entries from D:\Model-Finetuning\whisper\data\ndebele_unseen.json
2025-12-14 22:50:14,025 - INFO - Loaded 4253 entries from D:\Model-Finetuning\whisper\data\nchlt_ndebele_test.json
2025-12-14 22:50:14,038 - INFO - Loaded 500 samples for ndebele
2025-12-14 22:50:14,092 - INFO - Found 8 Whisper models for nr: ['nguni_multilingual_nr_ss_whisper', 'nguni_multilingual_xh_nr_ss_whisper', 'nguni_multilingual_xh_nr_whisper', 'nguni_multilingual_zu_nr_ss_whisper', 'nguni_multilingual_zu_nr_whisper', 'nguni_multilingual_zu_xh_nr_ss_whisper', 'nguni_multilingual_zu_xh_nr_whisper', 'nr_whisper']
2025-12-14 22:50:14,092 - INFO - Processing with model: nguni_multilingual_nr_ss_whisper
2025-12-14 22:50:14,092 - INFO - Loading model from D:\Model-Finetuning\whisper\model\nguni_multilingual_nr_ss_whisper
2025-12-14 22:50:17,137 - INFO - Model loaded successfully from nguni_multilingual_nr_ss_whisper
2025-12-14 22:56:06,985 - INFO - Saved results to D:\Model-Finetuning\whisper\error_analysis\ndebele_nguni_multilingual_nr_ss_whisper_results.json
2025-12-14 22:56:06,985 - INFO - Processing with model: nguni_multilingual_xh_nr_ss_whisper
2025-12-14 22:56:06,985 - INFO - Loading model from D:\Model-Finetuning\whisper\model\nguni_multilingual_xh_nr_ss_whisper
2025-12-14 22:56:10,104 - INFO - Model loaded successfully from nguni_multilingual_xh_nr_ss_whisper
2025-12-14 23:01:58,517 - INFO - Saved results to D:\Model-Finetuning\whisper\error_analysis\ndebele_nguni_multilingual_xh_nr_ss_whisper_results.json
2025-12-14 23:01:58,517 - INFO - Processing with model: nguni_multilingual_xh_nr_whisper
2025-12-14 23:01:58,517 - INFO - Loading model from D:\Model-Finetuning\whisper\model\nguni_multilingual_xh_nr_whisper
2025-12-14 23:02:01,580 - INFO - Model loaded successfully from nguni_multilingual_xh_nr_whisper
2025-12-14 23:07:50,794 - INFO - Saved results to D:\Model-Finetuning\whisper\error_analysis\ndebele_nguni_multilingual_xh_nr_whisper_results.json
2025-12-14 23:07:50,794 - INFO - Processing with model: nguni_multilingual_zu_nr_ss_whisper
2025-12-14 23:07:50,794 - INFO - Loading model from D:\Model-Finetuning\whisper\model\nguni_multilingual_zu_nr_ss_whisper
2025-12-14 23:07:53,863 - INFO - Model loaded successfully from nguni_multilingual_zu_nr_ss_whisper
2025-12-14 23:13:43,036 - INFO - Saved results to D:\Model-Finetuning\whisper\error_analysis\ndebele_nguni_multilingual_zu_nr_ss_whisper_results.json
2025-12-14 23:13:43,036 - INFO - Processing with model: nguni_multilingual_zu_nr_whisper
2025-12-14 23:13:43,037 - INFO - Loading model from D:\Model-Finetuning\whisper\model\nguni_multilingual_zu_nr_whisper
2025-12-14 23:13:46,187 - INFO - Model loaded successfully from nguni_multilingual_zu_nr_whisper
2025-12-14 23:19:36,724 - INFO - Saved results to D:\Model-Finetuning\whisper\error_analysis\ndebele_nguni_multilingual_zu_nr_whisper_results.json
2025-12-14 23:19:36,724 - INFO - Processing with model: nguni_multilingual_zu_xh_nr_ss_whisper
2025-12-14 23:19:36,724 - INFO - Loading model from D:\Model-Finetuning\whisper\model\nguni_multilingual_zu_xh_nr_ss_whisper
2025-12-14 23:19:39,847 - INFO - Model loaded successfully from nguni_multilingual_zu_xh_nr_ss_whisper
2025-12-14 23:25:29,347 - INFO - Saved results to D:\Model-Finetuning\whisper\error_analysis\ndebele_nguni_multilingual_zu_xh_nr_ss_whisper_results.json
2025-12-14 23:25:29,347 - INFO - Processing with model: nguni_multilingual_zu_xh_nr_whisper
2025-12-14 23:25:29,347 - INFO - Loading model from D:\Model-Finetuning\whisper\model\nguni_multilingual_zu_xh_nr_whisper
2025-12-14 23:25:32,624 - INFO - Model loaded successfully from nguni_multilingual_zu_xh_nr_whisper
2025-12-14 23:31:21,533 - INFO - Saved results to D:\Model-Finetuning\whisper\error_analysis\ndebele_nguni_multilingual_zu_xh_nr_whisper_results.json
2025-12-14 23:31:21,533 - INFO - Processing with model: nr_whisper
2025-12-14 23:31:21,548 - INFO - Loading model from D:\Model-Finetuning\whisper\model\nr_whisper
2025-12-14 23:31:24,673 - INFO - Model loaded successfully from nr_whisper
2025-12-14 23:37:14,747 - INFO - Saved results to D:\Model-Finetuning\whisper\error_analysis\ndebele_nr_whisper_results.json
