2025-09-13 22:46:18,799 - INFO - Loaded 500 samples for siswati
2025-09-13 22:46:18,805 - INFO - Found 8 Whisper models for ss: ['nguni_multilingual_nr_ss_whisper', 'nguni_multilingual_xh_nr_ss_whisper', 'nguni_multilingual_xh_ss_whisper', 'nguni_multilingual_zu_nr_ss_whisper', 'nguni_multilingual_zu_ss_whisper', 'nguni_multilingual_zu_xh_nr_ss_whisper', 'nguni_multilingual_zu_xh_ss_whisper', 'ss_whisper']
2025-09-13 22:46:18,805 - INFO - Processing with model: nguni_multilingual_nr_ss_whisper
2025-09-13 22:46:18,805 - INFO - Loading model from D:\Model-Finetuning\whisper\model\nguni_multilingual_nr_ss_whisper
2025-09-13 22:46:21,829 - INFO - Model loaded successfully from nguni_multilingual_nr_ss_whisper
2025-09-13 23:22:57,754 - INFO - Saved results to D:\Model-Finetuning\whisper\error_analysis\siswati_nguni_multilingual_nr_ss_whisper_results.json
2025-09-13 23:22:57,754 - INFO - Processing with model: nguni_multilingual_xh_nr_ss_whisper
2025-09-13 23:22:57,754 - INFO - Loading model from D:\Model-Finetuning\whisper\model\nguni_multilingual_xh_nr_ss_whisper
2025-09-13 23:23:01,049 - INFO - Model loaded successfully from nguni_multilingual_xh_nr_ss_whisper
2025-09-14 00:01:25,943 - INFO - Saved results to D:\Model-Finetuning\whisper\error_analysis\siswati_nguni_multilingual_xh_nr_ss_whisper_results.json
2025-09-14 00:01:25,948 - INFO - Processing with model: nguni_multilingual_xh_ss_whisper
2025-09-14 00:01:25,948 - INFO - Loading model from D:\Model-Finetuning\whisper\model\nguni_multilingual_xh_ss_whisper
2025-09-14 00:01:29,562 - INFO - Model loaded successfully from nguni_multilingual_xh_ss_whisper
2025-09-14 00:40:00,891 - INFO - Saved results to D:\Model-Finetuning\whisper\error_analysis\siswati_nguni_multilingual_xh_ss_whisper_results.json
2025-09-14 00:40:00,892 - INFO - Processing with model: nguni_multilingual_zu_nr_ss_whisper
2025-09-14 00:40:00,892 - INFO - Loading model from D:\Model-Finetuning\whisper\model\nguni_multilingual_zu_nr_ss_whisper
2025-09-14 00:40:04,237 - INFO - Model loaded successfully from nguni_multilingual_zu_nr_ss_whisper
2025-09-14 01:08:06,126 - INFO - Saved results to D:\Model-Finetuning\whisper\error_analysis\siswati_nguni_multilingual_zu_nr_ss_whisper_results.json
2025-09-14 01:08:06,127 - INFO - Processing with model: nguni_multilingual_zu_ss_whisper
2025-09-14 01:08:06,127 - INFO - Loading model from D:\Model-Finetuning\whisper\model\nguni_multilingual_zu_ss_whisper
2025-09-14 01:08:09,204 - INFO - Model loaded successfully from nguni_multilingual_zu_ss_whisper
2025-09-14 01:46:25,196 - INFO - Saved results to D:\Model-Finetuning\whisper\error_analysis\siswati_nguni_multilingual_zu_ss_whisper_results.json
2025-09-14 01:46:25,196 - INFO - Processing with model: nguni_multilingual_zu_xh_nr_ss_whisper
2025-09-14 01:46:25,197 - INFO - Loading model from D:\Model-Finetuning\whisper\model\nguni_multilingual_zu_xh_nr_ss_whisper
2025-09-14 01:46:28,197 - INFO - Model loaded successfully from nguni_multilingual_zu_xh_nr_ss_whisper
2025-09-14 02:15:28,085 - INFO - Saved results to D:\Model-Finetuning\whisper\error_analysis\siswati_nguni_multilingual_zu_xh_nr_ss_whisper_results.json
2025-09-14 02:15:28,085 - INFO - Processing with model: nguni_multilingual_zu_xh_ss_whisper
2025-09-14 02:15:28,085 - INFO - Loading model from D:\Model-Finetuning\whisper\model\nguni_multilingual_zu_xh_ss_whisper
2025-09-14 02:15:31,121 - INFO - Model loaded successfully from nguni_multilingual_zu_xh_ss_whisper
2025-09-14 02:50:11,364 - INFO - Saved results to D:\Model-Finetuning\whisper\error_analysis\siswati_nguni_multilingual_zu_xh_ss_whisper_results.json
2025-09-14 02:50:11,365 - INFO - Processing with model: ss_whisper
2025-09-14 02:50:11,365 - INFO - Loading model from D:\Model-Finetuning\whisper\model\ss_whisper
2025-09-14 02:50:14,817 - INFO - Model loaded successfully from ss_whisper
2025-09-14 03:24:28,285 - INFO - Saved results to D:\Model-Finetuning\whisper\error_analysis\siswati_ss_whisper_results.json
