2025-12-04 17:22:22,750 - INFO - Loaded 500 samples for xhosa
2025-12-04 17:22:22,772 - INFO - Found 8 Whisper models for xh: ['nguni_multilingual_xh_nr_ss_whisper', 'nguni_multilingual_xh_nr_whisper', 'nguni_multilingual_xh_ss_whisper', 'nguni_multilingual_zu_xh_nr_ss_whisper', 'nguni_multilingual_zu_xh_nr_whisper', 'nguni_multilingual_zu_xh_ss_whisper', 'nguni_multilingual_zu_xh_whisper', 'xh_whisper']
2025-12-04 17:22:22,772 - INFO - Processing with model: nguni_multilingual_xh_nr_ss_whisper
2025-12-04 17:22:22,772 - INFO - Loading model from D:\Model-Finetuning\whisper\model\nguni_multilingual_xh_nr_ss_whisper
2025-12-04 17:22:26,028 - INFO - Model loaded successfully from nguni_multilingual_xh_nr_ss_whisper
2025-12-04 17:28:49,276 - INFO - Saved results to D:\Model-Finetuning\whisper\error_analysis\xhosa_nguni_multilingual_xh_nr_ss_whisper_results.json
2025-12-04 17:28:49,276 - INFO - Processing with model: nguni_multilingual_xh_nr_whisper
2025-12-04 17:28:49,276 - INFO - Loading model from D:\Model-Finetuning\whisper\model\nguni_multilingual_xh_nr_whisper
2025-12-04 17:28:52,517 - INFO - Model loaded successfully from nguni_multilingual_xh_nr_whisper
2025-12-04 17:35:18,034 - INFO - Saved results to D:\Model-Finetuning\whisper\error_analysis\xhosa_nguni_multilingual_xh_nr_whisper_results.json
2025-12-04 17:35:18,036 - INFO - Processing with model: nguni_multilingual_xh_ss_whisper
2025-12-04 17:35:18,036 - INFO - Loading model from D:\Model-Finetuning\whisper\model\nguni_multilingual_xh_ss_whisper
2025-12-04 17:35:21,186 - INFO - Model loaded successfully from nguni_multilingual_xh_ss_whisper
2025-12-04 17:43:15,338 - INFO - Saved results to D:\Model-Finetuning\whisper\error_analysis\xhosa_nguni_multilingual_xh_ss_whisper_results.json
2025-12-04 17:43:15,338 - INFO - Processing with model: nguni_multilingual_zu_xh_nr_ss_whisper
2025-12-04 17:43:15,340 - INFO - Loading model from D:\Model-Finetuning\whisper\model\nguni_multilingual_zu_xh_nr_ss_whisper
2025-12-04 17:43:18,861 - INFO - Model loaded successfully from nguni_multilingual_zu_xh_nr_ss_whisper
2025-12-04 17:51:27,209 - INFO - Saved results to D:\Model-Finetuning\whisper\error_analysis\xhosa_nguni_multilingual_zu_xh_nr_ss_whisper_results.json
2025-12-04 17:51:27,213 - INFO - Processing with model: nguni_multilingual_zu_xh_nr_whisper
2025-12-04 17:51:27,215 - INFO - Loading model from D:\Model-Finetuning\whisper\model\nguni_multilingual_zu_xh_nr_whisper
2025-12-04 17:51:31,317 - INFO - Model loaded successfully from nguni_multilingual_zu_xh_nr_whisper
2025-12-04 17:59:35,881 - INFO - Saved results to D:\Model-Finetuning\whisper\error_analysis\xhosa_nguni_multilingual_zu_xh_nr_whisper_results.json
2025-12-04 17:59:35,883 - INFO - Processing with model: nguni_multilingual_zu_xh_ss_whisper
2025-12-04 17:59:35,883 - INFO - Loading model from D:\Model-Finetuning\whisper\model\nguni_multilingual_zu_xh_ss_whisper
2025-12-04 17:59:40,085 - INFO - Model loaded successfully from nguni_multilingual_zu_xh_ss_whisper
2025-12-04 18:07:28,668 - INFO - Saved results to D:\Model-Finetuning\whisper\error_analysis\xhosa_nguni_multilingual_zu_xh_ss_whisper_results.json
2025-12-04 18:07:28,670 - INFO - Processing with model: nguni_multilingual_zu_xh_whisper
2025-12-04 18:07:28,670 - INFO - Loading model from D:\Model-Finetuning\whisper\model\nguni_multilingual_zu_xh_whisper
2025-12-04 18:07:33,897 - INFO - Model loaded successfully from nguni_multilingual_zu_xh_whisper
2025-12-04 18:15:43,931 - INFO - Saved results to D:\Model-Finetuning\whisper\error_analysis\xhosa_nguni_multilingual_zu_xh_whisper_results.json
2025-12-04 18:15:43,931 - INFO - Processing with model: xh_whisper
2025-12-04 18:15:43,931 - INFO - Loading model from D:\Model-Finetuning\whisper\model\xh_whisper
2025-12-04 18:15:47,884 - INFO - Model loaded successfully from xh_whisper
2025-12-04 18:22:23,842 - INFO - Saved results to D:\Model-Finetuning\whisper\error_analysis\xhosa_xh_whisper_results.json
