2025-12-28 18:19:56,231 - INFO - Logging setup complete.
2025-12-28 18:19:56,231 - INFO - ==================================================
2025-12-28 18:19:56,231 - INFO - Processing language: zulu
2025-12-28 18:19:56,231 - INFO - ==================================================
2025-12-28 18:19:56,238 - INFO - Loaded 2500 inference entries for language: zulu
2025-12-28 18:19:56,241 - INFO - Loading test data from D:\Model-Finetuning\whisper\data\zulu_dataset.json
2025-12-28 18:19:56,256 - INFO - Loading test data from D:\Model-Finetuning\whisper\data\nchlt_zu_whisper.json
2025-12-28 18:19:56,351 - INFO - Loaded 50458 test entries for language: zulu
2025-12-28 18:19:56,371 - INFO - Combined entries count: 2500
2025-12-28 18:19:56,386 - INFO - Wrote 298 entries to D:\Model-Finetuning\whisper\error_analysis\zulu_30_39.json
2025-12-28 18:19:56,392 - INFO - Wrote 95 entries to D:\Model-Finetuning\whisper\error_analysis\zulu_50_plus.json
2025-12-28 18:19:56,400 - INFO - Wrote 191 entries to D:\Model-Finetuning\whisper\error_analysis\zulu_40_49.json
2025-12-28 18:19:56,433 - INFO - Wrote 1173 entries to D:\Model-Finetuning\whisper\error_analysis\zulu_19_29.json
2025-12-28 18:19:56,450 - INFO - Wrote 523 entries to D:\Model-Finetuning\whisper\error_analysis\zulu_unknown.json
2025-12-28 18:19:56,459 - INFO - Wrote 220 entries to D:\Model-Finetuning\whisper\error_analysis\zulu_18_below.json
2025-12-28 18:19:56,498 - INFO - Wrote 1292 entries to D:\Model-Finetuning\whisper\error_analysis\zulu_male.json
2025-12-28 18:19:56,535 - INFO - Wrote 1196 entries to D:\Model-Finetuning\whisper\error_analysis\zulu_female.json
2025-12-28 18:19:56,540 - INFO - Wrote 9 entries to D:\Model-Finetuning\whisper\error_analysis\zulu_not available.json
2025-12-28 18:19:56,544 - INFO - Wrote 3 entries to D:\Model-Finetuning\whisper\error_analysis\zulu_landline.json
2025-12-28 18:19:56,544 - INFO - Completed processing for language: zulu
2025-12-28 18:19:56,545 - INFO - ==================================================
2025-12-28 18:19:56,545 - INFO - Processing language: xhosa
2025-12-28 18:19:56,545 - INFO - ==================================================
2025-12-28 18:19:56,549 - INFO - Loaded 2500 inference entries for language: xhosa
2025-12-28 18:19:56,552 - INFO - Loading test data from D:\Model-Finetuning\whisper\data\xhosa_dataset.json
2025-12-28 18:19:56,569 - INFO - Loading test data from D:\Model-Finetuning\whisper\data\nchlt_xh_whisper.json
2025-12-28 18:19:56,674 - INFO - Loaded 52893 test entries for language: xhosa
2025-12-28 18:19:56,693 - INFO - Combined entries count: 2500
2025-12-28 18:19:56,717 - INFO - Wrote 451 entries to D:\Model-Finetuning\whisper\error_analysis\xhosa_30_39.json
2025-12-28 18:19:56,744 - INFO - Wrote 874 entries to D:\Model-Finetuning\whisper\error_analysis\xhosa_19_29.json
2025-12-28 18:19:56,753 - INFO - Wrote 185 entries to D:\Model-Finetuning\whisper\error_analysis\xhosa_40_49.json
2025-12-28 18:19:56,780 - INFO - Wrote 830 entries to D:\Model-Finetuning\whisper\error_analysis\xhosa_unknown.json
2025-12-28 18:19:56,788 - INFO - Wrote 126 entries to D:\Model-Finetuning\whisper\error_analysis\xhosa_50_plus.json
2025-12-28 18:19:56,793 - INFO - Wrote 34 entries to D:\Model-Finetuning\whisper\error_analysis\xhosa_18_below.json
2025-12-28 18:19:56,838 - INFO - Wrote 1353 entries to D:\Model-Finetuning\whisper\error_analysis\xhosa_female.json
2025-12-28 18:19:56,880 - INFO - Wrote 1140 entries to D:\Model-Finetuning\whisper\error_analysis\xhosa_male.json
2025-12-28 18:19:56,885 - INFO - Wrote 7 entries to D:\Model-Finetuning\whisper\error_analysis\xhosa_not available.json
2025-12-28 18:19:56,885 - INFO - Completed processing for language: xhosa
2025-12-28 18:19:56,885 - INFO - ==================================================
2025-12-28 18:19:56,885 - INFO - Processing language: siswati
2025-12-28 18:19:56,885 - INFO - ==================================================
2025-12-28 18:19:56,892 - INFO - Loaded 2500 inference entries for language: siswati
2025-12-28 18:19:56,894 - INFO - Loading test data from D:\Model-Finetuning\whisper\data\siswati_dataset.json
2025-12-28 18:19:56,916 - INFO - Loading test data from D:\Model-Finetuning\whisper\data\nchlt_ss_whisper.json
2025-12-28 18:19:57,040 - INFO - Loaded 49340 test entries for language: siswati
2025-12-28 18:19:57,056 - INFO - Combined entries count: 2500
2025-12-28 18:19:57,073 - INFO - Wrote 152 entries to D:\Model-Finetuning\whisper\error_analysis\siswati_40_49.json
2025-12-28 18:19:57,082 - INFO - Wrote 167 entries to D:\Model-Finetuning\whisper\error_analysis\siswati_30_39.json
2025-12-28 18:19:57,128 - INFO - Wrote 1609 entries to D:\Model-Finetuning\whisper\error_analysis\siswati_19_29.json
2025-12-28 18:19:57,142 - INFO - Wrote 358 entries to D:\Model-Finetuning\whisper\error_analysis\siswati_unknown.json
2025-12-28 18:19:57,146 - INFO - Wrote 31 entries to D:\Model-Finetuning\whisper\error_analysis\siswati_50_plus.json
2025-12-28 18:19:57,158 - INFO - Wrote 183 entries to D:\Model-Finetuning\whisper\error_analysis\siswati_18_below.json
2025-12-28 18:19:57,191 - INFO - Wrote 1129 entries to D:\Model-Finetuning\whisper\error_analysis\siswati_male.json
2025-12-28 18:19:57,238 - INFO - Wrote 1367 entries to D:\Model-Finetuning\whisper\error_analysis\siswati_female.json
2025-12-28 18:19:57,244 - INFO - Wrote 2 entries to D:\Model-Finetuning\whisper\error_analysis\siswati_not available.json
2025-12-28 18:19:57,248 - INFO - Wrote 2 entries to D:\Model-Finetuning\whisper\error_analysis\siswati_cellphone.json
2025-12-28 18:19:57,248 - INFO - Completed processing for language: siswati
2025-12-28 18:19:57,248 - INFO - ==================================================
2025-12-28 18:19:57,248 - INFO - Processing language: ndebele
2025-12-28 18:19:57,248 - INFO - ==================================================
2025-12-28 18:19:57,257 - INFO - Loaded 2500 inference entries for language: ndebele
2025-12-28 18:19:57,259 - INFO - Loading test data from D:\Model-Finetuning\whisper\data\ndebele_dataset.json
2025-12-28 18:19:57,276 - INFO - Loading test data from D:\Model-Finetuning\whisper\data\nchlt_nr_whisper.json
2025-12-28 18:19:57,375 - INFO - Loaded 48536 test entries for language: ndebele
2025-12-28 18:19:57,390 - INFO - Combined entries count: 2500
2025-12-28 18:19:57,433 - INFO - Wrote 1351 entries to D:\Model-Finetuning\whisper\error_analysis\ndebele_19_29.json
2025-12-28 18:19:57,442 - INFO - Wrote 191 entries to D:\Model-Finetuning\whisper\error_analysis\ndebele_40_49.json
2025-12-28 18:19:57,456 - INFO - Wrote 259 entries to D:\Model-Finetuning\whisper\error_analysis\ndebele_30_39.json
2025-12-28 18:19:57,465 - INFO - Wrote 233 entries to D:\Model-Finetuning\whisper\error_analysis\ndebele_18_below.json
2025-12-28 18:19:57,470 - INFO - Wrote 8 entries to D:\Model-Finetuning\whisper\error_analysis\ndebele_50_plus.json
2025-12-28 18:19:57,486 - INFO - Wrote 458 entries to D:\Model-Finetuning\whisper\error_analysis\ndebele_unknown.json
2025-12-28 18:19:57,532 - INFO - Wrote 1335 entries to D:\Model-Finetuning\whisper\error_analysis\ndebele_female.json
2025-12-28 18:19:57,583 - INFO - Wrote 1165 entries to D:\Model-Finetuning\whisper\error_analysis\ndebele_male.json
2025-12-28 18:19:57,583 - INFO - Completed processing for language: ndebele
2025-12-28 18:19:57,583 - INFO - All processing complete.
