2025-12-28 18:10:41,675 - INFO - Logging setup complete.
2025-12-28 18:10:41,676 - INFO - ==================================================
2025-12-28 18:10:41,676 - INFO - Processing language: zulu
2025-12-28 18:10:41,676 - INFO - ==================================================
2025-12-28 18:10:41,680 - INFO - Loaded 2500 inference entries for language: zulu
2025-12-28 18:10:41,680 - INFO - Loading test data from D:\Model-Finetuning\whisper\data\zulu_dataset.json
2025-12-28 18:10:41,698 - INFO - Loading test data from D:\Model-Finetuning\whisper\data\nchlt_zu_whisper.json
2025-12-28 18:10:41,803 - INFO - Loaded 50458 test entries for language: zulu
2025-12-28 18:10:41,824 - INFO - Combined entries count: 2500
2025-12-28 18:10:41,863 - INFO - Wrote 1080 entries to D:\Model-Finetuning\whisper\error_analysis\zulu_unknown.json
2025-12-28 18:10:41,894 - INFO - Wrote 987 entries to D:\Model-Finetuning\whisper\error_analysis\zulu_19_29.json
2025-12-28 18:10:41,903 - INFO - Wrote 179 entries to D:\Model-Finetuning\whisper\error_analysis\zulu_30_39.json
2025-12-28 18:10:41,907 - INFO - Wrote 60 entries to D:\Model-Finetuning\whisper\error_analysis\zulu_40_49.json
2025-12-28 18:10:41,915 - INFO - Wrote 179 entries to D:\Model-Finetuning\whisper\error_analysis\zulu_18_below.json
2025-12-28 18:10:41,919 - INFO - Wrote 15 entries to D:\Model-Finetuning\whisper\error_analysis\zulu_50_plus.json
2025-12-28 18:10:41,941 - INFO - Wrote 579 entries to D:\Model-Finetuning\whisper\error_analysis\zulu_unknown.json
2025-12-28 18:10:41,966 - INFO - Wrote 908 entries to D:\Model-Finetuning\whisper\error_analysis\zulu_female.json
2025-12-28 18:10:41,994 - INFO - Wrote 1013 entries to D:\Model-Finetuning\whisper\error_analysis\zulu_male.json
2025-12-28 18:10:41,994 - INFO - Completed processing for language: zulu
2025-12-28 18:10:41,994 - INFO - ==================================================
2025-12-28 18:10:41,995 - INFO - Processing language: xhosa
2025-12-28 18:10:41,995 - INFO - ==================================================
2025-12-28 18:10:41,999 - INFO - Loaded 2500 inference entries for language: xhosa
2025-12-28 18:10:41,999 - INFO - Loading test data from D:\Model-Finetuning\whisper\data\xhosa_dataset.json
2025-12-28 18:10:42,014 - INFO - Loading test data from D:\Model-Finetuning\whisper\data\nchlt_xh_whisper.json
2025-12-28 18:10:42,127 - INFO - Loaded 52893 test entries for language: xhosa
2025-12-28 18:10:42,143 - INFO - Combined entries count: 2500
2025-12-28 18:10:42,192 - INFO - Wrote 1438 entries to D:\Model-Finetuning\whisper\error_analysis\xhosa_unknown.json
2025-12-28 18:10:42,213 - INFO - Wrote 701 entries to D:\Model-Finetuning\whisper\error_analysis\xhosa_19_29.json
2025-12-28 18:10:42,219 - INFO - Wrote 72 entries to D:\Model-Finetuning\whisper\error_analysis\xhosa_50_plus.json
2025-12-28 18:10:42,226 - INFO - Wrote 218 entries to D:\Model-Finetuning\whisper\error_analysis\xhosa_30_39.json
2025-12-28 18:10:42,230 - INFO - Wrote 45 entries to D:\Model-Finetuning\whisper\error_analysis\xhosa_40_49.json
2025-12-28 18:10:42,235 - INFO - Wrote 26 entries to D:\Model-Finetuning\whisper\error_analysis\xhosa_18_below.json
2025-12-28 18:10:42,259 - INFO - Wrote 625 entries to D:\Model-Finetuning\whisper\error_analysis\xhosa_unknown.json
2025-12-28 18:10:42,292 - INFO - Wrote 1043 entries to D:\Model-Finetuning\whisper\error_analysis\xhosa_female.json
2025-12-28 18:10:42,317 - INFO - Wrote 832 entries to D:\Model-Finetuning\whisper\error_analysis\xhosa_male.json
2025-12-28 18:10:42,317 - INFO - Completed processing for language: xhosa
2025-12-28 18:10:42,317 - INFO - ==================================================
2025-12-28 18:10:42,317 - INFO - Processing language: siswati
2025-12-28 18:10:42,317 - INFO - ==================================================
2025-12-28 18:10:42,321 - INFO - Loaded 2500 inference entries for language: siswati
2025-12-28 18:10:42,322 - INFO - Loading test data from D:\Model-Finetuning\whisper\data\siswati_dataset.json
2025-12-28 18:10:42,335 - INFO - Loading test data from D:\Model-Finetuning\whisper\data\nchlt_ss_whisper.json
2025-12-28 18:10:42,449 - INFO - Loaded 49340 test entries for language: siswati
2025-12-28 18:10:42,469 - INFO - Combined entries count: 2500
2025-12-28 18:10:42,508 - INFO - Wrote 898 entries to D:\Model-Finetuning\whisper\error_analysis\siswati_unknown.json
2025-12-28 18:10:42,548 - INFO - Wrote 1405 entries to D:\Model-Finetuning\whisper\error_analysis\siswati_19_29.json
2025-12-28 18:10:42,558 - INFO - Wrote 168 entries to D:\Model-Finetuning\whisper\error_analysis\siswati_18_below.json
2025-12-28 18:10:42,562 - INFO - Wrote 29 entries to D:\Model-Finetuning\whisper\error_analysis\siswati_30_39.json
2025-12-28 18:10:42,586 - INFO - Wrote 584 entries to D:\Model-Finetuning\whisper\error_analysis\siswati_unknown.json
2025-12-28 18:10:42,620 - INFO - Wrote 1059 entries to D:\Model-Finetuning\whisper\error_analysis\siswati_female.json
2025-12-28 18:10:42,647 - INFO - Wrote 857 entries to D:\Model-Finetuning\whisper\error_analysis\siswati_male.json
2025-12-28 18:10:42,647 - INFO - Completed processing for language: siswati
2025-12-28 18:10:42,647 - INFO - ==================================================
2025-12-28 18:10:42,647 - INFO - Processing language: ndebele
2025-12-28 18:10:42,647 - INFO - ==================================================
2025-12-28 18:10:42,652 - INFO - Loaded 2500 inference entries for language: ndebele
2025-12-28 18:10:42,652 - INFO - Loading test data from D:\Model-Finetuning\whisper\data\ndebele_dataset.json
2025-12-28 18:10:42,665 - INFO - Loading test data from D:\Model-Finetuning\whisper\data\nchlt_nr_whisper.json
2025-12-28 18:10:42,769 - INFO - Loaded 48536 test entries for language: ndebele
2025-12-28 18:10:42,792 - INFO - Combined entries count: 2500
2025-12-28 18:10:42,833 - INFO - Wrote 1049 entries to D:\Model-Finetuning\whisper\error_analysis\ndebele_unknown.json
2025-12-28 18:10:42,857 - INFO - Wrote 181 entries to D:\Model-Finetuning\whisper\error_analysis\ndebele_18_below.json
2025-12-28 18:10:42,862 - INFO - Wrote 100 entries to D:\Model-Finetuning\whisper\error_analysis\ndebele_30_39.json
2025-12-28 18:10:42,896 - INFO - Wrote 1123 entries to D:\Model-Finetuning\whisper\error_analysis\ndebele_19_29.json
2025-12-28 18:10:42,902 - INFO - Wrote 47 entries to D:\Model-Finetuning\whisper\error_analysis\ndebele_40_49.json
2025-12-28 18:10:42,927 - INFO - Wrote 602 entries to D:\Model-Finetuning\whisper\error_analysis\ndebele_unknown.json
2025-12-28 18:10:42,953 - INFO - Wrote 851 entries to D:\Model-Finetuning\whisper\error_analysis\ndebele_male.json
2025-12-28 18:10:42,986 - INFO - Wrote 1047 entries to D:\Model-Finetuning\whisper\error_analysis\ndebele_female.json
2025-12-28 18:10:42,986 - INFO - Completed processing for language: ndebele
2025-12-28 18:10:42,986 - INFO - All processing complete.
