2025-12-28 18:09:39,939 - INFO - Logging setup complete.
2025-12-28 18:09:39,939 - INFO - ==================================================
2025-12-28 18:09:39,939 - INFO - Processing language: zulu
2025-12-28 18:09:39,939 - INFO - ==================================================
2025-12-28 18:09:39,947 - INFO - Loaded 2500 inference entries for language: zulu
2025-12-28 18:09:39,949 - INFO - Loading test data from D:\Model-Finetuning\whisper\data\zulu_dataset.json
2025-12-28 18:09:39,963 - INFO - Loading test data from D:\Model-Finetuning\whisper\data\nchlt_zu_whisper.json
2025-12-28 18:09:40,058 - INFO - Loaded 50458 test entries for language: zulu
2025-12-28 18:09:40,078 - INFO - Combined entries count: 2500
2025-12-28 18:09:40,115 - INFO - Wrote 1080 entries to D:\Model-Finetuning\whisper\error_analysis\zulu_unknown.json
2025-12-28 18:09:40,153 - INFO - Wrote 987 entries to D:\Model-Finetuning\whisper\error_analysis\zulu_19_29.json
2025-12-28 18:09:40,160 - INFO - Wrote 179 entries to D:\Model-Finetuning\whisper\error_analysis\zulu_30_39.json
2025-12-28 18:09:40,165 - INFO - Wrote 60 entries to D:\Model-Finetuning\whisper\error_analysis\zulu_40_49.json
2025-12-28 18:09:40,172 - INFO - Wrote 179 entries to D:\Model-Finetuning\whisper\error_analysis\zulu_18_below.json
2025-12-28 18:09:40,176 - INFO - Wrote 15 entries to D:\Model-Finetuning\whisper\error_analysis\zulu_50_plus.json
2025-12-28 18:09:40,207 - INFO - Wrote 579 entries to D:\Model-Finetuning\whisper\error_analysis\zulu_unknown.json
2025-12-28 18:09:40,237 - INFO - Wrote 908 entries to D:\Model-Finetuning\whisper\error_analysis\zulu_female.json
2025-12-28 18:09:40,268 - INFO - Wrote 1013 entries to D:\Model-Finetuning\whisper\error_analysis\zulu_male.json
2025-12-28 18:09:40,268 - INFO - Completed processing for language: zulu
2025-12-28 18:09:40,268 - INFO - ==================================================
2025-12-28 18:09:40,268 - INFO - Processing language: xhosa
2025-12-28 18:09:40,268 - INFO - ==================================================
2025-12-28 18:09:40,275 - INFO - Loaded 2500 inference entries for language: xhosa
2025-12-28 18:09:40,276 - INFO - Loading test data from D:\Model-Finetuning\whisper\data\xhosa_dataset.json
2025-12-28 18:09:40,292 - INFO - Loading test data from D:\Model-Finetuning\whisper\data\nchlt_xh_whisper.json
2025-12-28 18:09:40,400 - INFO - Loaded 52893 test entries for language: xhosa
2025-12-28 18:09:40,417 - INFO - Combined entries count: 2500
2025-12-28 18:09:40,483 - INFO - Wrote 1438 entries to D:\Model-Finetuning\whisper\error_analysis\xhosa_unknown.json
2025-12-28 18:09:40,512 - INFO - Wrote 701 entries to D:\Model-Finetuning\whisper\error_analysis\xhosa_19_29.json
2025-12-28 18:09:40,520 - INFO - Wrote 72 entries to D:\Model-Finetuning\whisper\error_analysis\xhosa_50_plus.json
2025-12-28 18:09:40,532 - INFO - Wrote 218 entries to D:\Model-Finetuning\whisper\error_analysis\xhosa_30_39.json
2025-12-28 18:09:40,541 - INFO - Wrote 45 entries to D:\Model-Finetuning\whisper\error_analysis\xhosa_40_49.json
2025-12-28 18:09:40,546 - INFO - Wrote 26 entries to D:\Model-Finetuning\whisper\error_analysis\xhosa_18_below.json
2025-12-28 18:09:40,574 - INFO - Wrote 625 entries to D:\Model-Finetuning\whisper\error_analysis\xhosa_unknown.json
2025-12-28 18:09:40,610 - INFO - Wrote 1043 entries to D:\Model-Finetuning\whisper\error_analysis\xhosa_female.json
2025-12-28 18:09:40,644 - INFO - Wrote 832 entries to D:\Model-Finetuning\whisper\error_analysis\xhosa_male.json
2025-12-28 18:09:40,645 - INFO - Completed processing for language: xhosa
2025-12-28 18:09:40,645 - INFO - ==================================================
2025-12-28 18:09:40,645 - INFO - Processing language: siswati
2025-12-28 18:09:40,645 - INFO - ==================================================
2025-12-28 18:09:40,655 - INFO - Loaded 2500 inference entries for language: siswati
2025-12-28 18:09:40,658 - INFO - Loading test data from D:\Model-Finetuning\whisper\data\siswati_dataset.json
2025-12-28 18:09:40,680 - INFO - Loading test data from D:\Model-Finetuning\whisper\data\nchlt_ss_whisper.json
2025-12-28 18:09:40,781 - INFO - Loaded 49340 test entries for language: siswati
2025-12-28 18:09:40,794 - INFO - Combined entries count: 2500
2025-12-28 18:09:40,835 - INFO - Wrote 898 entries to D:\Model-Finetuning\whisper\error_analysis\siswati_unknown.json
2025-12-28 18:09:40,872 - INFO - Wrote 1405 entries to D:\Model-Finetuning\whisper\error_analysis\siswati_19_29.json
2025-12-28 18:09:40,883 - INFO - Wrote 168 entries to D:\Model-Finetuning\whisper\error_analysis\siswati_18_below.json
2025-12-28 18:09:40,885 - INFO - Wrote 29 entries to D:\Model-Finetuning\whisper\error_analysis\siswati_30_39.json
2025-12-28 18:09:40,911 - INFO - Wrote 584 entries to D:\Model-Finetuning\whisper\error_analysis\siswati_unknown.json
2025-12-28 18:09:40,956 - INFO - Wrote 1059 entries to D:\Model-Finetuning\whisper\error_analysis\siswati_female.json
2025-12-28 18:09:41,000 - INFO - Wrote 857 entries to D:\Model-Finetuning\whisper\error_analysis\siswati_male.json
2025-12-28 18:09:41,001 - INFO - Completed processing for language: siswati
2025-12-28 18:09:41,001 - INFO - ==================================================
2025-12-28 18:09:41,001 - INFO - Processing language: ndebele
2025-12-28 18:09:41,001 - INFO - ==================================================
2025-12-28 18:09:41,011 - INFO - Loaded 2500 inference entries for language: ndebele
2025-12-28 18:09:41,013 - INFO - Loading test data from D:\Model-Finetuning\whisper\data\ndebele_dataset.json
2025-12-28 18:09:41,027 - INFO - Loading test data from D:\Model-Finetuning\whisper\data\nchlt_nr_whisper.json
2025-12-28 18:09:41,128 - INFO - Loaded 48536 test entries for language: ndebele
2025-12-28 18:09:41,144 - INFO - Combined entries count: 2500
2025-12-28 18:09:41,189 - INFO - Wrote 1049 entries to D:\Model-Finetuning\whisper\error_analysis\ndebele_unknown.json
2025-12-28 18:09:41,200 - INFO - Wrote 181 entries to D:\Model-Finetuning\whisper\error_analysis\ndebele_18_below.json
2025-12-28 18:09:41,209 - INFO - Wrote 100 entries to D:\Model-Finetuning\whisper\error_analysis\ndebele_30_39.json
2025-12-28 18:09:41,249 - INFO - Wrote 1123 entries to D:\Model-Finetuning\whisper\error_analysis\ndebele_19_29.json
2025-12-28 18:09:41,253 - INFO - Wrote 47 entries to D:\Model-Finetuning\whisper\error_analysis\ndebele_40_49.json
2025-12-28 18:09:41,283 - INFO - Wrote 602 entries to D:\Model-Finetuning\whisper\error_analysis\ndebele_unknown.json
2025-12-28 18:09:41,319 - INFO - Wrote 851 entries to D:\Model-Finetuning\whisper\error_analysis\ndebele_male.json
2025-12-28 18:09:41,367 - INFO - Wrote 1047 entries to D:\Model-Finetuning\whisper\error_analysis\ndebele_female.json
2025-12-28 18:09:41,367 - INFO - Completed processing for language: ndebele
2025-12-28 18:09:41,367 - INFO - All processing complete.
