2025-11-30 20:25:59,914 - INFO - Logging setup complete.
2025-11-30 20:25:59,928 - INFO - Loading inference results from D:\Model-Finetuning\whisper\error_analysis\zulu_inference_results.json
2025-11-30 20:25:59,932 - WARNING - Speaker metadata not found for isizulu_063. Skipping entry.
2025-11-30 20:25:59,932 - WARNING - Speaker metadata not found for isizulu_041. Skipping entry.
2025-11-30 20:25:59,932 - WARNING - Speaker metadata not found for isizulu_081. Skipping entry.
2025-11-30 20:25:59,932 - WARNING - Speaker metadata not found for isizulu_052. Skipping entry.
2025-11-30 20:25:59,933 - WARNING - Speaker metadata not found for isizulu_013. Skipping entry.
2025-11-30 20:25:59,933 - WARNING - Speaker metadata not found for isizulu_096. Skipping entry.
2025-11-30 20:25:59,933 - WARNING - Speaker metadata not found for isizulu_068. Skipping entry.
2025-11-30 20:25:59,933 - WARNING - Speaker metadata not found for isizulu_034. Skipping entry.
2025-11-30 20:25:59,933 - WARNING - Speaker metadata not found for isizulu_070. Skipping entry.
2025-11-30 20:25:59,933 - WARNING - Speaker metadata not found for isizulu_001. Skipping entry.
2025-11-30 20:25:59,933 - WARNING - Speaker metadata not found for isizulu_008. Skipping entry.
2025-11-30 20:25:59,933 - WARNING - Speaker metadata not found for isizulu_023. Skipping entry.
2025-11-30 20:25:59,933 - WARNING - Speaker metadata not found for isizulu_008. Skipping entry.
2025-11-30 20:25:59,933 - WARNING - Speaker metadata not found for isizulu_021. Skipping entry.
2025-11-30 20:25:59,933 - WARNING - Speaker metadata not found for isizulu_028. Skipping entry.
2025-11-30 20:25:59,933 - WARNING - Speaker metadata not found for isizulu_036. Skipping entry.
2025-11-30 20:25:59,933 - WARNING - Speaker metadata not found for isizulu_058. Skipping entry.
2025-11-30 20:25:59,933 - WARNING - Speaker metadata not found for isizulu_054. Skipping entry.
2025-11-30 20:25:59,933 - WARNING - Speaker metadata not found for isizulu_094. Skipping entry.
2025-11-30 20:25:59,933 - WARNING - Speaker metadata not found for isizulu_094. Skipping entry.
2025-11-30 20:25:59,933 - WARNING - Speaker metadata not found for isizulu_057. Skipping entry.
2025-11-30 20:25:59,933 - WARNING - Speaker metadata not found for isizulu_018. Skipping entry.
2025-11-30 20:25:59,933 - WARNING - Speaker metadata not found for isizulu_089. Skipping entry.
2025-11-30 20:25:59,933 - WARNING - Speaker metadata not found for isizulu_008. Skipping entry.
2025-11-30 20:25:59,933 - WARNING - Speaker metadata not found for isizulu_013. Skipping entry.
2025-11-30 20:25:59,933 - WARNING - Speaker metadata not found for isizulu_037. Skipping entry.
2025-11-30 20:25:59,933 - WARNING - Speaker metadata not found for isizulu_083. Skipping entry.
2025-11-30 20:25:59,933 - WARNING - Speaker metadata not found for isizulu_027. Skipping entry.
2025-11-30 20:25:59,933 - WARNING - Speaker metadata not found for isizulu_051. Skipping entry.
2025-11-30 20:25:59,933 - WARNING - Speaker metadata not found for isizulu_008. Skipping entry.
2025-11-30 20:25:59,933 - WARNING - Speaker metadata not found for isizulu_058. Skipping entry.
2025-11-30 20:25:59,933 - WARNING - Speaker metadata not found for isizulu_094. Skipping entry.
2025-11-30 20:25:59,933 - WARNING - Speaker metadata not found for isizulu_061. Skipping entry.
2025-11-30 20:25:59,933 - WARNING - Speaker metadata not found for isizulu_007. Skipping entry.
2025-11-30 20:25:59,933 - WARNING - Speaker metadata not found for isizulu_054. Skipping entry.
2025-11-30 20:25:59,933 - WARNING - Speaker metadata not found for isizulu_038. Skipping entry.
2025-11-30 20:25:59,933 - WARNING - Speaker metadata not found for isizulu_075. Skipping entry.
2025-11-30 20:25:59,933 - WARNING - Speaker metadata not found for isizulu_032. Skipping entry.
2025-11-30 20:25:59,933 - WARNING - Speaker metadata not found for isizulu_020. Skipping entry.
2025-11-30 20:25:59,933 - WARNING - Speaker metadata not found for isizulu_005. Skipping entry.
2025-11-30 20:25:59,933 - WARNING - Speaker metadata not found for isizulu_067. Skipping entry.
2025-11-30 20:25:59,933 - WARNING - Speaker metadata not found for isizulu_075. Skipping entry.
2025-11-30 20:25:59,933 - WARNING - Speaker metadata not found for isizulu_080. Skipping entry.
2025-11-30 20:25:59,933 - WARNING - Speaker metadata not found for isizulu_041. Skipping entry.
2025-11-30 20:25:59,933 - WARNING - Speaker metadata not found for isizulu_079. Skipping entry.
2025-11-30 20:25:59,933 - WARNING - Speaker metadata not found for isizulu_082. Skipping entry.
2025-11-30 20:25:59,933 - WARNING - Speaker metadata not found for isizulu_075. Skipping entry.
2025-11-30 20:25:59,933 - WARNING - Speaker metadata not found for isizulu_016. Skipping entry.
2025-11-30 20:25:59,933 - WARNING - Speaker metadata not found for isizulu_021. Skipping entry.
2025-11-30 20:25:59,933 - WARNING - Speaker metadata not found for isizulu_016. Skipping entry.
2025-11-30 20:25:59,933 - WARNING - Speaker metadata not found for isizulu_088. Skipping entry.
2025-11-30 20:25:59,933 - WARNING - Speaker metadata not found for isizulu_018. Skipping entry.
2025-11-30 20:25:59,933 - WARNING - Speaker metadata not found for isizulu_082. Skipping entry.
2025-11-30 20:25:59,934 - WARNING - Speaker metadata not found for isizulu_042. Skipping entry.
2025-11-30 20:25:59,934 - WARNING - Speaker metadata not found for isizulu_078. Skipping entry.
2025-11-30 20:25:59,934 - WARNING - Speaker metadata not found for isizulu_016. Skipping entry.
2025-11-30 20:25:59,934 - WARNING - Speaker metadata not found for isizulu_057. Skipping entry.
2025-11-30 20:25:59,934 - WARNING - Speaker metadata not found for isizulu_058. Skipping entry.
2025-11-30 20:25:59,934 - WARNING - Speaker metadata not found for isizulu_045. Skipping entry.
2025-11-30 20:25:59,934 - WARNING - Speaker metadata not found for isizulu_036. Skipping entry.
2025-11-30 20:25:59,934 - WARNING - Speaker metadata not found for isizulu_053. Skipping entry.
2025-11-30 20:25:59,934 - WARNING - Speaker metadata not found for isizulu_007. Skipping entry.
2025-11-30 20:25:59,934 - WARNING - Speaker metadata not found for isizulu_048. Skipping entry.
2025-11-30 20:25:59,934 - WARNING - Speaker metadata not found for isizulu_091. Skipping entry.
2025-11-30 20:25:59,934 - WARNING - Speaker metadata not found for isizulu_046. Skipping entry.
2025-11-30 20:25:59,934 - WARNING - Speaker metadata not found for isizulu_013. Skipping entry.
2025-11-30 20:25:59,934 - WARNING - Speaker metadata not found for isizulu_078. Skipping entry.
2025-11-30 20:25:59,934 - WARNING - Speaker metadata not found for isizulu_041. Skipping entry.
2025-11-30 20:25:59,934 - WARNING - Speaker metadata not found for isizulu_007. Skipping entry.
2025-11-30 20:25:59,934 - WARNING - Speaker metadata not found for isizulu_004. Skipping entry.
2025-11-30 20:25:59,934 - WARNING - Speaker metadata not found for isizulu_007. Skipping entry.
2025-11-30 20:25:59,934 - WARNING - Speaker metadata not found for isizulu_057. Skipping entry.
2025-11-30 20:25:59,934 - WARNING - Speaker metadata not found for isizulu_049. Skipping entry.
2025-11-30 20:25:59,934 - WARNING - Speaker metadata not found for isizulu_084. Skipping entry.
2025-11-30 20:25:59,934 - WARNING - Speaker metadata not found for isizulu_072. Skipping entry.
2025-11-30 20:25:59,934 - WARNING - Speaker metadata not found for isizulu_092. Skipping entry.
2025-11-30 20:25:59,934 - WARNING - Speaker metadata not found for isizulu_017. Skipping entry.
2025-11-30 20:25:59,934 - WARNING - Speaker metadata not found for isizulu_058. Skipping entry.
2025-11-30 20:25:59,934 - WARNING - Speaker metadata not found for isizulu_011. Skipping entry.
2025-11-30 20:25:59,934 - WARNING - Speaker metadata not found for isizulu_018. Skipping entry.
2025-11-30 20:25:59,934 - WARNING - Speaker metadata not found for isizulu_006. Skipping entry.
2025-11-30 20:25:59,934 - WARNING - Speaker metadata not found for isizulu_074. Skipping entry.
2025-11-30 20:25:59,934 - WARNING - Speaker metadata not found for isizulu_037. Skipping entry.
2025-11-30 20:25:59,934 - WARNING - Speaker metadata not found for isizulu_044. Skipping entry.
2025-11-30 20:25:59,934 - WARNING - Speaker metadata not found for isizulu_040. Skipping entry.
2025-11-30 20:25:59,934 - WARNING - Speaker metadata not found for isizulu_004. Skipping entry.
2025-11-30 20:25:59,934 - WARNING - Speaker metadata not found for isizulu_079. Skipping entry.
2025-11-30 20:25:59,934 - WARNING - Speaker metadata not found for isizulu_075. Skipping entry.
2025-11-30 20:25:59,934 - WARNING - Speaker metadata not found for isizulu_088. Skipping entry.
2025-11-30 20:25:59,934 - WARNING - Speaker metadata not found for isizulu_089. Skipping entry.
2025-11-30 20:25:59,934 - WARNING - Speaker metadata not found for isizulu_062. Skipping entry.
2025-11-30 20:25:59,934 - WARNING - Speaker metadata not found for isizulu_090. Skipping entry.
2025-11-30 20:25:59,934 - WARNING - Speaker metadata not found for isizulu_059. Skipping entry.
2025-11-30 20:25:59,934 - WARNING - Speaker metadata not found for isizulu_006. Skipping entry.
2025-11-30 20:25:59,934 - WARNING - Speaker metadata not found for isizulu_057. Skipping entry.
2025-11-30 20:25:59,934 - WARNING - Speaker metadata not found for isizulu_093. Skipping entry.
2025-11-30 20:25:59,934 - WARNING - Speaker metadata not found for isizulu_025. Skipping entry.
2025-11-30 20:25:59,934 - WARNING - Speaker metadata not found for isizulu_054. Skipping entry.
2025-11-30 20:25:59,934 - WARNING - Speaker metadata not found for isizulu_098. Skipping entry.
2025-11-30 20:25:59,934 - WARNING - Speaker metadata not found for isizulu_084. Skipping entry.
2025-11-30 20:25:59,934 - WARNING - Speaker metadata not found for isizulu_066. Skipping entry.
2025-11-30 20:25:59,935 - WARNING - Speaker metadata not found for isizulu_077. Skipping entry.
2025-11-30 20:25:59,935 - WARNING - Speaker metadata not found for isizulu_002. Skipping entry.
2025-11-30 20:25:59,935 - WARNING - Speaker metadata not found for isizulu_044. Skipping entry.
2025-11-30 20:25:59,935 - WARNING - Speaker metadata not found for isizulu_034. Skipping entry.
2025-11-30 20:25:59,935 - WARNING - Speaker metadata not found for isizulu_091. Skipping entry.
2025-11-30 20:25:59,935 - WARNING - Speaker metadata not found for isizulu_027. Skipping entry.
2025-11-30 20:25:59,935 - WARNING - Speaker metadata not found for isizulu_011. Skipping entry.
2025-11-30 20:25:59,935 - WARNING - Speaker metadata not found for isizulu_018. Skipping entry.
2025-11-30 20:25:59,935 - WARNING - Speaker metadata not found for isizulu_081. Skipping entry.
2025-11-30 20:25:59,935 - WARNING - Speaker metadata not found for isizulu_090. Skipping entry.
2025-11-30 20:25:59,935 - WARNING - Speaker metadata not found for isizulu_091. Skipping entry.
2025-11-30 20:25:59,935 - WARNING - Speaker metadata not found for isizulu_017. Skipping entry.
2025-11-30 20:25:59,935 - WARNING - Speaker metadata not found for isizulu_051. Skipping entry.
2025-11-30 20:25:59,935 - WARNING - Speaker metadata not found for isizulu_008. Skipping entry.
2025-11-30 20:25:59,935 - WARNING - Speaker metadata not found for isizulu_052. Skipping entry.
2025-11-30 20:25:59,935 - WARNING - Speaker metadata not found for isizulu_040. Skipping entry.
2025-11-30 20:25:59,935 - WARNING - Speaker metadata not found for isizulu_031. Skipping entry.
2025-11-30 20:25:59,935 - WARNING - Speaker metadata not found for isizulu_024. Skipping entry.
2025-11-30 20:25:59,935 - WARNING - Speaker metadata not found for isizulu_011. Skipping entry.
2025-11-30 20:25:59,935 - WARNING - Speaker metadata not found for isizulu_042. Skipping entry.
2025-11-30 20:25:59,935 - WARNING - Speaker metadata not found for isizulu_055. Skipping entry.
2025-11-30 20:25:59,935 - WARNING - Speaker metadata not found for isizulu_038. Skipping entry.
2025-11-30 20:25:59,935 - WARNING - Speaker metadata not found for isizulu_030. Skipping entry.
2025-11-30 20:25:59,935 - WARNING - Speaker metadata not found for isizulu_097. Skipping entry.
2025-11-30 20:25:59,935 - WARNING - Speaker metadata not found for isizulu_085. Skipping entry.
2025-11-30 20:25:59,935 - WARNING - Speaker metadata not found for isizulu_055. Skipping entry.
2025-11-30 20:25:59,935 - WARNING - Speaker metadata not found for isizulu_008. Skipping entry.
2025-11-30 20:25:59,935 - WARNING - Speaker metadata not found for isizulu_048. Skipping entry.
2025-11-30 20:25:59,935 - WARNING - Speaker metadata not found for isizulu_039. Skipping entry.
2025-11-30 20:25:59,935 - WARNING - Speaker metadata not found for isizulu_024. Skipping entry.
2025-11-30 20:25:59,935 - WARNING - Speaker metadata not found for isizulu_076. Skipping entry.
2025-11-30 20:25:59,935 - WARNING - Speaker metadata not found for isizulu_088. Skipping entry.
2025-11-30 20:25:59,935 - WARNING - Speaker metadata not found for isizulu_020. Skipping entry.
2025-11-30 20:25:59,935 - WARNING - Speaker metadata not found for isizulu_055. Skipping entry.
2025-11-30 20:25:59,935 - WARNING - Speaker metadata not found for isizulu_024. Skipping entry.
2025-11-30 20:25:59,935 - WARNING - Speaker metadata not found for isizulu_007. Skipping entry.
2025-11-30 20:25:59,935 - WARNING - Speaker metadata not found for isizulu_010. Skipping entry.
2025-11-30 20:25:59,935 - WARNING - Speaker metadata not found for isizulu_067. Skipping entry.
2025-11-30 20:25:59,935 - WARNING - Speaker metadata not found for isizulu_043. Skipping entry.
2025-11-30 20:25:59,935 - WARNING - Speaker metadata not found for isizulu_015. Skipping entry.
2025-11-30 20:25:59,935 - WARNING - Speaker metadata not found for isizulu_010. Skipping entry.
2025-11-30 20:25:59,935 - WARNING - Speaker metadata not found for isizulu_037. Skipping entry.
2025-11-30 20:25:59,935 - WARNING - Speaker metadata not found for isizulu_019. Skipping entry.
2025-11-30 20:25:59,935 - WARNING - Speaker metadata not found for isizulu_056. Skipping entry.
2025-11-30 20:25:59,935 - WARNING - Speaker metadata not found for isizulu_035. Skipping entry.
2025-11-30 20:25:59,935 - WARNING - Speaker metadata not found for isizulu_042. Skipping entry.
2025-11-30 20:25:59,935 - WARNING - Speaker metadata not found for isizulu_007. Skipping entry.
2025-11-30 20:25:59,935 - WARNING - Speaker metadata not found for isizulu_025. Skipping entry.
2025-11-30 20:25:59,935 - WARNING - Speaker metadata not found for isizulu_071. Skipping entry.
2025-11-30 20:25:59,935 - WARNING - Speaker metadata not found for isizulu_010. Skipping entry.
2025-11-30 20:25:59,935 - WARNING - Speaker metadata not found for isizulu_085. Skipping entry.
2025-11-30 20:25:59,935 - WARNING - Speaker metadata not found for isizulu_090. Skipping entry.
2025-11-30 20:25:59,935 - WARNING - Speaker metadata not found for isizulu_005. Skipping entry.
2025-11-30 20:25:59,935 - WARNING - Speaker metadata not found for isizulu_042. Skipping entry.
2025-11-30 20:25:59,935 - WARNING - Speaker metadata not found for isizulu_050. Skipping entry.
2025-11-30 20:25:59,935 - WARNING - Speaker metadata not found for isizulu_091. Skipping entry.
2025-11-30 20:25:59,936 - WARNING - Speaker metadata not found for isizulu_008. Skipping entry.
2025-11-30 20:25:59,936 - WARNING - Speaker metadata not found for isizulu_068. Skipping entry.
2025-11-30 20:25:59,936 - WARNING - Speaker metadata not found for isizulu_022. Skipping entry.
2025-11-30 20:25:59,936 - WARNING - Speaker metadata not found for isizulu_072. Skipping entry.
2025-11-30 20:25:59,936 - WARNING - Speaker metadata not found for isizulu_004. Skipping entry.
2025-11-30 20:25:59,936 - WARNING - Speaker metadata not found for isizulu_028. Skipping entry.
2025-11-30 20:25:59,936 - WARNING - Speaker metadata not found for isizulu_092. Skipping entry.
2025-11-30 20:25:59,936 - WARNING - Speaker metadata not found for isizulu_016. Skipping entry.
2025-11-30 20:25:59,936 - WARNING - Speaker metadata not found for isizulu_019. Skipping entry.
2025-11-30 20:25:59,936 - WARNING - Speaker metadata not found for isizulu_007. Skipping entry.
2025-11-30 20:25:59,936 - WARNING - Speaker metadata not found for isizulu_014. Skipping entry.
2025-11-30 20:25:59,936 - WARNING - Speaker metadata not found for isizulu_094. Skipping entry.
2025-11-30 20:25:59,936 - WARNING - Speaker metadata not found for isizulu_085. Skipping entry.
2025-11-30 20:25:59,936 - WARNING - Speaker metadata not found for isizulu_023. Skipping entry.
2025-11-30 20:25:59,936 - WARNING - Speaker metadata not found for isizulu_025. Skipping entry.
2025-11-30 20:25:59,936 - WARNING - Speaker metadata not found for isizulu_090. Skipping entry.
2025-11-30 20:25:59,936 - WARNING - Speaker metadata not found for isizulu_085. Skipping entry.
2025-11-30 20:25:59,936 - WARNING - Speaker metadata not found for isizulu_051. Skipping entry.
2025-11-30 20:25:59,936 - WARNING - Speaker metadata not found for isizulu_044. Skipping entry.
2025-11-30 20:25:59,936 - WARNING - Speaker metadata not found for isizulu_068. Skipping entry.
2025-11-30 20:25:59,936 - WARNING - Speaker metadata not found for isizulu_089. Skipping entry.
2025-11-30 20:25:59,936 - WARNING - Speaker metadata not found for isizulu_087. Skipping entry.
2025-11-30 20:25:59,936 - WARNING - Speaker metadata not found for isizulu_062. Skipping entry.
2025-11-30 20:25:59,936 - WARNING - Speaker metadata not found for isizulu_011. Skipping entry.
2025-11-30 20:25:59,936 - WARNING - Speaker metadata not found for isizulu_051. Skipping entry.
2025-11-30 20:25:59,936 - WARNING - Speaker metadata not found for isizulu_096. Skipping entry.
2025-11-30 20:25:59,936 - WARNING - Speaker metadata not found for isizulu_092. Skipping entry.
2025-11-30 20:25:59,936 - WARNING - Speaker metadata not found for isizulu_005. Skipping entry.
2025-11-30 20:25:59,936 - WARNING - Speaker metadata not found for isizulu_034. Skipping entry.
2025-11-30 20:25:59,936 - WARNING - Speaker metadata not found for isizulu_040. Skipping entry.
2025-11-30 20:25:59,936 - WARNING - Speaker metadata not found for isizulu_082. Skipping entry.
2025-11-30 20:25:59,936 - WARNING - Speaker metadata not found for isizulu_024. Skipping entry.
2025-11-30 20:25:59,936 - WARNING - Speaker metadata not found for isizulu_067. Skipping entry.
2025-11-30 20:25:59,936 - WARNING - Speaker metadata not found for isizulu_098. Skipping entry.
2025-11-30 20:25:59,936 - WARNING - Speaker metadata not found for isizulu_086. Skipping entry.
2025-11-30 20:25:59,936 - WARNING - Speaker metadata not found for isizulu_058. Skipping entry.
2025-11-30 20:25:59,936 - WARNING - Speaker metadata not found for isizulu_089. Skipping entry.
2025-11-30 20:25:59,936 - WARNING - Speaker metadata not found for isizulu_091. Skipping entry.
2025-11-30 20:25:59,936 - WARNING - Speaker metadata not found for isizulu_066. Skipping entry.
2025-11-30 20:25:59,936 - WARNING - Speaker metadata not found for isizulu_074. Skipping entry.
2025-11-30 20:25:59,936 - WARNING - Speaker metadata not found for isizulu_012. Skipping entry.
2025-11-30 20:25:59,936 - WARNING - Speaker metadata not found for isizulu_021. Skipping entry.
2025-11-30 20:25:59,936 - WARNING - Speaker metadata not found for isizulu_060. Skipping entry.
2025-11-30 20:25:59,936 - WARNING - Speaker metadata not found for isizulu_046. Skipping entry.
2025-11-30 20:25:59,936 - WARNING - Speaker metadata not found for isizulu_076. Skipping entry.
2025-11-30 20:25:59,936 - WARNING - Speaker metadata not found for isizulu_099. Skipping entry.
2025-11-30 20:25:59,936 - WARNING - Speaker metadata not found for isizulu_012. Skipping entry.
2025-11-30 20:25:59,936 - WARNING - Speaker metadata not found for isizulu_079. Skipping entry.
2025-11-30 20:25:59,936 - WARNING - Speaker metadata not found for isizulu_028. Skipping entry.
2025-11-30 20:25:59,936 - WARNING - Speaker metadata not found for isizulu_058. Skipping entry.
2025-11-30 20:25:59,936 - WARNING - Speaker metadata not found for isizulu_097. Skipping entry.
2025-11-30 20:25:59,936 - WARNING - Speaker metadata not found for isizulu_011. Skipping entry.
2025-11-30 20:25:59,936 - WARNING - Speaker metadata not found for isizulu_031. Skipping entry.
2025-11-30 20:25:59,936 - WARNING - Speaker metadata not found for isizulu_006. Skipping entry.
2025-11-30 20:25:59,936 - WARNING - Speaker metadata not found for isizulu_086. Skipping entry.
2025-11-30 20:25:59,936 - WARNING - Speaker metadata not found for isizulu_071. Skipping entry.
2025-11-30 20:25:59,937 - WARNING - Speaker metadata not found for isizulu_076. Skipping entry.
2025-11-30 20:25:59,937 - WARNING - Speaker metadata not found for isizulu_094. Skipping entry.
2025-11-30 20:25:59,937 - WARNING - Speaker metadata not found for isizulu_069. Skipping entry.
2025-11-30 20:25:59,937 - WARNING - Speaker metadata not found for isizulu_087. Skipping entry.
2025-11-30 20:25:59,937 - WARNING - Speaker metadata not found for isizulu_055. Skipping entry.
2025-11-30 20:25:59,937 - WARNING - Speaker metadata not found for isizulu_087. Skipping entry.
2025-11-30 20:25:59,937 - WARNING - Speaker metadata not found for isizulu_003. Skipping entry.
2025-11-30 20:25:59,937 - WARNING - Speaker metadata not found for isizulu_015. Skipping entry.
2025-11-30 20:25:59,937 - WARNING - Speaker metadata not found for isizulu_004. Skipping entry.
2025-11-30 20:25:59,937 - WARNING - Speaker metadata not found for isizulu_067. Skipping entry.
2025-11-30 20:25:59,937 - WARNING - Speaker metadata not found for isizulu_058. Skipping entry.
2025-11-30 20:25:59,937 - WARNING - Speaker metadata not found for isizulu_086. Skipping entry.
2025-11-30 20:25:59,937 - WARNING - Speaker metadata not found for isizulu_017. Skipping entry.
2025-11-30 20:25:59,937 - WARNING - Speaker metadata not found for isizulu_097. Skipping entry.
2025-11-30 20:25:59,937 - WARNING - Speaker metadata not found for isizulu_049. Skipping entry.
2025-11-30 20:25:59,937 - WARNING - Speaker metadata not found for isizulu_041. Skipping entry.
2025-11-30 20:25:59,937 - WARNING - Speaker metadata not found for isizulu_046. Skipping entry.
2025-11-30 20:25:59,937 - WARNING - Speaker metadata not found for isizulu_080. Skipping entry.
2025-11-30 20:25:59,937 - WARNING - Speaker metadata not found for isizulu_086. Skipping entry.
2025-11-30 20:25:59,937 - WARNING - Speaker metadata not found for isizulu_022. Skipping entry.
2025-11-30 20:25:59,937 - WARNING - Speaker metadata not found for isizulu_083. Skipping entry.
2025-11-30 20:25:59,937 - WARNING - Speaker metadata not found for isizulu_093. Skipping entry.
2025-11-30 20:25:59,937 - WARNING - Speaker metadata not found for isizulu_051. Skipping entry.
2025-11-30 20:25:59,937 - WARNING - Speaker metadata not found for isizulu_031. Skipping entry.
2025-11-30 20:25:59,937 - WARNING - Speaker metadata not found for isizulu_071. Skipping entry.
2025-11-30 20:25:59,937 - WARNING - Speaker metadata not found for isizulu_013. Skipping entry.
2025-11-30 20:25:59,937 - WARNING - Speaker metadata not found for isizulu_041. Skipping entry.
2025-11-30 20:25:59,937 - WARNING - Speaker metadata not found for isizulu_067. Skipping entry.
2025-11-30 20:25:59,937 - WARNING - Speaker metadata not found for isizulu_020. Skipping entry.
2025-11-30 20:25:59,937 - WARNING - Speaker metadata not found for isizulu_095. Skipping entry.
2025-11-30 20:25:59,937 - WARNING - Speaker metadata not found for isizulu_060. Skipping entry.
2025-11-30 20:25:59,937 - WARNING - Speaker metadata not found for isizulu_031. Skipping entry.
2025-11-30 20:25:59,937 - WARNING - Speaker metadata not found for isizulu_040. Skipping entry.
2025-11-30 20:25:59,937 - WARNING - Speaker metadata not found for isizulu_055. Skipping entry.
2025-11-30 20:25:59,937 - WARNING - Speaker metadata not found for isizulu_089. Skipping entry.
2025-11-30 20:26:00,008 - INFO - Loading inference results from D:\Model-Finetuning\whisper\error_analysis\xhosa_inference_results.json
2025-11-30 20:26:00,015 - WARNING - Speaker metadata not found for isixhosa_069. Skipping entry.
2025-11-30 20:26:00,015 - WARNING - Speaker metadata not found for isixhosa_008. Skipping entry.
2025-11-30 20:26:00,015 - WARNING - Speaker metadata not found for isixhosa_012. Skipping entry.
2025-11-30 20:26:00,015 - WARNING - Speaker metadata not found for isixhosa_097. Skipping entry.
2025-11-30 20:26:00,015 - WARNING - Speaker metadata not found for isixhosa_029. Skipping entry.
2025-11-30 20:26:00,015 - WARNING - Speaker metadata not found for isixhosa_059. Skipping entry.
2025-11-30 20:26:00,015 - WARNING - Speaker metadata not found for isixhosa_014. Skipping entry.
2025-11-30 20:26:00,015 - WARNING - Speaker metadata not found for isixhosa_057. Skipping entry.
2025-11-30 20:26:00,015 - WARNING - Speaker metadata not found for isixhosa_095. Skipping entry.
2025-11-30 20:26:00,015 - WARNING - Speaker metadata not found for isixhosa_055. Skipping entry.
2025-11-30 20:26:00,015 - WARNING - Speaker metadata not found for isixhosa_060. Skipping entry.
2025-11-30 20:26:00,015 - WARNING - Speaker metadata not found for isixhosa_067. Skipping entry.
2025-11-30 20:26:00,015 - WARNING - Speaker metadata not found for isixhosa_067. Skipping entry.
2025-11-30 20:26:00,015 - WARNING - Speaker metadata not found for isixhosa_024. Skipping entry.
2025-11-30 20:26:00,015 - WARNING - Speaker metadata not found for isixhosa_064. Skipping entry.
2025-11-30 20:26:00,015 - WARNING - Speaker metadata not found for isixhosa_075. Skipping entry.
2025-11-30 20:26:00,015 - WARNING - Speaker metadata not found for isixhosa_099. Skipping entry.
2025-11-30 20:26:00,015 - WARNING - Speaker metadata not found for isixhosa_003. Skipping entry.
2025-11-30 20:26:00,015 - WARNING - Speaker metadata not found for isixhosa_084. Skipping entry.
2025-11-30 20:26:00,015 - WARNING - Speaker metadata not found for isixhosa_074. Skipping entry.
2025-11-30 20:26:00,015 - WARNING - Speaker metadata not found for isixhosa_028. Skipping entry.
2025-11-30 20:26:00,016 - WARNING - Speaker metadata not found for isixhosa_047. Skipping entry.
2025-11-30 20:26:00,016 - WARNING - Speaker metadata not found for isixhosa_096. Skipping entry.
2025-11-30 20:26:00,016 - WARNING - Speaker metadata not found for isixhosa_026. Skipping entry.
2025-11-30 20:26:00,016 - WARNING - Speaker metadata not found for isixhosa_043. Skipping entry.
2025-11-30 20:26:00,016 - WARNING - Speaker metadata not found for isixhosa_072. Skipping entry.
2025-11-30 20:26:00,016 - WARNING - Speaker metadata not found for isixhosa_085. Skipping entry.
2025-11-30 20:26:00,016 - WARNING - Speaker metadata not found for isixhosa_053. Skipping entry.
2025-11-30 20:26:00,016 - WARNING - Speaker metadata not found for isixhosa_019. Skipping entry.
2025-11-30 20:26:00,016 - WARNING - Speaker metadata not found for isixhosa_095. Skipping entry.
2025-11-30 20:26:00,016 - WARNING - Speaker metadata not found for isixhosa_098. Skipping entry.
2025-11-30 20:26:00,016 - WARNING - Speaker metadata not found for isixhosa_050. Skipping entry.
2025-11-30 20:26:00,016 - WARNING - Speaker metadata not found for isixhosa_078. Skipping entry.
2025-11-30 20:26:00,016 - WARNING - Speaker metadata not found for isixhosa_098. Skipping entry.
2025-11-30 20:26:00,016 - WARNING - Speaker metadata not found for isixhosa_028. Skipping entry.
2025-11-30 20:26:00,016 - WARNING - Speaker metadata not found for isixhosa_030. Skipping entry.
2025-11-30 20:26:00,016 - WARNING - Speaker metadata not found for isixhosa_055. Skipping entry.
2025-11-30 20:26:00,016 - WARNING - Speaker metadata not found for isixhosa_049. Skipping entry.
2025-11-30 20:26:00,016 - WARNING - Speaker metadata not found for isixhosa_050. Skipping entry.
2025-11-30 20:26:00,016 - WARNING - Speaker metadata not found for isixhosa_008. Skipping entry.
2025-11-30 20:26:00,016 - WARNING - Speaker metadata not found for isixhosa_044. Skipping entry.
2025-11-30 20:26:00,016 - WARNING - Speaker metadata not found for isixhosa_038. Skipping entry.
2025-11-30 20:26:00,016 - WARNING - Speaker metadata not found for isixhosa_020. Skipping entry.
2025-11-30 20:26:00,016 - WARNING - Speaker metadata not found for isixhosa_053. Skipping entry.
2025-11-30 20:26:00,016 - WARNING - Speaker metadata not found for isixhosa_002. Skipping entry.
2025-11-30 20:26:00,016 - WARNING - Speaker metadata not found for isixhosa_067. Skipping entry.
2025-11-30 20:26:00,016 - WARNING - Speaker metadata not found for isixhosa_088. Skipping entry.
2025-11-30 20:26:00,016 - WARNING - Speaker metadata not found for isixhosa_062. Skipping entry.
2025-11-30 20:26:00,016 - WARNING - Speaker metadata not found for isixhosa_050. Skipping entry.
2025-11-30 20:26:00,016 - WARNING - Speaker metadata not found for isixhosa_079. Skipping entry.
2025-11-30 20:26:00,016 - WARNING - Speaker metadata not found for isixhosa_042. Skipping entry.
2025-11-30 20:26:00,016 - WARNING - Speaker metadata not found for isixhosa_037. Skipping entry.
2025-11-30 20:26:00,016 - WARNING - Speaker metadata not found for isixhosa_025. Skipping entry.
2025-11-30 20:26:00,016 - WARNING - Speaker metadata not found for isixhosa_051. Skipping entry.
2025-11-30 20:26:00,016 - WARNING - Speaker metadata not found for isixhosa_024. Skipping entry.
2025-11-30 20:26:00,016 - WARNING - Speaker metadata not found for isixhosa_012. Skipping entry.
2025-11-30 20:26:00,016 - WARNING - Speaker metadata not found for isixhosa_076. Skipping entry.
2025-11-30 20:26:00,016 - WARNING - Speaker metadata not found for isixhosa_031. Skipping entry.
2025-11-30 20:26:00,016 - WARNING - Speaker metadata not found for isixhosa_043. Skipping entry.
2025-11-30 20:26:00,016 - WARNING - Speaker metadata not found for isixhosa_065. Skipping entry.
2025-11-30 20:26:00,016 - WARNING - Speaker metadata not found for isixhosa_004. Skipping entry.
2025-11-30 20:26:00,016 - WARNING - Speaker metadata not found for isixhosa_082. Skipping entry.
2025-11-30 20:26:00,016 - WARNING - Speaker metadata not found for isixhosa_098. Skipping entry.
2025-11-30 20:26:00,017 - WARNING - Speaker metadata not found for isixhosa_083. Skipping entry.
2025-11-30 20:26:00,017 - WARNING - Speaker metadata not found for isixhosa_029. Skipping entry.
2025-11-30 20:26:00,017 - WARNING - Speaker metadata not found for isixhosa_054. Skipping entry.
2025-11-30 20:26:00,017 - WARNING - Speaker metadata not found for isixhosa_071. Skipping entry.
2025-11-30 20:26:00,017 - WARNING - Speaker metadata not found for isixhosa_097. Skipping entry.
2025-11-30 20:26:00,017 - WARNING - Speaker metadata not found for isixhosa_012. Skipping entry.
2025-11-30 20:26:00,017 - WARNING - Speaker metadata not found for isixhosa_060. Skipping entry.
2025-11-30 20:26:00,017 - WARNING - Speaker metadata not found for isixhosa_093. Skipping entry.
2025-11-30 20:26:00,017 - WARNING - Speaker metadata not found for isixhosa_012. Skipping entry.
2025-11-30 20:26:00,017 - WARNING - Speaker metadata not found for isixhosa_012. Skipping entry.
2025-11-30 20:26:00,017 - WARNING - Speaker metadata not found for isixhosa_029. Skipping entry.
2025-11-30 20:26:00,017 - WARNING - Speaker metadata not found for isixhosa_026. Skipping entry.
2025-11-30 20:26:00,017 - WARNING - Speaker metadata not found for isixhosa_011. Skipping entry.
2025-11-30 20:26:00,017 - WARNING - Speaker metadata not found for isixhosa_007. Skipping entry.
2025-11-30 20:26:00,017 - WARNING - Speaker metadata not found for isixhosa_097. Skipping entry.
2025-11-30 20:26:00,017 - WARNING - Speaker metadata not found for isixhosa_019. Skipping entry.
2025-11-30 20:26:00,017 - WARNING - Speaker metadata not found for isixhosa_057. Skipping entry.
2025-11-30 20:26:00,017 - WARNING - Speaker metadata not found for isixhosa_085. Skipping entry.
2025-11-30 20:26:00,017 - WARNING - Speaker metadata not found for isixhosa_078. Skipping entry.
2025-11-30 20:26:00,017 - WARNING - Speaker metadata not found for isixhosa_023. Skipping entry.
2025-11-30 20:26:00,017 - WARNING - Speaker metadata not found for isixhosa_043. Skipping entry.
2025-11-30 20:26:00,017 - WARNING - Speaker metadata not found for isixhosa_092. Skipping entry.
2025-11-30 20:26:00,017 - WARNING - Speaker metadata not found for isixhosa_031. Skipping entry.
2025-11-30 20:26:00,017 - WARNING - Speaker metadata not found for isixhosa_015. Skipping entry.
2025-11-30 20:26:00,017 - WARNING - Speaker metadata not found for isixhosa_075. Skipping entry.
2025-11-30 20:26:00,017 - WARNING - Speaker metadata not found for isixhosa_049. Skipping entry.
2025-11-30 20:26:00,017 - WARNING - Speaker metadata not found for isixhosa_042. Skipping entry.
2025-11-30 20:26:00,017 - WARNING - Speaker metadata not found for isixhosa_066. Skipping entry.
2025-11-30 20:26:00,017 - WARNING - Speaker metadata not found for isixhosa_080. Skipping entry.
2025-11-30 20:26:00,017 - WARNING - Speaker metadata not found for isixhosa_066. Skipping entry.
2025-11-30 20:26:00,017 - WARNING - Speaker metadata not found for isixhosa_083. Skipping entry.
2025-11-30 20:26:00,017 - WARNING - Speaker metadata not found for isixhosa_091. Skipping entry.
2025-11-30 20:26:00,017 - WARNING - Speaker metadata not found for isixhosa_038. Skipping entry.
2025-11-30 20:26:00,017 - WARNING - Speaker metadata not found for isixhosa_098. Skipping entry.
2025-11-30 20:26:00,017 - WARNING - Speaker metadata not found for isixhosa_056. Skipping entry.
2025-11-30 20:26:00,017 - WARNING - Speaker metadata not found for isixhosa_098. Skipping entry.
2025-11-30 20:26:00,017 - WARNING - Speaker metadata not found for isixhosa_048. Skipping entry.
2025-11-30 20:26:00,017 - WARNING - Speaker metadata not found for isixhosa_061. Skipping entry.
2025-11-30 20:26:00,017 - WARNING - Speaker metadata not found for isixhosa_086. Skipping entry.
2025-11-30 20:26:00,017 - WARNING - Speaker metadata not found for isixhosa_074. Skipping entry.
2025-11-30 20:26:00,017 - WARNING - Speaker metadata not found for isixhosa_007. Skipping entry.
2025-11-30 20:26:00,017 - WARNING - Speaker metadata not found for isixhosa_039. Skipping entry.
2025-11-30 20:26:00,017 - WARNING - Speaker metadata not found for isixhosa_072. Skipping entry.
2025-11-30 20:26:00,017 - WARNING - Speaker metadata not found for isixhosa_011. Skipping entry.
2025-11-30 20:26:00,017 - WARNING - Speaker metadata not found for isixhosa_062. Skipping entry.
2025-11-30 20:26:00,017 - WARNING - Speaker metadata not found for isixhosa_074. Skipping entry.
2025-11-30 20:26:00,018 - WARNING - Speaker metadata not found for isixhosa_044. Skipping entry.
2025-11-30 20:26:00,018 - WARNING - Speaker metadata not found for isixhosa_003. Skipping entry.
2025-11-30 20:26:00,018 - WARNING - Speaker metadata not found for isixhosa_045. Skipping entry.
2025-11-30 20:26:00,018 - WARNING - Speaker metadata not found for isixhosa_070. Skipping entry.
2025-11-30 20:26:00,018 - WARNING - Speaker metadata not found for isixhosa_046. Skipping entry.
2025-11-30 20:26:00,018 - WARNING - Speaker metadata not found for isixhosa_029. Skipping entry.
2025-11-30 20:26:00,018 - WARNING - Speaker metadata not found for isixhosa_082. Skipping entry.
2025-11-30 20:26:00,018 - WARNING - Speaker metadata not found for isixhosa_050. Skipping entry.
2025-11-30 20:26:00,018 - WARNING - Speaker metadata not found for isixhosa_009. Skipping entry.
2025-11-30 20:26:00,018 - WARNING - Speaker metadata not found for isixhosa_004. Skipping entry.
2025-11-30 20:26:00,018 - WARNING - Speaker metadata not found for isixhosa_064. Skipping entry.
2025-11-30 20:26:00,018 - WARNING - Speaker metadata not found for isixhosa_096. Skipping entry.
2025-11-30 20:26:00,018 - WARNING - Speaker metadata not found for isixhosa_071. Skipping entry.
2025-11-30 20:26:00,018 - WARNING - Speaker metadata not found for isixhosa_035. Skipping entry.
2025-11-30 20:26:00,018 - WARNING - Speaker metadata not found for isixhosa_051. Skipping entry.
2025-11-30 20:26:00,018 - WARNING - Speaker metadata not found for isixhosa_033. Skipping entry.
2025-11-30 20:26:00,018 - WARNING - Speaker metadata not found for isixhosa_052. Skipping entry.
2025-11-30 20:26:00,018 - WARNING - Speaker metadata not found for isixhosa_069. Skipping entry.
2025-11-30 20:26:00,018 - WARNING - Speaker metadata not found for isixhosa_015. Skipping entry.
2025-11-30 20:26:00,018 - WARNING - Speaker metadata not found for isixhosa_048. Skipping entry.
2025-11-30 20:26:00,018 - WARNING - Speaker metadata not found for isixhosa_076. Skipping entry.
2025-11-30 20:26:00,018 - WARNING - Speaker metadata not found for isixhosa_058. Skipping entry.
2025-11-30 20:26:00,018 - WARNING - Speaker metadata not found for isixhosa_078. Skipping entry.
2025-11-30 20:26:00,018 - WARNING - Speaker metadata not found for isixhosa_036. Skipping entry.
2025-11-30 20:26:00,018 - WARNING - Speaker metadata not found for isixhosa_098. Skipping entry.
2025-11-30 20:26:00,018 - WARNING - Speaker metadata not found for isixhosa_076. Skipping entry.
2025-11-30 20:26:00,018 - WARNING - Speaker metadata not found for isixhosa_032. Skipping entry.
2025-11-30 20:26:00,018 - WARNING - Speaker metadata not found for isixhosa_022. Skipping entry.
2025-11-30 20:26:00,018 - WARNING - Speaker metadata not found for isixhosa_018. Skipping entry.
2025-11-30 20:26:00,018 - WARNING - Speaker metadata not found for isixhosa_033. Skipping entry.
2025-11-30 20:26:00,018 - WARNING - Speaker metadata not found for isixhosa_015. Skipping entry.
2025-11-30 20:26:00,018 - WARNING - Speaker metadata not found for isixhosa_025. Skipping entry.
2025-11-30 20:26:00,018 - WARNING - Speaker metadata not found for isixhosa_027. Skipping entry.
2025-11-30 20:26:00,018 - WARNING - Speaker metadata not found for isixhosa_036. Skipping entry.
2025-11-30 20:26:00,018 - WARNING - Speaker metadata not found for isixhosa_091. Skipping entry.
2025-11-30 20:26:00,018 - WARNING - Speaker metadata not found for isixhosa_021. Skipping entry.
2025-11-30 20:26:00,018 - WARNING - Speaker metadata not found for isixhosa_082. Skipping entry.
2025-11-30 20:26:00,018 - WARNING - Speaker metadata not found for isixhosa_075. Skipping entry.
2025-11-30 20:26:00,018 - WARNING - Speaker metadata not found for isixhosa_037. Skipping entry.
2025-11-30 20:26:00,018 - WARNING - Speaker metadata not found for isixhosa_056. Skipping entry.
2025-11-30 20:26:00,018 - WARNING - Speaker metadata not found for isixhosa_082. Skipping entry.
2025-11-30 20:26:00,018 - WARNING - Speaker metadata not found for isixhosa_079. Skipping entry.
2025-11-30 20:26:00,018 - WARNING - Speaker metadata not found for isixhosa_023. Skipping entry.
2025-11-30 20:26:00,018 - WARNING - Speaker metadata not found for isixhosa_058. Skipping entry.
2025-11-30 20:26:00,019 - WARNING - Speaker metadata not found for isixhosa_074. Skipping entry.
2025-11-30 20:26:00,019 - WARNING - Speaker metadata not found for isixhosa_077. Skipping entry.
2025-11-30 20:26:00,019 - WARNING - Speaker metadata not found for isixhosa_078. Skipping entry.
2025-11-30 20:26:00,019 - WARNING - Speaker metadata not found for isixhosa_003. Skipping entry.
2025-11-30 20:26:00,019 - WARNING - Speaker metadata not found for isixhosa_072. Skipping entry.
2025-11-30 20:26:00,019 - WARNING - Speaker metadata not found for isixhosa_081. Skipping entry.
2025-11-30 20:26:00,019 - WARNING - Speaker metadata not found for isixhosa_005. Skipping entry.
2025-11-30 20:26:00,019 - WARNING - Speaker metadata not found for isixhosa_035. Skipping entry.
2025-11-30 20:26:00,019 - WARNING - Speaker metadata not found for isixhosa_036. Skipping entry.
2025-11-30 20:26:00,019 - WARNING - Speaker metadata not found for isixhosa_081. Skipping entry.
2025-11-30 20:26:00,019 - WARNING - Speaker metadata not found for isixhosa_029. Skipping entry.
2025-11-30 20:26:00,019 - WARNING - Speaker metadata not found for isixhosa_004. Skipping entry.
2025-11-30 20:26:00,019 - WARNING - Speaker metadata not found for isixhosa_047. Skipping entry.
2025-11-30 20:26:00,019 - WARNING - Speaker metadata not found for isixhosa_041. Skipping entry.
2025-11-30 20:26:00,019 - WARNING - Speaker metadata not found for isixhosa_022. Skipping entry.
2025-11-30 20:26:00,019 - WARNING - Speaker metadata not found for isixhosa_048. Skipping entry.
2025-11-30 20:26:00,019 - WARNING - Speaker metadata not found for isixhosa_020. Skipping entry.
2025-11-30 20:26:00,019 - WARNING - Speaker metadata not found for isixhosa_019. Skipping entry.
2025-11-30 20:26:00,019 - WARNING - Speaker metadata not found for isixhosa_063. Skipping entry.
2025-11-30 20:26:00,019 - WARNING - Speaker metadata not found for isixhosa_046. Skipping entry.
2025-11-30 20:26:00,019 - WARNING - Speaker metadata not found for isixhosa_064. Skipping entry.
2025-11-30 20:26:00,019 - WARNING - Speaker metadata not found for isixhosa_002. Skipping entry.
2025-11-30 20:26:00,019 - WARNING - Speaker metadata not found for isixhosa_079. Skipping entry.
2025-11-30 20:26:00,019 - WARNING - Speaker metadata not found for isixhosa_087. Skipping entry.
2025-11-30 20:26:00,019 - WARNING - Speaker metadata not found for isixhosa_053. Skipping entry.
2025-11-30 20:26:00,019 - WARNING - Speaker metadata not found for isixhosa_026. Skipping entry.
2025-11-30 20:26:00,019 - WARNING - Speaker metadata not found for isixhosa_050. Skipping entry.
2025-11-30 20:26:00,019 - WARNING - Speaker metadata not found for isixhosa_007. Skipping entry.
2025-11-30 20:26:00,019 - WARNING - Speaker metadata not found for isixhosa_028. Skipping entry.
2025-11-30 20:26:00,019 - WARNING - Speaker metadata not found for isixhosa_055. Skipping entry.
2025-11-30 20:26:00,019 - WARNING - Speaker metadata not found for isixhosa_022. Skipping entry.
2025-11-30 20:26:00,019 - WARNING - Speaker metadata not found for isixhosa_086. Skipping entry.
2025-11-30 20:26:00,019 - WARNING - Speaker metadata not found for isixhosa_023. Skipping entry.
2025-11-30 20:26:00,019 - WARNING - Speaker metadata not found for isixhosa_085. Skipping entry.
2025-11-30 20:26:00,019 - WARNING - Speaker metadata not found for isixhosa_037. Skipping entry.
2025-11-30 20:26:00,019 - WARNING - Speaker metadata not found for isixhosa_005. Skipping entry.
2025-11-30 20:26:00,019 - WARNING - Speaker metadata not found for isixhosa_061. Skipping entry.
2025-11-30 20:26:00,019 - WARNING - Speaker metadata not found for isixhosa_091. Skipping entry.
2025-11-30 20:26:00,019 - WARNING - Speaker metadata not found for isixhosa_042. Skipping entry.
2025-11-30 20:26:00,019 - WARNING - Speaker metadata not found for isixhosa_063. Skipping entry.
2025-11-30 20:26:00,019 - WARNING - Speaker metadata not found for isixhosa_087. Skipping entry.
2025-11-30 20:26:00,019 - WARNING - Speaker metadata not found for isixhosa_005. Skipping entry.
2025-11-30 20:26:00,019 - WARNING - Speaker metadata not found for isixhosa_059. Skipping entry.
2025-11-30 20:26:00,019 - WARNING - Speaker metadata not found for isixhosa_082. Skipping entry.
2025-11-30 20:26:00,019 - WARNING - Speaker metadata not found for isixhosa_018. Skipping entry.
2025-11-30 20:26:00,019 - WARNING - Speaker metadata not found for isixhosa_003. Skipping entry.
2025-11-30 20:26:00,020 - WARNING - Speaker metadata not found for isixhosa_053. Skipping entry.
2025-11-30 20:26:00,020 - WARNING - Speaker metadata not found for isixhosa_004. Skipping entry.
2025-11-30 20:26:00,020 - WARNING - Speaker metadata not found for isixhosa_092. Skipping entry.
2025-11-30 20:26:00,020 - WARNING - Speaker metadata not found for isixhosa_089. Skipping entry.
2025-11-30 20:26:00,020 - WARNING - Speaker metadata not found for isixhosa_024. Skipping entry.
2025-11-30 20:26:00,020 - WARNING - Speaker metadata not found for isixhosa_042. Skipping entry.
2025-11-30 20:26:00,020 - WARNING - Speaker metadata not found for isixhosa_005. Skipping entry.
2025-11-30 20:26:00,020 - WARNING - Speaker metadata not found for isixhosa_054. Skipping entry.
2025-11-30 20:26:00,020 - WARNING - Speaker metadata not found for isixhosa_042. Skipping entry.
2025-11-30 20:26:00,020 - WARNING - Speaker metadata not found for isixhosa_020. Skipping entry.
2025-11-30 20:26:00,020 - WARNING - Speaker metadata not found for isixhosa_064. Skipping entry.
2025-11-30 20:26:00,020 - WARNING - Speaker metadata not found for isixhosa_087. Skipping entry.
2025-11-30 20:26:00,020 - WARNING - Speaker metadata not found for isixhosa_059. Skipping entry.
2025-11-30 20:26:00,020 - WARNING - Speaker metadata not found for isixhosa_048. Skipping entry.
2025-11-30 20:26:00,020 - WARNING - Speaker metadata not found for isixhosa_017. Skipping entry.
2025-11-30 20:26:00,020 - WARNING - Speaker metadata not found for isixhosa_024. Skipping entry.
2025-11-30 20:26:00,020 - WARNING - Speaker metadata not found for isixhosa_021. Skipping entry.
2025-11-30 20:26:00,020 - WARNING - Speaker metadata not found for isixhosa_041. Skipping entry.
2025-11-30 20:26:00,020 - WARNING - Speaker metadata not found for isixhosa_010. Skipping entry.
2025-11-30 20:26:00,020 - WARNING - Speaker metadata not found for isixhosa_047. Skipping entry.
2025-11-30 20:26:00,020 - WARNING - Speaker metadata not found for isixhosa_052. Skipping entry.
2025-11-30 20:26:00,020 - WARNING - Speaker metadata not found for isixhosa_088. Skipping entry.
2025-11-30 20:26:00,020 - WARNING - Speaker metadata not found for isixhosa_085. Skipping entry.
2025-11-30 20:26:00,020 - WARNING - Speaker metadata not found for isixhosa_033. Skipping entry.
2025-11-30 20:26:00,020 - WARNING - Speaker metadata not found for isixhosa_096. Skipping entry.
2025-11-30 20:26:00,020 - WARNING - Speaker metadata not found for isixhosa_003. Skipping entry.
2025-11-30 20:26:00,020 - WARNING - Speaker metadata not found for isixhosa_055. Skipping entry.
2025-11-30 20:26:00,020 - WARNING - Speaker metadata not found for isixhosa_088. Skipping entry.
2025-11-30 20:26:00,020 - WARNING - Speaker metadata not found for isixhosa_051. Skipping entry.
2025-11-30 20:26:00,020 - WARNING - Speaker metadata not found for isixhosa_077. Skipping entry.
2025-11-30 20:26:00,020 - WARNING - Speaker metadata not found for isixhosa_006. Skipping entry.
2025-11-30 20:26:00,020 - WARNING - Speaker metadata not found for isixhosa_076. Skipping entry.
2025-11-30 20:26:00,020 - WARNING - Speaker metadata not found for isixhosa_071. Skipping entry.
2025-11-30 20:26:00,020 - WARNING - Speaker metadata not found for isixhosa_030. Skipping entry.
2025-11-30 20:26:00,020 - WARNING - Speaker metadata not found for isixhosa_013. Skipping entry.
2025-11-30 20:26:00,020 - WARNING - Speaker metadata not found for isixhosa_049. Skipping entry.
2025-11-30 20:26:00,020 - WARNING - Speaker metadata not found for isixhosa_061. Skipping entry.
2025-11-30 20:26:00,020 - WARNING - Speaker metadata not found for isixhosa_086. Skipping entry.
2025-11-30 20:26:00,020 - WARNING - Speaker metadata not found for isixhosa_062. Skipping entry.
2025-11-30 20:26:00,020 - WARNING - Speaker metadata not found for isixhosa_029. Skipping entry.
2025-11-30 20:26:00,020 - WARNING - Speaker metadata not found for isixhosa_041. Skipping entry.
2025-11-30 20:26:00,020 - WARNING - Speaker metadata not found for isixhosa_007. Skipping entry.
2025-11-30 20:26:00,020 - WARNING - Speaker metadata not found for isixhosa_071. Skipping entry.
2025-11-30 20:26:00,020 - WARNING - Speaker metadata not found for isixhosa_036. Skipping entry.
2025-11-30 20:26:00,020 - WARNING - Speaker metadata not found for isixhosa_084. Skipping entry.
2025-11-30 20:26:00,020 - WARNING - Speaker metadata not found for isixhosa_011. Skipping entry.
2025-11-30 20:26:00,021 - WARNING - Speaker metadata not found for isixhosa_050. Skipping entry.
2025-11-30 20:26:00,021 - WARNING - Speaker metadata not found for isixhosa_010. Skipping entry.
2025-11-30 20:26:00,021 - WARNING - Speaker metadata not found for isixhosa_062. Skipping entry.
2025-11-30 20:26:00,021 - WARNING - Speaker metadata not found for isixhosa_044. Skipping entry.
2025-11-30 20:26:00,091 - INFO - Loading inference results from D:\Model-Finetuning\whisper\error_analysis\siswati_inference_results.json
2025-11-30 20:26:00,096 - WARNING - Speaker metadata not found for siswati_006. Skipping entry.
2025-11-30 20:26:00,096 - WARNING - Speaker metadata not found for siswati_013. Skipping entry.
2025-11-30 20:26:00,096 - WARNING - Speaker metadata not found for siswati_029. Skipping entry.
2025-11-30 20:26:00,097 - WARNING - Speaker metadata not found for siswati_013. Skipping entry.
2025-11-30 20:26:00,097 - WARNING - Speaker metadata not found for siswati_094. Skipping entry.
2025-11-30 20:26:00,097 - WARNING - Speaker metadata not found for siswati_044. Skipping entry.
2025-11-30 20:26:00,097 - WARNING - Speaker metadata not found for siswati_048. Skipping entry.
2025-11-30 20:26:00,097 - WARNING - Speaker metadata not found for siswati_086. Skipping entry.
2025-11-30 20:26:00,097 - WARNING - Speaker metadata not found for siswati_094. Skipping entry.
2025-11-30 20:26:00,097 - WARNING - Speaker metadata not found for siswati_091. Skipping entry.
2025-11-30 20:26:00,098 - WARNING - Speaker metadata not found for siswati_029. Skipping entry.
2025-11-30 20:26:00,098 - WARNING - Speaker metadata not found for siswati_082. Skipping entry.
2025-11-30 20:26:00,098 - WARNING - Speaker metadata not found for siswati_040. Skipping entry.
2025-11-30 20:26:00,098 - WARNING - Speaker metadata not found for siswati_006. Skipping entry.
2025-11-30 20:26:00,098 - WARNING - Speaker metadata not found for siswati_032. Skipping entry.
2025-11-30 20:26:00,098 - WARNING - Speaker metadata not found for siswati_002. Skipping entry.
2025-11-30 20:26:00,098 - WARNING - Speaker metadata not found for siswati_043. Skipping entry.
2025-11-30 20:26:00,098 - WARNING - Speaker metadata not found for siswati_037. Skipping entry.
2025-11-30 20:26:00,098 - WARNING - Speaker metadata not found for siswati_067. Skipping entry.
2025-11-30 20:26:00,098 - WARNING - Speaker metadata not found for siswati_035. Skipping entry.
2025-11-30 20:26:00,098 - WARNING - Speaker metadata not found for siswati_010. Skipping entry.
2025-11-30 20:26:00,098 - WARNING - Speaker metadata not found for siswati_050. Skipping entry.
2025-11-30 20:26:00,098 - WARNING - Speaker metadata not found for siswati_010. Skipping entry.
2025-11-30 20:26:00,098 - WARNING - Speaker metadata not found for siswati_080. Skipping entry.
2025-11-30 20:26:00,098 - WARNING - Speaker metadata not found for siswati_063. Skipping entry.
2025-11-30 20:26:00,098 - WARNING - Speaker metadata not found for siswati_094. Skipping entry.
2025-11-30 20:26:00,098 - WARNING - Speaker metadata not found for siswati_073. Skipping entry.
2025-11-30 20:26:00,099 - WARNING - Speaker metadata not found for siswati_083. Skipping entry.
2025-11-30 20:26:00,099 - WARNING - Speaker metadata not found for siswati_009. Skipping entry.
2025-11-30 20:26:00,099 - WARNING - Speaker metadata not found for siswati_017. Skipping entry.
2025-11-30 20:26:00,099 - WARNING - Speaker metadata not found for siswati_059. Skipping entry.
2025-11-30 20:26:00,099 - WARNING - Speaker metadata not found for siswati_004. Skipping entry.
2025-11-30 20:26:00,099 - WARNING - Speaker metadata not found for siswati_094. Skipping entry.
2025-11-30 20:26:00,099 - WARNING - Speaker metadata not found for siswati_026. Skipping entry.
2025-11-30 20:26:00,099 - WARNING - Speaker metadata not found for siswati_047. Skipping entry.
2025-11-30 20:26:00,099 - WARNING - Speaker metadata not found for siswati_062. Skipping entry.
2025-11-30 20:26:00,099 - WARNING - Speaker metadata not found for siswati_039. Skipping entry.
2025-11-30 20:26:00,099 - WARNING - Speaker metadata not found for siswati_049. Skipping entry.
2025-11-30 20:26:00,099 - WARNING - Speaker metadata not found for siswati_013. Skipping entry.
2025-11-30 20:26:00,099 - WARNING - Speaker metadata not found for siswati_070. Skipping entry.
2025-11-30 20:26:00,099 - WARNING - Speaker metadata not found for siswati_032. Skipping entry.
2025-11-30 20:26:00,099 - WARNING - Speaker metadata not found for siswati_092. Skipping entry.
2025-11-30 20:26:00,099 - WARNING - Speaker metadata not found for siswati_001. Skipping entry.
2025-11-30 20:26:00,099 - WARNING - Speaker metadata not found for siswati_008. Skipping entry.
2025-11-30 20:26:00,099 - WARNING - Speaker metadata not found for siswati_023. Skipping entry.
2025-11-30 20:26:00,099 - WARNING - Speaker metadata not found for siswati_008. Skipping entry.
2025-11-30 20:26:00,100 - WARNING - Speaker metadata not found for siswati_071. Skipping entry.
2025-11-30 20:26:00,100 - WARNING - Speaker metadata not found for siswati_020. Skipping entry.
2025-11-30 20:26:00,100 - WARNING - Speaker metadata not found for siswati_093. Skipping entry.
2025-11-30 20:26:00,100 - WARNING - Speaker metadata not found for siswati_098. Skipping entry.
2025-11-30 20:26:00,100 - WARNING - Speaker metadata not found for siswati_027. Skipping entry.
2025-11-30 20:26:00,100 - WARNING - Speaker metadata not found for siswati_035. Skipping entry.
2025-11-30 20:26:00,100 - WARNING - Speaker metadata not found for siswati_054. Skipping entry.
2025-11-30 20:26:00,100 - WARNING - Speaker metadata not found for siswati_050. Skipping entry.
2025-11-30 20:26:00,100 - WARNING - Speaker metadata not found for siswati_092. Skipping entry.
2025-11-30 20:26:00,100 - WARNING - Speaker metadata not found for siswati_069. Skipping entry.
2025-11-30 20:26:00,100 - WARNING - Speaker metadata not found for siswati_092. Skipping entry.
2025-11-30 20:26:00,100 - WARNING - Speaker metadata not found for siswati_054. Skipping entry.
2025-11-30 20:26:00,100 - WARNING - Speaker metadata not found for siswati_018. Skipping entry.
2025-11-30 20:26:00,100 - WARNING - Speaker metadata not found for siswati_011. Skipping entry.
2025-11-30 20:26:00,100 - WARNING - Speaker metadata not found for siswati_008. Skipping entry.
2025-11-30 20:26:00,100 - WARNING - Speaker metadata not found for siswati_059. Skipping entry.
2025-11-30 20:26:00,100 - WARNING - Speaker metadata not found for siswati_012. Skipping entry.
2025-11-30 20:26:00,101 - WARNING - Speaker metadata not found for siswati_096. Skipping entry.
2025-11-30 20:26:00,101 - WARNING - Speaker metadata not found for siswati_036. Skipping entry.
2025-11-30 20:26:00,101 - WARNING - Speaker metadata not found for siswati_089. Skipping entry.
2025-11-30 20:26:00,101 - WARNING - Speaker metadata not found for siswati_026. Skipping entry.
2025-11-30 20:26:00,101 - WARNING - Speaker metadata not found for siswati_048. Skipping entry.
2025-11-30 20:26:00,101 - WARNING - Speaker metadata not found for siswati_074. Skipping entry.
2025-11-30 20:26:00,101 - WARNING - Speaker metadata not found for siswati_008. Skipping entry.
2025-11-30 20:26:00,101 - WARNING - Speaker metadata not found for siswati_055. Skipping entry.
2025-11-30 20:26:00,101 - WARNING - Speaker metadata not found for siswati_058. Skipping entry.
2025-11-30 20:26:00,101 - WARNING - Speaker metadata not found for siswati_065. Skipping entry.
2025-11-30 20:26:00,101 - WARNING - Speaker metadata not found for siswati_096. Skipping entry.
2025-11-30 20:26:00,101 - WARNING - Speaker metadata not found for siswati_060. Skipping entry.
2025-11-30 20:26:00,101 - WARNING - Speaker metadata not found for siswati_058. Skipping entry.
2025-11-30 20:26:00,101 - WARNING - Speaker metadata not found for siswati_099. Skipping entry.
2025-11-30 20:26:00,101 - WARNING - Speaker metadata not found for siswati_007. Skipping entry.
2025-11-30 20:26:00,101 - WARNING - Speaker metadata not found for siswati_051. Skipping entry.
2025-11-30 20:26:00,101 - WARNING - Speaker metadata not found for siswati_036. Skipping entry.
2025-11-30 20:26:00,101 - WARNING - Speaker metadata not found for siswati_030. Skipping entry.
2025-11-30 20:26:00,101 - WARNING - Speaker metadata not found for siswati_020. Skipping entry.
2025-11-30 20:26:00,101 - WARNING - Speaker metadata not found for siswati_069. Skipping entry.
2025-11-30 20:26:00,101 - WARNING - Speaker metadata not found for siswati_005. Skipping entry.
2025-11-30 20:26:00,101 - WARNING - Speaker metadata not found for siswati_039. Skipping entry.
2025-11-30 20:26:00,102 - WARNING - Speaker metadata not found for siswati_016. Skipping entry.
2025-11-30 20:26:00,102 - WARNING - Speaker metadata not found for siswati_021. Skipping entry.
2025-11-30 20:26:00,102 - WARNING - Speaker metadata not found for siswati_098. Skipping entry.
2025-11-30 20:26:00,102 - WARNING - Speaker metadata not found for siswati_098. Skipping entry.
2025-11-30 20:26:00,102 - WARNING - Speaker metadata not found for siswati_016. Skipping entry.
2025-11-30 20:26:00,102 - WARNING - Speaker metadata not found for siswati_018. Skipping entry.
2025-11-30 20:26:00,102 - WARNING - Speaker metadata not found for siswati_071. Skipping entry.
2025-11-30 20:26:00,102 - WARNING - Speaker metadata not found for siswati_084. Skipping entry.
2025-11-30 20:26:00,102 - WARNING - Speaker metadata not found for siswati_040. Skipping entry.
2025-11-30 20:26:00,102 - WARNING - Speaker metadata not found for siswati_093. Skipping entry.
2025-11-30 20:26:00,102 - WARNING - Speaker metadata not found for siswati_016. Skipping entry.
2025-11-30 20:26:00,102 - WARNING - Speaker metadata not found for siswati_095. Skipping entry.
2025-11-30 20:26:00,102 - WARNING - Speaker metadata not found for siswati_053. Skipping entry.
2025-11-30 20:26:00,102 - WARNING - Speaker metadata not found for siswati_055. Skipping entry.
2025-11-30 20:26:00,102 - WARNING - Speaker metadata not found for siswati_043. Skipping entry.
2025-11-30 20:26:00,102 - WARNING - Speaker metadata not found for siswati_034. Skipping entry.
2025-11-30 20:26:00,102 - WARNING - Speaker metadata not found for siswati_090. Skipping entry.
2025-11-30 20:26:00,102 - WARNING - Speaker metadata not found for siswati_050. Skipping entry.
2025-11-30 20:26:00,102 - WARNING - Speaker metadata not found for siswati_007. Skipping entry.
2025-11-30 20:26:00,102 - WARNING - Speaker metadata not found for siswati_045. Skipping entry.
2025-11-30 20:26:00,103 - WARNING - Speaker metadata not found for siswati_044. Skipping entry.
2025-11-30 20:26:00,103 - WARNING - Speaker metadata not found for siswati_085. Skipping entry.
2025-11-30 20:26:00,103 - WARNING - Speaker metadata not found for siswati_013. Skipping entry.
2025-11-30 20:26:00,103 - WARNING - Speaker metadata not found for siswati_077. Skipping entry.
2025-11-30 20:26:00,103 - WARNING - Speaker metadata not found for siswati_039. Skipping entry.
2025-11-30 20:26:00,103 - WARNING - Speaker metadata not found for siswati_076. Skipping entry.
2025-11-30 20:26:00,103 - WARNING - Speaker metadata not found for siswati_063. Skipping entry.
2025-11-30 20:26:00,103 - WARNING - Speaker metadata not found for siswati_007. Skipping entry.
2025-11-30 20:26:00,103 - WARNING - Speaker metadata not found for siswati_004. Skipping entry.
2025-11-30 20:26:00,103 - WARNING - Speaker metadata not found for siswati_006. Skipping entry.
2025-11-30 20:26:00,103 - WARNING - Speaker metadata not found for siswati_054. Skipping entry.
2025-11-30 20:26:00,103 - WARNING - Speaker metadata not found for siswati_046. Skipping entry.
2025-11-30 20:26:00,103 - WARNING - Speaker metadata not found for siswati_081. Skipping entry.
2025-11-30 20:26:00,103 - WARNING - Speaker metadata not found for siswati_040. Skipping entry.
2025-11-30 20:26:00,103 - WARNING - Speaker metadata not found for siswati_016. Skipping entry.
2025-11-30 20:26:00,103 - WARNING - Speaker metadata not found for siswati_072. Skipping entry.
2025-11-30 20:26:00,103 - WARNING - Speaker metadata not found for siswati_055. Skipping entry.
2025-11-30 20:26:00,103 - WARNING - Speaker metadata not found for siswati_011. Skipping entry.
2025-11-30 20:26:00,103 - WARNING - Speaker metadata not found for siswati_017. Skipping entry.
2025-11-30 20:26:00,104 - WARNING - Speaker metadata not found for siswati_006. Skipping entry.
2025-11-30 20:26:00,104 - WARNING - Speaker metadata not found for siswati_074. Skipping entry.
2025-11-30 20:26:00,104 - WARNING - Speaker metadata not found for siswati_072. Skipping entry.
2025-11-30 20:26:00,104 - WARNING - Speaker metadata not found for siswati_035. Skipping entry.
2025-11-30 20:26:00,104 - WARNING - Speaker metadata not found for siswati_041. Skipping entry.
2025-11-30 20:26:00,104 - WARNING - Speaker metadata not found for siswati_038. Skipping entry.
2025-11-30 20:26:00,104 - WARNING - Speaker metadata not found for siswati_004. Skipping entry.
2025-11-30 20:26:00,104 - WARNING - Speaker metadata not found for siswati_086. Skipping entry.
2025-11-30 20:26:00,104 - WARNING - Speaker metadata not found for siswati_075. Skipping entry.
2025-11-30 20:26:00,104 - WARNING - Speaker metadata not found for siswati_059. Skipping entry.
2025-11-30 20:26:00,104 - WARNING - Speaker metadata not found for siswati_091. Skipping entry.
2025-11-30 20:26:00,104 - WARNING - Speaker metadata not found for siswati_097. Skipping entry.
2025-11-30 20:26:00,104 - WARNING - Speaker metadata not found for siswati_056. Skipping entry.
2025-11-30 20:26:00,104 - WARNING - Speaker metadata not found for siswati_006. Skipping entry.
2025-11-30 20:26:00,104 - WARNING - Speaker metadata not found for siswati_054. Skipping entry.
2025-11-30 20:26:00,104 - WARNING - Speaker metadata not found for siswati_063. Skipping entry.
2025-11-30 20:26:00,104 - WARNING - Speaker metadata not found for siswati_091. Skipping entry.
2025-11-30 20:26:00,104 - WARNING - Speaker metadata not found for siswati_025. Skipping entry.
2025-11-30 20:26:00,104 - WARNING - Speaker metadata not found for siswati_051. Skipping entry.
2025-11-30 20:26:00,104 - WARNING - Speaker metadata not found for siswati_096. Skipping entry.
2025-11-30 20:26:00,104 - WARNING - Speaker metadata not found for siswati_075. Skipping entry.
2025-11-30 20:26:00,105 - WARNING - Speaker metadata not found for siswati_084. Skipping entry.
2025-11-30 20:26:00,105 - WARNING - Speaker metadata not found for siswati_002. Skipping entry.
2025-11-30 20:26:00,105 - WARNING - Speaker metadata not found for siswati_042. Skipping entry.
2025-11-30 20:26:00,105 - WARNING - Speaker metadata not found for siswati_032. Skipping entry.
2025-11-30 20:26:00,105 - WARNING - Speaker metadata not found for siswati_062. Skipping entry.
2025-11-30 20:26:00,105 - WARNING - Speaker metadata not found for siswati_026. Skipping entry.
2025-11-30 20:26:00,105 - WARNING - Speaker metadata not found for siswati_011. Skipping entry.
2025-11-30 20:26:00,105 - WARNING - Speaker metadata not found for siswati_078. Skipping entry.
2025-11-30 20:26:00,105 - WARNING - Speaker metadata not found for siswati_017. Skipping entry.
2025-11-30 20:26:00,105 - WARNING - Speaker metadata not found for siswati_073. Skipping entry.
2025-11-30 20:26:00,105 - WARNING - Speaker metadata not found for siswati_089. Skipping entry.
2025-11-30 20:26:00,105 - WARNING - Speaker metadata not found for siswati_083. Skipping entry.
2025-11-30 20:26:00,105 - WARNING - Speaker metadata not found for siswati_017. Skipping entry.
2025-11-30 20:26:00,105 - WARNING - Speaker metadata not found for siswati_048. Skipping entry.
2025-11-30 20:26:00,105 - WARNING - Speaker metadata not found for siswati_007. Skipping entry.
2025-11-30 20:26:00,105 - WARNING - Speaker metadata not found for siswati_049. Skipping entry.
2025-11-30 20:26:00,105 - WARNING - Speaker metadata not found for siswati_039. Skipping entry.
2025-11-30 20:26:00,105 - WARNING - Speaker metadata not found for siswati_030. Skipping entry.
2025-11-30 20:26:00,105 - WARNING - Speaker metadata not found for siswati_024. Skipping entry.
2025-11-30 20:26:00,105 - WARNING - Speaker metadata not found for siswati_011. Skipping entry.
2025-11-30 20:26:00,105 - WARNING - Speaker metadata not found for siswati_063. Skipping entry.
2025-11-30 20:26:00,106 - WARNING - Speaker metadata not found for siswati_088. Skipping entry.
2025-11-30 20:26:00,106 - WARNING - Speaker metadata not found for siswati_040. Skipping entry.
2025-11-30 20:26:00,106 - WARNING - Speaker metadata not found for siswati_088. Skipping entry.
2025-11-30 20:26:00,106 - WARNING - Speaker metadata not found for siswati_052. Skipping entry.
2025-11-30 20:26:00,106 - WARNING - Speaker metadata not found for siswati_036. Skipping entry.
2025-11-30 20:26:00,106 - WARNING - Speaker metadata not found for siswati_029. Skipping entry.
2025-11-30 20:26:00,106 - WARNING - Speaker metadata not found for siswati_052. Skipping entry.
2025-11-30 20:26:00,106 - WARNING - Speaker metadata not found for siswati_008. Skipping entry.
2025-11-30 20:26:00,106 - WARNING - Speaker metadata not found for siswati_045. Skipping entry.
2025-11-30 20:26:00,106 - WARNING - Speaker metadata not found for siswati_038. Skipping entry.
2025-11-30 20:26:00,106 - WARNING - Speaker metadata not found for siswati_023. Skipping entry.
2025-11-30 20:26:00,106 - WARNING - Speaker metadata not found for siswati_074. Skipping entry.
2025-11-30 20:26:00,106 - WARNING - Speaker metadata not found for siswati_020. Skipping entry.
2025-11-30 20:26:00,106 - WARNING - Speaker metadata not found for siswati_082. Skipping entry.
2025-11-30 20:26:00,106 - WARNING - Speaker metadata not found for siswati_052. Skipping entry.
2025-11-30 20:26:00,106 - WARNING - Speaker metadata not found for siswati_023. Skipping entry.
2025-11-30 20:26:00,106 - WARNING - Speaker metadata not found for siswati_006. Skipping entry.
2025-11-30 20:26:00,107 - WARNING - Speaker metadata not found for siswati_010. Skipping entry.
2025-11-30 20:26:00,107 - WARNING - Speaker metadata not found for siswati_041. Skipping entry.
2025-11-30 20:26:00,107 - WARNING - Speaker metadata not found for siswati_090. Skipping entry.
2025-11-30 20:26:00,107 - WARNING - Speaker metadata not found for siswati_015. Skipping entry.
2025-11-30 20:26:00,107 - WARNING - Speaker metadata not found for siswati_010. Skipping entry.
2025-11-30 20:26:00,107 - WARNING - Speaker metadata not found for siswati_063. Skipping entry.
2025-11-30 20:26:00,107 - WARNING - Speaker metadata not found for siswati_035. Skipping entry.
2025-11-30 20:26:00,107 - WARNING - Speaker metadata not found for siswati_018. Skipping entry.
2025-11-30 20:26:00,107 - WARNING - Speaker metadata not found for siswati_053. Skipping entry.
2025-11-30 20:26:00,107 - WARNING - Speaker metadata not found for siswati_034. Skipping entry.
2025-11-30 20:26:00,107 - WARNING - Speaker metadata not found for siswati_040. Skipping entry.
2025-11-30 20:26:00,107 - WARNING - Speaker metadata not found for siswati_007. Skipping entry.
2025-11-30 20:26:00,107 - WARNING - Speaker metadata not found for siswati_024. Skipping entry.
2025-11-30 20:26:00,107 - WARNING - Speaker metadata not found for siswati_015. Skipping entry.
2025-11-30 20:26:00,107 - WARNING - Speaker metadata not found for siswati_009. Skipping entry.
2025-11-30 20:26:00,107 - WARNING - Speaker metadata not found for siswati_086. Skipping entry.
2025-11-30 20:26:00,107 - WARNING - Speaker metadata not found for siswati_088. Skipping entry.
2025-11-30 20:26:00,107 - WARNING - Speaker metadata not found for siswati_097. Skipping entry.
2025-11-30 20:26:00,107 - WARNING - Speaker metadata not found for siswati_004. Skipping entry.
2025-11-30 20:26:00,107 - WARNING - Speaker metadata not found for siswati_040. Skipping entry.
2025-11-30 20:26:00,107 - WARNING - Speaker metadata not found for siswati_047. Skipping entry.
2025-11-30 20:26:00,107 - WARNING - Speaker metadata not found for siswati_008. Skipping entry.
2025-11-30 20:26:00,107 - WARNING - Speaker metadata not found for siswati_071. Skipping entry.
2025-11-30 20:26:00,107 - WARNING - Speaker metadata not found for siswati_022. Skipping entry.
2025-11-30 20:26:00,107 - WARNING - Speaker metadata not found for siswati_003. Skipping entry.
2025-11-30 20:26:00,107 - WARNING - Speaker metadata not found for siswati_027. Skipping entry.
2025-11-30 20:26:00,107 - WARNING - Speaker metadata not found for siswati_016. Skipping entry.
2025-11-30 20:26:00,107 - WARNING - Speaker metadata not found for siswati_019. Skipping entry.
2025-11-30 20:26:00,107 - WARNING - Speaker metadata not found for siswati_007. Skipping entry.
2025-11-30 20:26:00,108 - WARNING - Speaker metadata not found for siswati_014. Skipping entry.
2025-11-30 20:26:00,108 - WARNING - Speaker metadata not found for siswati_096. Skipping entry.
2025-11-30 20:26:00,108 - WARNING - Speaker metadata not found for siswati_022. Skipping entry.
2025-11-30 20:26:00,108 - WARNING - Speaker metadata not found for siswati_024. Skipping entry.
2025-11-30 20:26:00,108 - WARNING - Speaker metadata not found for siswati_099. Skipping entry.
2025-11-30 20:26:00,108 - WARNING - Speaker metadata not found for siswati_077. Skipping entry.
2025-11-30 20:26:00,108 - WARNING - Speaker metadata not found for siswati_085. Skipping entry.
2025-11-30 20:26:00,108 - WARNING - Speaker metadata not found for siswati_048. Skipping entry.
2025-11-30 20:26:00,108 - WARNING - Speaker metadata not found for siswati_041. Skipping entry.
2025-11-30 20:26:00,108 - WARNING - Speaker metadata not found for siswati_065. Skipping entry.
2025-11-30 20:26:00,108 - WARNING - Speaker metadata not found for siswati_087. Skipping entry.
2025-11-30 20:26:00,108 - WARNING - Speaker metadata not found for siswati_098. Skipping entry.
2025-11-30 20:26:00,108 - WARNING - Speaker metadata not found for siswati_059. Skipping entry.
2025-11-30 20:26:00,108 - WARNING - Speaker metadata not found for siswati_011. Skipping entry.
2025-11-30 20:26:00,108 - WARNING - Speaker metadata not found for siswati_087. Skipping entry.
2025-11-30 20:26:00,108 - WARNING - Speaker metadata not found for siswati_048. Skipping entry.
2025-11-30 20:26:00,108 - WARNING - Speaker metadata not found for siswati_087. Skipping entry.
2025-11-30 20:26:00,108 - WARNING - Speaker metadata not found for siswati_090. Skipping entry.
2025-11-30 20:26:00,108 - WARNING - Speaker metadata not found for siswati_004. Skipping entry.
2025-11-30 20:26:00,108 - WARNING - Speaker metadata not found for siswati_033. Skipping entry.
2025-11-30 20:26:00,108 - WARNING - Speaker metadata not found for siswati_038. Skipping entry.
2025-11-30 20:26:00,108 - WARNING - Speaker metadata not found for siswati_081. Skipping entry.
2025-11-30 20:26:00,108 - WARNING - Speaker metadata not found for siswati_024. Skipping entry.
2025-11-30 20:26:00,108 - WARNING - Speaker metadata not found for siswati_087. Skipping entry.
2025-11-30 20:26:00,108 - WARNING - Speaker metadata not found for siswati_072. Skipping entry.
2025-11-30 20:26:00,108 - WARNING - Speaker metadata not found for siswati_011. Skipping entry.
2025-11-30 20:26:00,109 - WARNING - Speaker metadata not found for siswati_083. Skipping entry.
2025-11-30 20:26:00,109 - WARNING - Speaker metadata not found for siswati_075. Skipping entry.
2025-11-30 20:26:00,109 - WARNING - Speaker metadata not found for siswati_012. Skipping entry.
2025-11-30 20:26:00,109 - WARNING - Speaker metadata not found for siswati_055. Skipping entry.
2025-11-30 20:26:00,109 - WARNING - Speaker metadata not found for siswati_030. Skipping entry.
2025-11-30 20:26:00,109 - WARNING - Speaker metadata not found for siswati_094. Skipping entry.
2025-11-30 20:26:00,109 - WARNING - Speaker metadata not found for siswati_077. Skipping entry.
2025-11-30 20:26:00,109 - WARNING - Speaker metadata not found for siswati_064. Skipping entry.
2025-11-30 20:26:00,109 - WARNING - Speaker metadata not found for siswati_017. Skipping entry.
2025-11-30 20:26:00,109 - WARNING - Speaker metadata not found for siswati_095. Skipping entry.
2025-11-30 20:26:00,109 - WARNING - Speaker metadata not found for siswati_043. Skipping entry.
2025-11-30 20:26:00,109 - WARNING - Speaker metadata not found for siswati_084. Skipping entry.
2025-11-30 20:26:00,109 - WARNING - Speaker metadata not found for siswati_021. Skipping entry.
2025-11-30 20:26:00,186 - INFO - Loading inference results from D:\Model-Finetuning\whisper\error_analysis\ndebele_inference_results.json
2025-11-30 20:26:00,190 - WARNING - Speaker metadata not found for isindebele_022. Skipping entry.
2025-11-30 20:26:00,190 - WARNING - Speaker metadata not found for isindebele_077. Skipping entry.
2025-11-30 20:26:00,190 - WARNING - Speaker metadata not found for isindebele_071. Skipping entry.
2025-11-30 20:26:00,190 - WARNING - Speaker metadata not found for isindebele_070. Skipping entry.
2025-11-30 20:26:00,190 - WARNING - Speaker metadata not found for isindebele_003. Skipping entry.
2025-11-30 20:26:00,190 - WARNING - Speaker metadata not found for isindebele_063. Skipping entry.
2025-11-30 20:26:00,190 - WARNING - Speaker metadata not found for isindebele_061. Skipping entry.
2025-11-30 20:26:00,190 - WARNING - Speaker metadata not found for isindebele_085. Skipping entry.
2025-11-30 20:26:00,190 - WARNING - Speaker metadata not found for isindebele_085. Skipping entry.
2025-11-30 20:26:00,190 - WARNING - Speaker metadata not found for isindebele_034. Skipping entry.
2025-11-30 20:26:00,190 - WARNING - Speaker metadata not found for isindebele_035. Skipping entry.
2025-11-30 20:26:00,190 - WARNING - Speaker metadata not found for isindebele_028. Skipping entry.
2025-11-30 20:26:00,190 - WARNING - Speaker metadata not found for isindebele_061. Skipping entry.
2025-11-30 20:26:00,190 - WARNING - Speaker metadata not found for isindebele_004. Skipping entry.
2025-11-30 20:26:00,190 - WARNING - Speaker metadata not found for isindebele_040. Skipping entry.
2025-11-30 20:26:00,190 - WARNING - Speaker metadata not found for isindebele_021. Skipping entry.
2025-11-30 20:26:00,190 - WARNING - Speaker metadata not found for isindebele_047. Skipping entry.
2025-11-30 20:26:00,191 - WARNING - Speaker metadata not found for isindebele_019. Skipping entry.
2025-11-30 20:26:00,191 - WARNING - Speaker metadata not found for isindebele_018. Skipping entry.
2025-11-30 20:26:00,191 - WARNING - Speaker metadata not found for isindebele_045. Skipping entry.
2025-11-30 20:26:00,191 - WARNING - Speaker metadata not found for isindebele_002. Skipping entry.
2025-11-30 20:26:00,191 - WARNING - Speaker metadata not found for isindebele_059. Skipping entry.
2025-11-30 20:26:00,191 - WARNING - Speaker metadata not found for isindebele_084. Skipping entry.
2025-11-30 20:26:00,191 - WARNING - Speaker metadata not found for isindebele_052. Skipping entry.
2025-11-30 20:26:00,191 - WARNING - Speaker metadata not found for isindebele_025. Skipping entry.
2025-11-30 20:26:00,191 - WARNING - Speaker metadata not found for isindebele_049. Skipping entry.
2025-11-30 20:26:00,191 - WARNING - Speaker metadata not found for isindebele_007. Skipping entry.
2025-11-30 20:26:00,191 - WARNING - Speaker metadata not found for isindebele_027. Skipping entry.
2025-11-30 20:26:00,191 - WARNING - Speaker metadata not found for isindebele_054. Skipping entry.
2025-11-30 20:26:00,191 - WARNING - Speaker metadata not found for isindebele_021. Skipping entry.
2025-11-30 20:26:00,191 - WARNING - Speaker metadata not found for isindebele_083. Skipping entry.
2025-11-30 20:26:00,191 - WARNING - Speaker metadata not found for isindebele_022. Skipping entry.
2025-11-30 20:26:00,191 - WARNING - Speaker metadata not found for isindebele_079. Skipping entry.
2025-11-30 20:26:00,191 - WARNING - Speaker metadata not found for isindebele_036. Skipping entry.
2025-11-30 20:26:00,191 - WARNING - Speaker metadata not found for isindebele_005. Skipping entry.
2025-11-30 20:26:00,191 - WARNING - Speaker metadata not found for isindebele_098. Skipping entry.
2025-11-30 20:26:00,191 - WARNING - Speaker metadata not found for isindebele_099. Skipping entry.
2025-11-30 20:26:00,191 - WARNING - Speaker metadata not found for isindebele_041. Skipping entry.
2025-11-30 20:26:00,191 - WARNING - Speaker metadata not found for isindebele_078. Skipping entry.
2025-11-30 20:26:00,191 - WARNING - Speaker metadata not found for isindebele_005. Skipping entry.
2025-11-30 20:26:00,191 - WARNING - Speaker metadata not found for isindebele_087. Skipping entry.
2025-11-30 20:26:00,191 - WARNING - Speaker metadata not found for isindebele_095. Skipping entry.
2025-11-30 20:26:00,191 - WARNING - Speaker metadata not found for isindebele_080. Skipping entry.
2025-11-30 20:26:00,191 - WARNING - Speaker metadata not found for isindebele_017. Skipping entry.
2025-11-30 20:26:00,191 - WARNING - Speaker metadata not found for isindebele_003. Skipping entry.
2025-11-30 20:26:00,191 - WARNING - Speaker metadata not found for isindebele_052. Skipping entry.
2025-11-30 20:26:00,191 - WARNING - Speaker metadata not found for isindebele_058. Skipping entry.
2025-11-30 20:26:00,191 - WARNING - Speaker metadata not found for isindebele_075. Skipping entry.
2025-11-30 20:26:00,191 - WARNING - Speaker metadata not found for isindebele_070. Skipping entry.
2025-11-30 20:26:00,191 - WARNING - Speaker metadata not found for isindebele_023. Skipping entry.
2025-11-30 20:26:00,191 - WARNING - Speaker metadata not found for isindebele_041. Skipping entry.
2025-11-30 20:26:00,191 - WARNING - Speaker metadata not found for isindebele_005. Skipping entry.
2025-11-30 20:26:00,191 - WARNING - Speaker metadata not found for isindebele_089. Skipping entry.
2025-11-30 20:26:00,191 - WARNING - Speaker metadata not found for isindebele_064. Skipping entry.
2025-11-30 20:26:00,191 - WARNING - Speaker metadata not found for isindebele_041. Skipping entry.
2025-11-30 20:26:00,191 - WARNING - Speaker metadata not found for isindebele_019. Skipping entry.
2025-11-30 20:26:00,191 - WARNING - Speaker metadata not found for isindebele_019. Skipping entry.
2025-11-30 20:26:00,191 - WARNING - Speaker metadata not found for isindebele_029. Skipping entry.
2025-11-30 20:26:00,191 - WARNING - Speaker metadata not found for isindebele_047. Skipping entry.
2025-11-30 20:26:00,191 - WARNING - Speaker metadata not found for isindebele_067. Skipping entry.
2025-11-30 20:26:00,191 - WARNING - Speaker metadata not found for isindebele_082. Skipping entry.
2025-11-30 20:26:00,191 - WARNING - Speaker metadata not found for isindebele_024. Skipping entry.
2025-11-30 20:26:00,191 - WARNING - Speaker metadata not found for isindebele_023. Skipping entry.
2025-11-30 20:26:00,191 - WARNING - Speaker metadata not found for isindebele_020. Skipping entry.
2025-11-30 20:26:00,191 - WARNING - Speaker metadata not found for isindebele_090. Skipping entry.
2025-11-30 20:26:00,192 - WARNING - Speaker metadata not found for isindebele_063. Skipping entry.
2025-11-30 20:26:00,192 - WARNING - Speaker metadata not found for isindebele_017. Skipping entry.
2025-11-30 20:26:00,192 - WARNING - Speaker metadata not found for isindebele_011. Skipping entry.
2025-11-30 20:26:00,192 - WARNING - Speaker metadata not found for isindebele_064. Skipping entry.
2025-11-30 20:26:00,192 - WARNING - Speaker metadata not found for isindebele_010. Skipping entry.
2025-11-30 20:26:00,192 - WARNING - Speaker metadata not found for isindebele_096. Skipping entry.
2025-11-30 20:26:00,192 - WARNING - Speaker metadata not found for isindebele_046. Skipping entry.
2025-11-30 20:26:00,192 - WARNING - Speaker metadata not found for isindebele_090. Skipping entry.
2025-11-30 20:26:00,192 - WARNING - Speaker metadata not found for isindebele_051. Skipping entry.
2025-11-30 20:26:00,192 - WARNING - Speaker metadata not found for isindebele_081. Skipping entry.
2025-11-30 20:26:00,192 - WARNING - Speaker metadata not found for isindebele_090. Skipping entry.
2025-11-30 20:26:00,192 - WARNING - Speaker metadata not found for isindebele_032. Skipping entry.
2025-11-30 20:26:00,192 - WARNING - Speaker metadata not found for isindebele_010. Skipping entry.
2025-11-30 20:26:00,192 - WARNING - Speaker metadata not found for isindebele_062. Skipping entry.
2025-11-30 20:26:00,192 - WARNING - Speaker metadata not found for isindebele_010. Skipping entry.
2025-11-30 20:26:00,192 - WARNING - Speaker metadata not found for isindebele_003. Skipping entry.
2025-11-30 20:26:00,192 - WARNING - Speaker metadata not found for isindebele_025. Skipping entry.
2025-11-30 20:26:00,192 - WARNING - Speaker metadata not found for isindebele_054. Skipping entry.
2025-11-30 20:26:00,192 - WARNING - Speaker metadata not found for isindebele_050. Skipping entry.
2025-11-30 20:26:00,192 - WARNING - Speaker metadata not found for isindebele_006. Skipping entry.
2025-11-30 20:26:00,192 - WARNING - Speaker metadata not found for isindebele_026. Skipping entry.
2025-11-30 20:26:00,192 - WARNING - Speaker metadata not found for isindebele_057. Skipping entry.
2025-11-30 20:26:00,192 - WARNING - Speaker metadata not found for isindebele_006. Skipping entry.
2025-11-30 20:26:00,192 - WARNING - Speaker metadata not found for isindebele_013. Skipping entry.
2025-11-30 20:26:00,192 - WARNING - Speaker metadata not found for isindebele_029. Skipping entry.
2025-11-30 20:26:00,192 - WARNING - Speaker metadata not found for isindebele_083. Skipping entry.
2025-11-30 20:26:00,192 - WARNING - Speaker metadata not found for isindebele_013. Skipping entry.
2025-11-30 20:26:00,192 - WARNING - Speaker metadata not found for isindebele_044. Skipping entry.
2025-11-30 20:26:00,192 - WARNING - Speaker metadata not found for isindebele_048. Skipping entry.
2025-11-30 20:26:00,192 - WARNING - Speaker metadata not found for isindebele_099. Skipping entry.
2025-11-30 20:26:00,192 - WARNING - Speaker metadata not found for isindebele_060. Skipping entry.
2025-11-30 20:26:00,192 - WARNING - Speaker metadata not found for isindebele_028. Skipping entry.
2025-11-30 20:26:00,192 - WARNING - Speaker metadata not found for isindebele_040. Skipping entry.
2025-11-30 20:26:00,192 - WARNING - Speaker metadata not found for isindebele_006. Skipping entry.
2025-11-30 20:26:00,192 - WARNING - Speaker metadata not found for isindebele_031. Skipping entry.
2025-11-30 20:26:00,192 - WARNING - Speaker metadata not found for isindebele_002. Skipping entry.
2025-11-30 20:26:00,192 - WARNING - Speaker metadata not found for isindebele_042. Skipping entry.
2025-11-30 20:26:00,192 - WARNING - Speaker metadata not found for isindebele_037. Skipping entry.
2025-11-30 20:26:00,192 - WARNING - Speaker metadata not found for isindebele_048. Skipping entry.
2025-11-30 20:26:00,192 - WARNING - Speaker metadata not found for isindebele_086. Skipping entry.
2025-11-30 20:26:00,192 - WARNING - Speaker metadata not found for isindebele_040. Skipping entry.
2025-11-30 20:26:00,192 - WARNING - Speaker metadata not found for isindebele_094. Skipping entry.
2025-11-30 20:26:00,192 - WARNING - Speaker metadata not found for isindebele_035. Skipping entry.
2025-11-30 20:26:00,192 - WARNING - Speaker metadata not found for isindebele_095. Skipping entry.
2025-11-30 20:26:00,192 - WARNING - Speaker metadata not found for isindebele_010. Skipping entry.
2025-11-30 20:26:00,192 - WARNING - Speaker metadata not found for isindebele_049. Skipping entry.
2025-11-30 20:26:00,192 - WARNING - Speaker metadata not found for isindebele_010. Skipping entry.
2025-11-30 20:26:00,192 - WARNING - Speaker metadata not found for isindebele_083. Skipping entry.
2025-11-30 20:26:00,193 - WARNING - Speaker metadata not found for isindebele_061. Skipping entry.
2025-11-30 20:26:00,193 - WARNING - Speaker metadata not found for isindebele_076. Skipping entry.
2025-11-30 20:26:00,193 - WARNING - Speaker metadata not found for isindebele_094. Skipping entry.
2025-11-30 20:26:00,193 - WARNING - Speaker metadata not found for isindebele_066. Skipping entry.
2025-11-30 20:26:00,193 - WARNING - Speaker metadata not found for isindebele_068. Skipping entry.
2025-11-30 20:26:00,193 - WARNING - Speaker metadata not found for isindebele_009. Skipping entry.
2025-11-30 20:26:00,193 - WARNING - Speaker metadata not found for isindebele_017. Skipping entry.
2025-11-30 20:26:00,193 - WARNING - Speaker metadata not found for isindebele_004. Skipping entry.
2025-11-30 20:26:00,193 - WARNING - Speaker metadata not found for isindebele_025. Skipping entry.
2025-11-30 20:26:00,193 - WARNING - Speaker metadata not found for isindebele_046. Skipping entry.
2025-11-30 20:26:00,193 - WARNING - Speaker metadata not found for isindebele_039. Skipping entry.
2025-11-30 20:26:00,193 - WARNING - Speaker metadata not found for isindebele_083. Skipping entry.
2025-11-30 20:26:00,193 - WARNING - Speaker metadata not found for isindebele_048. Skipping entry.
2025-11-30 20:26:00,193 - WARNING - Speaker metadata not found for isindebele_013. Skipping entry.
2025-11-30 20:26:00,193 - WARNING - Speaker metadata not found for isindebele_014. Skipping entry.
2025-11-30 20:26:00,193 - WARNING - Speaker metadata not found for isindebele_032. Skipping entry.
2025-11-30 20:26:00,193 - WARNING - Speaker metadata not found for isindebele_093. Skipping entry.
2025-11-30 20:26:00,193 - WARNING - Speaker metadata not found for isindebele_001. Skipping entry.
2025-11-30 20:26:00,193 - WARNING - Speaker metadata not found for isindebele_008. Skipping entry.
2025-11-30 20:26:00,193 - WARNING - Speaker metadata not found for isindebele_023. Skipping entry.
2025-11-30 20:26:00,193 - WARNING - Speaker metadata not found for isindebele_008. Skipping entry.
2025-11-30 20:26:00,193 - WARNING - Speaker metadata not found for isindebele_073. Skipping entry.
2025-11-30 20:26:00,193 - WARNING - Speaker metadata not found for isindebele_084. Skipping entry.
2025-11-30 20:26:00,193 - WARNING - Speaker metadata not found for isindebele_020. Skipping entry.
2025-11-30 20:26:00,193 - WARNING - Speaker metadata not found for isindebele_064. Skipping entry.
2025-11-30 20:26:00,193 - WARNING - Speaker metadata not found for isindebele_098. Skipping entry.
2025-11-30 20:26:00,194 - WARNING - Speaker metadata not found for isindebele_026. Skipping entry.
2025-11-30 20:26:00,194 - WARNING - Speaker metadata not found for isindebele_095. Skipping entry.
2025-11-30 20:26:00,194 - WARNING - Speaker metadata not found for isindebele_034. Skipping entry.
2025-11-30 20:26:00,194 - WARNING - Speaker metadata not found for isindebele_054. Skipping entry.
2025-11-30 20:26:00,194 - WARNING - Speaker metadata not found for isindebele_050. Skipping entry.
2025-11-30 20:26:00,194 - WARNING - Speaker metadata not found for isindebele_073. Skipping entry.
2025-11-30 20:26:00,194 - WARNING - Speaker metadata not found for isindebele_069. Skipping entry.
2025-11-30 20:26:00,194 - WARNING - Speaker metadata not found for isindebele_053. Skipping entry.
2025-11-30 20:26:00,194 - WARNING - Speaker metadata not found for isindebele_018. Skipping entry.
2025-11-30 20:26:00,194 - WARNING - Speaker metadata not found for isindebele_011. Skipping entry.
2025-11-30 20:26:00,194 - WARNING - Speaker metadata not found for isindebele_008. Skipping entry.
2025-11-30 20:26:00,194 - WARNING - Speaker metadata not found for isindebele_012. Skipping entry.
2025-11-30 20:26:00,194 - WARNING - Speaker metadata not found for isindebele_091. Skipping entry.
2025-11-30 20:26:00,194 - WARNING - Speaker metadata not found for isindebele_035. Skipping entry.
2025-11-30 20:26:00,194 - WARNING - Speaker metadata not found for isindebele_094. Skipping entry.
2025-11-30 20:26:00,194 - WARNING - Speaker metadata not found for isindebele_026. Skipping entry.
2025-11-30 20:26:00,194 - WARNING - Speaker metadata not found for isindebele_086. Skipping entry.
2025-11-30 20:26:00,194 - WARNING - Speaker metadata not found for isindebele_048. Skipping entry.
2025-11-30 20:26:00,194 - WARNING - Speaker metadata not found for isindebele_065. Skipping entry.
2025-11-30 20:26:00,194 - WARNING - Speaker metadata not found for isindebele_008. Skipping entry.
2025-11-30 20:26:00,194 - WARNING - Speaker metadata not found for isindebele_054. Skipping entry.
2025-11-30 20:26:00,194 - WARNING - Speaker metadata not found for isindebele_058. Skipping entry.
2025-11-30 20:26:00,194 - WARNING - Speaker metadata not found for isindebele_070. Skipping entry.
2025-11-30 20:26:00,194 - WARNING - Speaker metadata not found for isindebele_057. Skipping entry.
2025-11-30 20:26:00,194 - WARNING - Speaker metadata not found for isindebele_007. Skipping entry.
2025-11-30 20:26:00,194 - WARNING - Speaker metadata not found for isindebele_025. Skipping entry.
2025-11-30 20:26:00,195 - WARNING - Speaker metadata not found for isindebele_051. Skipping entry.
2025-11-30 20:26:00,195 - WARNING - Speaker metadata not found for isindebele_084. Skipping entry.
2025-11-30 20:26:00,195 - WARNING - Speaker metadata not found for isindebele_036. Skipping entry.
2025-11-30 20:26:00,195 - WARNING - Speaker metadata not found for isindebele_077. Skipping entry.
2025-11-30 20:26:00,195 - WARNING - Speaker metadata not found for isindebele_030. Skipping entry.
2025-11-30 20:26:00,195 - WARNING - Speaker metadata not found for isindebele_078. Skipping entry.
2025-11-30 20:26:00,195 - WARNING - Speaker metadata not found for isindebele_037. Skipping entry.
2025-11-30 20:26:00,195 - WARNING - Speaker metadata not found for isindebele_019. Skipping entry.
2025-11-30 20:26:00,195 - WARNING - Speaker metadata not found for isindebele_018. Skipping entry.
2025-11-30 20:26:00,195 - WARNING - Speaker metadata not found for isindebele_098. Skipping entry.
2025-11-30 20:26:00,195 - WARNING - Speaker metadata not found for isindebele_072. Skipping entry.
2025-11-30 20:26:00,195 - WARNING - Speaker metadata not found for isindebele_005. Skipping entry.
2025-11-30 20:26:00,195 - WARNING - Speaker metadata not found for isindebele_072. Skipping entry.
2025-11-30 20:26:00,195 - WARNING - Speaker metadata not found for isindebele_039. Skipping entry.
2025-11-30 20:26:00,195 - WARNING - Speaker metadata not found for isindebele_081. Skipping entry.
2025-11-30 20:26:00,195 - WARNING - Speaker metadata not found for isindebele_096. Skipping entry.
2025-11-30 20:26:00,195 - WARNING - Speaker metadata not found for isindebele_016. Skipping entry.
2025-11-30 20:26:00,195 - WARNING - Speaker metadata not found for isindebele_020. Skipping entry.
2025-11-30 20:26:00,195 - WARNING - Speaker metadata not found for isindebele_061. Skipping entry.
2025-11-30 20:26:00,195 - WARNING - Speaker metadata not found for isindebele_015. Skipping entry.
2025-11-30 20:26:00,195 - WARNING - Speaker metadata not found for isindebele_090. Skipping entry.
2025-11-30 20:26:00,195 - WARNING - Speaker metadata not found for isindebele_018. Skipping entry.
2025-11-30 20:26:00,195 - WARNING - Speaker metadata not found for isindebele_011. Skipping entry.
2025-11-30 20:26:00,195 - WARNING - Speaker metadata not found for isindebele_074. Skipping entry.
2025-11-30 20:26:00,195 - WARNING - Speaker metadata not found for isindebele_089. Skipping entry.
2025-11-30 20:26:00,195 - WARNING - Speaker metadata not found for isindebele_040. Skipping entry.
2025-11-30 20:26:00,195 - WARNING - Speaker metadata not found for isindebele_081. Skipping entry.
2025-11-30 20:26:00,195 - WARNING - Speaker metadata not found for isindebele_015. Skipping entry.
2025-11-30 20:26:00,195 - WARNING - Speaker metadata not found for isindebele_037. Skipping entry.
2025-11-30 20:26:00,195 - WARNING - Speaker metadata not found for isindebele_053. Skipping entry.
2025-11-30 20:26:00,195 - WARNING - Speaker metadata not found for isindebele_030. Skipping entry.
2025-11-30 20:26:00,195 - WARNING - Speaker metadata not found for isindebele_054. Skipping entry.
2025-11-30 20:26:00,195 - WARNING - Speaker metadata not found for isindebele_096. Skipping entry.
2025-11-30 20:26:00,195 - WARNING - Speaker metadata not found for isindebele_075. Skipping entry.
2025-11-30 20:26:00,195 - WARNING - Speaker metadata not found for isindebele_043. Skipping entry.
2025-11-30 20:26:00,195 - WARNING - Speaker metadata not found for isindebele_034. Skipping entry.
2025-11-30 20:26:00,195 - WARNING - Speaker metadata not found for isindebele_046. Skipping entry.
2025-11-30 20:26:00,195 - WARNING - Speaker metadata not found for isindebele_095. Skipping entry.
2025-11-30 20:26:00,195 - WARNING - Speaker metadata not found for isindebele_050. Skipping entry.
2025-11-30 20:26:00,195 - WARNING - Speaker metadata not found for isindebele_007. Skipping entry.
2025-11-30 20:26:00,195 - WARNING - Speaker metadata not found for isindebele_094. Skipping entry.
2025-11-30 20:26:00,196 - WARNING - Speaker metadata not found for isindebele_063. Skipping entry.
2025-11-30 20:26:00,196 - WARNING - Speaker metadata not found for isindebele_045. Skipping entry.
2025-11-30 20:26:00,196 - WARNING - Speaker metadata not found for isindebele_096. Skipping entry.
2025-11-30 20:26:00,196 - WARNING - Speaker metadata not found for isindebele_044. Skipping entry.
2025-11-30 20:26:00,196 - WARNING - Speaker metadata not found for isindebele_089. Skipping entry.
2025-11-30 20:26:00,196 - WARNING - Speaker metadata not found for isindebele_064. Skipping entry.
2025-11-30 20:26:00,196 - WARNING - Speaker metadata not found for isindebele_013. Skipping entry.
2025-11-30 20:26:00,196 - WARNING - Speaker metadata not found for isindebele_065. Skipping entry.
2025-11-30 20:26:00,196 - WARNING - Speaker metadata not found for isindebele_039. Skipping entry.
2025-11-30 20:26:00,196 - WARNING - Speaker metadata not found for isindebele_079. Skipping entry.
2025-11-30 20:26:00,196 - WARNING - Speaker metadata not found for isindebele_094. Skipping entry.
2025-11-30 20:26:00,196 - WARNING - Speaker metadata not found for isindebele_063. Skipping entry.
2025-11-30 20:26:00,196 - WARNING - Speaker metadata not found for isindebele_007. Skipping entry.
2025-11-30 20:26:00,196 - WARNING - Speaker metadata not found for isindebele_082. Skipping entry.
2025-11-30 20:26:00,196 - WARNING - Speaker metadata not found for isindebele_004. Skipping entry.
2025-11-30 20:26:00,196 - WARNING - Speaker metadata not found for isindebele_006. Skipping entry.
2025-11-30 20:26:00,196 - WARNING - Speaker metadata not found for isindebele_071. Skipping entry.
2025-11-30 20:26:00,196 - WARNING - Speaker metadata not found for isindebele_085. Skipping entry.
2025-11-30 20:26:00,196 - WARNING - Speaker metadata not found for isindebele_039. Skipping entry.
2025-11-30 20:26:00,196 - WARNING - Speaker metadata not found for isindebele_056. Skipping entry.
2025-11-30 20:26:00,196 - WARNING - Speaker metadata not found for isindebele_017. Skipping entry.
2025-11-30 20:26:00,196 - WARNING - Speaker metadata not found for isindebele_006. Skipping entry.
2025-11-30 20:26:00,196 - WARNING - Speaker metadata not found for isindebele_077. Skipping entry.
2025-11-30 20:26:00,196 - WARNING - Speaker metadata not found for isindebele_004. Skipping entry.
2025-11-30 20:26:00,196 - WARNING - Speaker metadata not found for isindebele_081. Skipping entry.
2025-11-30 20:26:00,196 - WARNING - Speaker metadata not found for isindebele_059. Skipping entry.
2025-11-30 20:26:00,196 - WARNING - Speaker metadata not found for isindebele_091. Skipping entry.
2025-11-30 20:26:00,196 - WARNING - Speaker metadata not found for isindebele_056. Skipping entry.
2025-11-30 20:26:00,196 - WARNING - Speaker metadata not found for isindebele_006. Skipping entry.
2025-11-30 20:26:00,196 - WARNING - Speaker metadata not found for isindebele_087. Skipping entry.
2025-11-30 20:26:00,196 - WARNING - Speaker metadata not found for isindebele_053. Skipping entry.
2025-11-30 20:26:00,196 - WARNING - Speaker metadata not found for isindebele_086. Skipping entry.
2025-11-30 20:26:00,196 - WARNING - Speaker metadata not found for isindebele_071. Skipping entry.
2025-11-30 20:26:00,196 - WARNING - Speaker metadata not found for isindebele_096. Skipping entry.
2025-11-30 20:26:00,196 - WARNING - Speaker metadata not found for isindebele_061. Skipping entry.
2025-11-30 20:26:00,196 - WARNING - Speaker metadata not found for isindebele_011. Skipping entry.
2025-11-30 20:26:00,196 - WARNING - Speaker metadata not found for isindebele_082. Skipping entry.
2025-11-30 20:26:00,196 - WARNING - Speaker metadata not found for isindebele_086. Skipping entry.
2025-11-30 20:26:00,196 - WARNING - Speaker metadata not found for isindebele_017. Skipping entry.
2025-11-30 20:26:00,196 - WARNING - Speaker metadata not found for isindebele_007. Skipping entry.
2025-11-30 20:26:00,196 - WARNING - Speaker metadata not found for isindebele_048. Skipping entry.
2025-11-30 20:26:00,196 - WARNING - Speaker metadata not found for isindebele_038. Skipping entry.
2025-11-30 20:26:00,196 - WARNING - Speaker metadata not found for isindebele_029. Skipping entry.
2025-11-30 20:26:00,196 - WARNING - Speaker metadata not found for isindebele_011. Skipping entry.
2025-11-30 20:26:00,196 - WARNING - Speaker metadata not found for isindebele_062. Skipping entry.
2025-11-30 20:26:00,196 - WARNING - Speaker metadata not found for isindebele_090. Skipping entry.
2025-11-30 20:26:00,196 - WARNING - Speaker metadata not found for isindebele_067. Skipping entry.
2025-11-30 20:26:00,196 - WARNING - Speaker metadata not found for isindebele_092. Skipping entry.
2025-11-30 20:26:00,196 - WARNING - Speaker metadata not found for isindebele_052. Skipping entry.
2025-11-30 20:26:00,197 - WARNING - Speaker metadata not found for isindebele_029. Skipping entry.
2025-11-30 20:26:00,197 - WARNING - Speaker metadata not found for isindebele_067. Skipping entry.
